[2025-08-22 18:01:44,836 W 2777773 2777773] global_state_accessor.cc:435: Retrying to get node with node ID bc94205df74d49011f8d6f7a4663d776891a85959f30ca6791aeae9b
[2025-08-22 18:01:44,995 W 2004899 2004899] global_state_accessor.cc:435: Retrying to get node with node ID ef38f2bb59079219df96f4c35bbac7fc0d3e25b437840b9cf7d5d9c6
[2025-08-22 18:01:45,016 W 1666392 1666392] global_state_accessor.cc:435: Retrying to get node with node ID ee93f81192a246893f035f1757734181109728dba1fc2869c945fb91
[2025-08-22 18:01:45,022 W 1567850 1567850] global_state_accessor.cc:435: Retrying to get node with node ID c550f609705151412ad7c1c936075ab1e44ea0ed96fe82f9707ac320
[2025-08-22 18:01:45,024 W 2592801 2592801] global_state_accessor.cc:435: Retrying to get node with node ID 977fcb572590d33683d6bab5713914bf7a7b5b4dc3dceca7f4c2451b
[2025-08-22 18:01:45,028 W 3209317 3209317] global_state_accessor.cc:435: Retrying to get node with node ID 6db712310b35dab95d79457dbe97734cd894e14da1bee8220050de24
[2025-08-22 18:01:45,052 W 1586092 1586092] global_state_accessor.cc:435: Retrying to get node with node ID 6e39a3189f5e1e9c5169507e02881c463dcbd5af81d24452855bceba
[2025-08-22 18:01:45,081 W 1780795 1780795] global_state_accessor.cc:435: Retrying to get node with node ID a2b091bd9fa1aa411dc03b7c48c578bee22a87ab80a1cb06974111ca
[2025-08-22 18:01:45,097 W 3772389 3772389] global_state_accessor.cc:435: Retrying to get node with node ID 87fe94aa537aac0f019dc107b484719979953d3b03c2bfd3af599005
[2025-08-22 18:01:45,140 W 3210187 3210187] global_state_accessor.cc:435: Retrying to get node with node ID 8ae9c0610ab417769f4923bd060b7bb2b158089509735e44a859cff0
[2025-08-22 18:01:45,163 W 3055731 3055731] global_state_accessor.cc:435: Retrying to get node with node ID 0f86d2affa3754b1dc37032342cad817b3b21a6170d2915e3282cdce
[2025-08-22 18:01:45,169 W 2339169 2339169] global_state_accessor.cc:435: Retrying to get node with node ID c978292791c3a3096c66ba0749c355667b69429a0536de01dd257cbd
[2025-08-22 18:01:45,229 W 3651485 3651485] global_state_accessor.cc:435: Retrying to get node with node ID a0cb1ed840e4cdaccce12c4009443f947f7056b65cc2bc7082646eb9
[2025-08-22 18:01:45,271 W 1549226 1549226] global_state_accessor.cc:435: Retrying to get node with node ID b5998411f0001a84f0226cf19b9fc5093e98689e6fde2566ea3853f3
[2025-08-22 18:01:45,311 W 145377 145377] global_state_accessor.cc:435: Retrying to get node with node ID 6dd6cb3157ce26f6faa24e3cdfd27f069823976b10917be5852bb6ea
2025-08-22 18:02:20,936	INFO dashboard_sdk.py:338 -- Uploading package gcs://_ray_pkg_d5ca1b43a3b7e727.zip.
2025-08-22 18:02:20,936	INFO packaging.py:588 -- Creating a file package for local module '/home1/10913/myang13/verl'.
/var/spool/slurmd/job337768/slurm_script: line 88: [: -ne: unary operator expected
srun: Job step aborted: Waiting up to 32 seconds for job step to finish.
srun: Job step aborted: Waiting up to 32 seconds for job step to finish.
srun: Job step aborted: Waiting up to 32 seconds for job step to finish.
srun: Job step aborted: Waiting up to 32 seconds for job step to finish.
srun: Job step aborted: Waiting up to 32 seconds for job step to finish.
srun: Job step aborted: Waiting up to 32 seconds for job step to finish.
srun: Job step aborted: Waiting up to 32 seconds for job step to finish.
srun: Job step aborted: Waiting up to 32 seconds for job step to finish.
srun: Job step aborted: Waiting up to 32 seconds for job step to finish.
srun: Job step aborted: Waiting up to 32 seconds for job step to finish.
srun: Job step aborted: Waiting up to 32 seconds for job step to finish.
srun: Job step aborted: Waiting up to 32 seconds for job step to finish.
srun: Job step aborted: Waiting up to 32 seconds for job step to finish.
srun: Job step aborted: Waiting up to 32 seconds for job step to finish.
srun: Job step aborted: Waiting up to 32 seconds for job step to finish.
srun: Job step aborted: Waiting up to 32 seconds for job step to finish.
slurmstepd: error: *** STEP 337768.6 ON c613-121 CANCELLED AT 2025-08-22T18:03:18 ***
slurmstepd: error: *** STEP 337768.2 ON c613-091 CANCELLED AT 2025-08-22T18:03:18 ***
slurmstepd: error: *** STEP 337768.3 ON c613-102 CANCELLED AT 2025-08-22T18:03:18 ***
slurmstepd: error: *** STEP 337768.5 ON c613-152 CANCELLED AT 2025-08-22T18:03:18 ***
slurmstepd: error: *** STEP 337768.16 ON c613-112 CANCELLED AT 2025-08-22T18:03:18 ***
slurmstepd: error: *** STEP 337768.8 ON c613-101 CANCELLED AT 2025-08-22T18:03:18 ***
slurmstepd: error: *** STEP 337768.13 ON c613-092 CANCELLED AT 2025-08-22T18:03:18 ***
slurmstepd: error: *** STEP 337768.10 ON c619-001 CANCELLED AT 2025-08-22T18:03:18 ***
slurmstepd: error: *** STEP 337768.14 ON c613-141 CANCELLED AT 2025-08-22T18:03:18 ***
slurmstepd: error: *** STEP 337768.11 ON c613-151 CANCELLED AT 2025-08-22T18:03:18 ***
slurmstepd: error: *** STEP 337768.9 ON c613-132 CANCELLED AT 2025-08-22T18:03:18 ***
slurmstepd: error: *** STEP 337768.15 ON c613-122 CANCELLED AT 2025-08-22T18:03:18 ***
slurmstepd: error: *** STEP 337768.4 ON c613-142 CANCELLED AT 2025-08-22T18:03:18 ***
slurmstepd: error: *** STEP 337768.12 ON c613-131 CANCELLED AT 2025-08-22T18:03:18 ***
srun: got SIGCONT
srun: got SIGCONT
srun: got SIGCONT
srun: got SIGCONT
srun: got SIGCONT
srun: got SIGCONT
srun: got SIGCONT
srun: got SIGCONT
srun: got SIGCONT
srun: got SIGCONT
srun: got SIGCONT
srun: got SIGCONT
srun: got SIGCONT
srun: got SIGCONT
srun: got SIGCONT
srun: got SIGCONT
slurmstepd: error: *** STEP 337768.7 ON c613-111 CANCELLED AT 2025-08-22T18:03:18 ***
slurmstepd: error: *** JOB 337768 ON c613-082 CANCELLED AT 2025-08-22T18:03:18 ***
srun: forcing job termination
srun: forcing job termination
srun: forcing job termination
srun: forcing job termination
srun: forcing job termination
srun: forcing job termination
srun: forcing job termination
srun: forcing job termination
srun: forcing job termination
srun: forcing job termination
srun: forcing job termination
srun: forcing job termination
srun: forcing job termination
srun: forcing job termination
srun: forcing job termination
srun: forcing job termination
slurmstepd: error: *** STEP 337768.1 ON c613-082 CANCELLED AT 2025-08-22T18:03:18 ***
srun: error: c613-121: task 0: Exited with exit code 1
srun: error: c613-112: task 0: Exited with exit code 1
srun: error: c613-111: task 0: Exited with exit code 1
srun: error: c613-092: task 0: Exited with exit code 1
srun: error: c613-102: task 0: Exited with exit code 1
srun: error: c613-141: task 0: Exited with exit code 1
srun: error: c613-152: task 0: Exited with exit code 1
srun: error: c613-132: task 0: Exited with exit code 1
srun: error: c613-101: task 0: Exited with exit code 1
srun: error: c613-091: task 0: Exited with exit code 1
srun: error: c613-122: task 0: Exited with exit code 1
srun: error: c613-151: task 0: Exited with exit code 1
srun: error: c613-131: task 0: Exited with exit code 1
srun: error: c619-001: task 0: Exited with exit code 1
srun: error: c613-142: task 0: Exited with exit code 1
srun: error: c613-082: task 0: Exited with exit code 1
