Running on nodes: c613-[082,091-092,101-102,111-112,121-122,131-132,141-142,151-152],c619-001
Job ID: 337768
--------------------
Head Node: c613-082
Head Node IP: 129.114.17.177
Worker Nodes: c613-091 c613-092 c613-101 c613-102 c613-111 c613-112 c613-121 c613-122 c613-131 c613-132 c613-141 c613-142 c613-151 c613-152 c619-001
--------------------
Starting Ray head node on c613-082...
Ray head node PID: 3928408
2025-08-22 18:01:29,929	INFO usage_lib.py:467 -- Usage stats collection is enabled by default without user confirmation because this terminal is detected to be non-interactive. To disable this, add `--disable-usage-stats` to the command that starts the cluster, or run the following command: `ray disable-usage-stats` before starting the cluster. See https://docs.ray.io/en/master/cluster/usage-stats.html for more details.
2025-08-22 18:01:29,929	INFO scripts.py:913 -- [37mLocal node IP[39m: [1m129.114.17.177[22m
2025-08-22 18:01:32,449	SUCC scripts.py:949 -- [32m--------------------[39m
2025-08-22 18:01:32,449	SUCC scripts.py:950 -- [32mRay runtime started.[39m
2025-08-22 18:01:32,449	SUCC scripts.py:951 -- [32m--------------------[39m
2025-08-22 18:01:32,449	INFO scripts.py:953 -- [36mNext steps[39m
2025-08-22 18:01:32,449	INFO scripts.py:956 -- To add another node to this Ray cluster, run
2025-08-22 18:01:32,449	INFO scripts.py:959 -- [1m  ray start --address='129.114.17.177:6379'[22m
2025-08-22 18:01:32,449	INFO scripts.py:968 -- To connect to this Ray cluster:
2025-08-22 18:01:32,449	INFO scripts.py:970 -- [35mimport[39m[26m ray
2025-08-22 18:01:32,449	INFO scripts.py:971 -- ray[35m.[39m[26minit(_node_ip_address[35m=[39m[26m[33m'129.114.17.177'[39m[26m)
2025-08-22 18:01:32,449	INFO scripts.py:983 -- To submit a Ray job using the Ray Jobs CLI:
2025-08-22 18:01:32,449	INFO scripts.py:984 -- [1m  RAY_ADDRESS='http://129.114.17.177:8265' ray job submit --working-dir . -- python my_script.py[22m
2025-08-22 18:01:32,449	INFO scripts.py:993 -- See https://docs.ray.io/en/latest/cluster/running-applications/job-submission/index.html 
2025-08-22 18:01:32,449	INFO scripts.py:997 -- for more information on submitting Ray jobs to the Ray cluster.
2025-08-22 18:01:32,449	INFO scripts.py:1002 -- To terminate the Ray runtime, run
2025-08-22 18:01:32,450	INFO scripts.py:1003 -- [1m  ray stop[22m
2025-08-22 18:01:32,450	INFO scripts.py:1006 -- To view the status of the cluster, use
2025-08-22 18:01:32,450	INFO scripts.py:1007 --   [1mray status[22m[26m
2025-08-22 18:01:32,450	INFO scripts.py:1011 -- To monitor and debug Ray, view the dashboard at 
2025-08-22 18:01:32,450	INFO scripts.py:1012 --   [1m129.114.17.177:8265[22m[26m
2025-08-22 18:01:32,450	INFO scripts.py:1019 -- [4mIf connection to the dashboard fails, check your firewall settings and network configuration.[24m
2025-08-22 18:01:32,450	INFO scripts.py:1123 -- [36m[1m--block[22m[39m
2025-08-22 18:01:32,450	INFO scripts.py:1124 -- This command will now block forever until terminated by a signal.
2025-08-22 18:01:32,450	INFO scripts.py:1127 -- Running subprocesses are monitored and a message will be printed if any of them terminate unexpectedly. Subprocesses exit with SIGTERM will be treated as graceful, thus NOT reported.
Starting Ray worker nodes...
Starting worker on c613-091
Starting worker on c613-092
Starting worker on c613-101
Starting worker on c613-102
Starting worker on c613-111
Starting worker on c613-112
Starting worker on c613-121
Starting worker on c613-122
Starting worker on c613-131
Starting worker on c613-132
Starting worker on c613-141
Starting worker on c613-142
Starting worker on c613-151
Starting worker on c613-152
Starting worker on c619-001
Ray worker PIDs: 3929385 3929386 3929387 3929388 3929389 3929390 3929391 3929392 3929393 3929394 3929395 3929396 3929397 3929398 3929399
Waiting for cluster to form completely...
2025-08-22 18:01:44,608	INFO scripts.py:1094 -- [37mLocal node IP[39m: [1m129.114.17.178[22m
2025-08-22 18:01:45,838	SUCC scripts.py:1110 -- [32m--------------------[39m
2025-08-22 18:01:45,838	SUCC scripts.py:1111 -- [32mRay runtime started.[39m
2025-08-22 18:01:45,838	SUCC scripts.py:1112 -- [32m--------------------[39m
2025-08-22 18:01:45,838	INFO scripts.py:1114 -- To terminate the Ray runtime, run
2025-08-22 18:01:45,838	INFO scripts.py:1115 -- [1m  ray stop[22m
2025-08-22 18:01:45,838	INFO scripts.py:1123 -- [36m[1m--block[22m[39m
2025-08-22 18:01:45,838	INFO scripts.py:1124 -- This command will now block forever until terminated by a signal.
2025-08-22 18:01:45,838	INFO scripts.py:1127 -- Running subprocesses are monitored and a message will be printed if any of them terminate unexpectedly. Subprocesses exit with SIGTERM will be treated as graceful, thus NOT reported.
2025-08-22 18:01:44,764	INFO scripts.py:1094 -- [37mLocal node IP[39m: [1m129.114.17.192[22m
2025-08-22 18:01:45,997	SUCC scripts.py:1110 -- [32m--------------------[39m
2025-08-22 18:01:45,997	SUCC scripts.py:1111 -- [32mRay runtime started.[39m
2025-08-22 18:01:45,997	SUCC scripts.py:1112 -- [32m--------------------[39m
2025-08-22 18:01:45,997	INFO scripts.py:1114 -- To terminate the Ray runtime, run
2025-08-22 18:01:45,997	INFO scripts.py:1115 -- [1m  ray stop[22m
2025-08-22 18:01:45,997	INFO scripts.py:1123 -- [36m[1m--block[22m[39m
2025-08-22 18:01:45,997	INFO scripts.py:1124 -- This command will now block forever until terminated by a signal.
2025-08-22 18:01:45,997	INFO scripts.py:1127 -- Running subprocesses are monitored and a message will be printed if any of them terminate unexpectedly. Subprocesses exit with SIGTERM will be treated as graceful, thus NOT reported.
2025-08-22 18:01:44,808	INFO scripts.py:1094 -- [37mLocal node IP[39m: [1m129.114.17.184[22m
2025-08-22 18:01:46,069	SUCC scripts.py:1110 -- [32m--------------------[39m
2025-08-22 18:01:46,069	SUCC scripts.py:1111 -- [32mRay runtime started.[39m
2025-08-22 18:01:46,069	SUCC scripts.py:1112 -- [32m--------------------[39m
2025-08-22 18:01:46,069	INFO scripts.py:1114 -- To terminate the Ray runtime, run
2025-08-22 18:01:46,069	INFO scripts.py:1115 -- [1m  ray stop[22m
2025-08-22 18:01:44,787	INFO scripts.py:1094 -- [37mLocal node IP[39m: [1m129.114.17.180[22m
2025-08-22 18:01:46,069	SUCC scripts.py:1110 -- [32m--------------------[39m
2025-08-22 18:01:46,069	SUCC scripts.py:1111 -- [32mRay runtime started.[39m
2025-08-22 18:01:46,069	SUCC scripts.py:1112 -- [32m--------------------[39m
2025-08-22 18:01:46,069	INFO scripts.py:1114 -- To terminate the Ray runtime, run
2025-08-22 18:01:46,069	INFO scripts.py:1115 -- [1m  ray stop[22m
2025-08-22 18:01:44,786	INFO scripts.py:1094 -- [37mLocal node IP[39m: [1m129.114.17.189[22m
2025-08-22 18:01:46,069	SUCC scripts.py:1110 -- [32m--------------------[39m
2025-08-22 18:01:46,069	SUCC scripts.py:1111 -- [32mRay runtime started.[39m
2025-08-22 18:01:46,069	SUCC scripts.py:1112 -- [32m--------------------[39m
2025-08-22 18:01:44,787	INFO scripts.py:1094 -- [37mLocal node IP[39m: [1m129.114.17.190[22m
2025-08-22 18:01:46,069	INFO scripts.py:1114 -- To terminate the Ray runtime, run
2025-08-22 18:01:44,786	INFO scripts.py:1094 -- [37mLocal node IP[39m: [1m129.114.17.187[22m
2025-08-22 18:01:46,069	SUCC scripts.py:1110 -- [32m--------------------[39m
2025-08-22 18:01:46,069	INFO scripts.py:1115 -- [1m  ray stop[22m
2025-08-22 18:01:46,069	SUCC scripts.py:1110 -- [32m--------------------[39m
2025-08-22 18:01:46,069	SUCC scripts.py:1111 -- [32mRay runtime started.[39m
2025-08-22 18:01:46,069	SUCC scripts.py:1111 -- [32mRay runtime started.[39m
2025-08-22 18:01:46,069	SUCC scripts.py:1112 -- [32m--------------------[39m
2025-08-22 18:01:46,069	SUCC scripts.py:1112 -- [32m--------------------[39m
2025-08-22 18:01:46,069	INFO scripts.py:1114 -- To terminate the Ray runtime, run
2025-08-22 18:01:46,069	INFO scripts.py:1114 -- To terminate the Ray runtime, run
2025-08-22 18:01:46,069	INFO scripts.py:1115 -- [1m  ray stop[22m
2025-08-22 18:01:46,069	INFO scripts.py:1115 -- [1m  ray stop[22m
2025-08-22 18:01:46,070	INFO scripts.py:1123 -- [36m[1m--block[22m[39m
2025-08-22 18:01:46,070	INFO scripts.py:1124 -- This command will now block forever until terminated by a signal.
2025-08-22 18:01:46,070	INFO scripts.py:1127 -- Running subprocesses are monitored and a message will be printed if any of them terminate unexpectedly. Subprocesses exit with SIGTERM will be treated as graceful, thus NOT reported.
2025-08-22 18:01:46,069	INFO scripts.py:1123 -- [36m[1m--block[22m[39m
2025-08-22 18:01:46,069	INFO scripts.py:1124 -- This command will now block forever until terminated by a signal.
2025-08-22 18:01:46,069	INFO scripts.py:1127 -- Running subprocesses are monitored and a message will be printed if any of them terminate unexpectedly. Subprocesses exit with SIGTERM will be treated as graceful, thus NOT reported.
2025-08-22 18:01:46,069	INFO scripts.py:1123 -- [36m[1m--block[22m[39m
2025-08-22 18:01:46,069	INFO scripts.py:1123 -- [36m[1m--block[22m[39m
2025-08-22 18:01:46,069	INFO scripts.py:1124 -- This command will now block forever until terminated by a signal.
2025-08-22 18:01:46,069	INFO scripts.py:1124 -- This command will now block forever until terminated by a signal.
2025-08-22 18:01:46,069	INFO scripts.py:1127 -- Running subprocesses are monitored and a message will be printed if any of them terminate unexpectedly. Subprocesses exit with SIGTERM will be treated as graceful, thus NOT reported.
2025-08-22 18:01:46,069	INFO scripts.py:1127 -- Running subprocesses are monitored and a message will be printed if any of them terminate unexpectedly. Subprocesses exit with SIGTERM will be treated as graceful, thus NOT reported.
2025-08-22 18:01:46,069	INFO scripts.py:1123 -- [36m[1m--block[22m[39m
2025-08-22 18:01:46,069	INFO scripts.py:1124 -- This command will now block forever until terminated by a signal.
2025-08-22 18:01:46,069	INFO scripts.py:1127 -- Running subprocesses are monitored and a message will be printed if any of them terminate unexpectedly. Subprocesses exit with SIGTERM will be treated as graceful, thus NOT reported.
2025-08-22 18:01:44,840	INFO scripts.py:1094 -- [37mLocal node IP[39m: [1m129.114.17.181[22m
2025-08-22 18:01:46,083	SUCC scripts.py:1110 -- [32m--------------------[39m
2025-08-22 18:01:46,083	SUCC scripts.py:1111 -- [32mRay runtime started.[39m
2025-08-22 18:01:46,083	SUCC scripts.py:1112 -- [32m--------------------[39m
2025-08-22 18:01:46,083	INFO scripts.py:1114 -- To terminate the Ray runtime, run
2025-08-22 18:01:46,083	INFO scripts.py:1115 -- [1m  ray stop[22m
2025-08-22 18:01:46,083	INFO scripts.py:1123 -- [36m[1m--block[22m[39m
2025-08-22 18:01:46,083	INFO scripts.py:1124 -- This command will now block forever until terminated by a signal.
2025-08-22 18:01:46,083	INFO scripts.py:1127 -- Running subprocesses are monitored and a message will be printed if any of them terminate unexpectedly. Subprocesses exit with SIGTERM will be treated as graceful, thus NOT reported.
2025-08-22 18:01:44,849	INFO scripts.py:1094 -- [37mLocal node IP[39m: [1m129.114.17.188[22m
2025-08-22 18:01:46,098	SUCC scripts.py:1110 -- [32m--------------------[39m
2025-08-22 18:01:46,098	SUCC scripts.py:1111 -- [32mRay runtime started.[39m
2025-08-22 18:01:46,098	SUCC scripts.py:1112 -- [32m--------------------[39m
2025-08-22 18:01:46,098	INFO scripts.py:1114 -- To terminate the Ray runtime, run
2025-08-22 18:01:46,098	INFO scripts.py:1115 -- [1m  ray stop[22m
2025-08-22 18:01:46,099	INFO scripts.py:1123 -- [36m[1m--block[22m[39m
2025-08-22 18:01:46,099	INFO scripts.py:1124 -- This command will now block forever until terminated by a signal.
2025-08-22 18:01:46,099	INFO scripts.py:1127 -- Running subprocesses are monitored and a message will be printed if any of them terminate unexpectedly. Subprocesses exit with SIGTERM will be treated as graceful, thus NOT reported.
2025-08-22 18:01:44,892	INFO scripts.py:1094 -- [37mLocal node IP[39m: [1m129.114.17.186[22m
2025-08-22 18:01:46,141	SUCC scripts.py:1110 -- [32m--------------------[39m
2025-08-22 18:01:46,141	SUCC scripts.py:1111 -- [32mRay runtime started.[39m
2025-08-22 18:01:46,141	SUCC scripts.py:1112 -- [32m--------------------[39m
2025-08-22 18:01:46,141	INFO scripts.py:1114 -- To terminate the Ray runtime, run
2025-08-22 18:01:46,141	INFO scripts.py:1115 -- [1m  ray stop[22m
2025-08-22 18:01:46,142	INFO scripts.py:1123 -- [36m[1m--block[22m[39m
2025-08-22 18:01:46,142	INFO scripts.py:1124 -- This command will now block forever until terminated by a signal.
2025-08-22 18:01:46,142	INFO scripts.py:1127 -- Running subprocesses are monitored and a message will be printed if any of them terminate unexpectedly. Subprocesses exit with SIGTERM will be treated as graceful, thus NOT reported.
2025-08-22 18:01:44,905	INFO scripts.py:1094 -- [37mLocal node IP[39m: [1m129.114.17.183[22m
2025-08-22 18:01:46,165	SUCC scripts.py:1110 -- [32m--------------------[39m
2025-08-22 18:01:46,165	SUCC scripts.py:1111 -- [32mRay runtime started.[39m
2025-08-22 18:01:46,165	SUCC scripts.py:1112 -- [32m--------------------[39m
2025-08-22 18:01:46,165	INFO scripts.py:1114 -- To terminate the Ray runtime, run
2025-08-22 18:01:46,165	INFO scripts.py:1115 -- [1m  ray stop[22m
2025-08-22 18:01:46,165	INFO scripts.py:1123 -- [36m[1m--block[22m[39m
2025-08-22 18:01:46,165	INFO scripts.py:1124 -- This command will now block forever until terminated by a signal.
2025-08-22 18:01:46,165	INFO scripts.py:1127 -- Running subprocesses are monitored and a message will be printed if any of them terminate unexpectedly. Subprocesses exit with SIGTERM will be treated as graceful, thus NOT reported.
2025-08-22 18:01:44,886	INFO scripts.py:1094 -- [37mLocal node IP[39m: [1m129.114.17.182[22m
2025-08-22 18:01:46,170	SUCC scripts.py:1110 -- [32m--------------------[39m
2025-08-22 18:01:46,170	SUCC scripts.py:1111 -- [32mRay runtime started.[39m
2025-08-22 18:01:46,170	SUCC scripts.py:1112 -- [32m--------------------[39m
2025-08-22 18:01:46,170	INFO scripts.py:1114 -- To terminate the Ray runtime, run
2025-08-22 18:01:46,170	INFO scripts.py:1115 -- [1m  ray stop[22m
2025-08-22 18:01:46,171	INFO scripts.py:1123 -- [36m[1m--block[22m[39m
2025-08-22 18:01:46,171	INFO scripts.py:1124 -- This command will now block forever until terminated by a signal.
2025-08-22 18:01:46,171	INFO scripts.py:1127 -- Running subprocesses are monitored and a message will be printed if any of them terminate unexpectedly. Subprocesses exit with SIGTERM will be treated as graceful, thus NOT reported.
2025-08-22 18:01:44,905	INFO scripts.py:1094 -- [37mLocal node IP[39m: [1m129.114.17.191[22m
2025-08-22 18:01:46,231	SUCC scripts.py:1110 -- [32m--------------------[39m
2025-08-22 18:01:46,231	SUCC scripts.py:1111 -- [32mRay runtime started.[39m
2025-08-22 18:01:46,231	SUCC scripts.py:1112 -- [32m--------------------[39m
2025-08-22 18:01:46,231	INFO scripts.py:1114 -- To terminate the Ray runtime, run
2025-08-22 18:01:46,231	INFO scripts.py:1115 -- [1m  ray stop[22m
2025-08-22 18:01:46,231	INFO scripts.py:1123 -- [36m[1m--block[22m[39m
2025-08-22 18:01:46,231	INFO scripts.py:1124 -- This command will now block forever until terminated by a signal.
2025-08-22 18:01:46,231	INFO scripts.py:1127 -- Running subprocesses are monitored and a message will be printed if any of them terminate unexpectedly. Subprocesses exit with SIGTERM will be treated as graceful, thus NOT reported.
2025-08-22 18:01:45,016	INFO scripts.py:1094 -- [37mLocal node IP[39m: [1m129.114.17.179[22m
2025-08-22 18:01:46,272	SUCC scripts.py:1110 -- [32m--------------------[39m
2025-08-22 18:01:46,273	SUCC scripts.py:1111 -- [32mRay runtime started.[39m
2025-08-22 18:01:46,273	SUCC scripts.py:1112 -- [32m--------------------[39m
2025-08-22 18:01:46,273	INFO scripts.py:1114 -- To terminate the Ray runtime, run
2025-08-22 18:01:46,273	INFO scripts.py:1115 -- [1m  ray stop[22m
2025-08-22 18:01:46,273	INFO scripts.py:1123 -- [36m[1m--block[22m[39m
2025-08-22 18:01:46,273	INFO scripts.py:1124 -- This command will now block forever until terminated by a signal.
2025-08-22 18:01:46,273	INFO scripts.py:1127 -- Running subprocesses are monitored and a message will be printed if any of them terminate unexpectedly. Subprocesses exit with SIGTERM will be treated as graceful, thus NOT reported.
2025-08-22 18:01:45,044	INFO scripts.py:1094 -- [37mLocal node IP[39m: [1m129.114.17.185[22m
2025-08-22 18:01:46,313	SUCC scripts.py:1110 -- [32m--------------------[39m
2025-08-22 18:01:46,313	SUCC scripts.py:1111 -- [32mRay runtime started.[39m
2025-08-22 18:01:46,313	SUCC scripts.py:1112 -- [32m--------------------[39m
2025-08-22 18:01:46,313	INFO scripts.py:1114 -- To terminate the Ray runtime, run
2025-08-22 18:01:46,313	INFO scripts.py:1115 -- [1m  ray stop[22m
2025-08-22 18:01:46,313	INFO scripts.py:1123 -- [36m[1m--block[22m[39m
2025-08-22 18:01:46,314	INFO scripts.py:1124 -- This command will now block forever until terminated by a signal.
2025-08-22 18:01:46,314	INFO scripts.py:1127 -- Running subprocesses are monitored and a message will be printed if any of them terminate unexpectedly. Subprocesses exit with SIGTERM will be treated as graceful, thus NOT reported.
Checking Ray cluster status...
======== Autoscaler status: 2025-08-22 18:02:00.697918 ========
Node status
---------------------------------------------------------------
Active:
 1 node_bc94205df74d49011f8d6f7a4663d776891a85959f30ca6791aeae9b
 1 node_c550f609705151412ad7c1c936075ab1e44ea0ed96fe82f9707ac320
 1 node_8ae9c0610ab417769f4923bd060b7bb2b158089509735e44a859cff0
 1 node_87fe94aa537aac0f019dc107b484719979953d3b03c2bfd3af599005
 1 node_b5998411f0001a84f0226cf19b9fc5093e98689e6fde2566ea3853f3
 1 node_ef38f2bb59079219df96f4c35bbac7fc0d3e25b437840b9cf7d5d9c6
 1 node_ee93f81192a246893f035f1757734181109728dba1fc2869c945fb91
 1 node_a0cb1ed840e4cdaccce12c4009443f947f7056b65cc2bc7082646eb9
 1 node_a2b091bd9fa1aa411dc03b7c48c578bee22a87ab80a1cb06974111ca
 1 node_0f86d2affa3754b1dc37032342cad817b3b21a6170d2915e3282cdce
 1 node_c978292791c3a3096c66ba0749c355667b69429a0536de01dd257cbd
 1 node_6db712310b35dab95d79457dbe97734cd894e14da1bee8220050de24
 1 node_4f9500c16ce15e94a6075dd2e9404e7b70f75f99d3152d2ec52d11c2
 1 node_977fcb572590d33683d6bab5713914bf7a7b5b4dc3dceca7f4c2451b
 1 node_6e39a3189f5e1e9c5169507e02881c463dcbd5af81d24452855bceba
 1 node_6dd6cb3157ce26f6faa24e3cdfd27f069823976b10917be5852bb6ea
Pending:
 (no pending nodes)
Recent failures:
 (no failures)

Resources
---------------------------------------------------------------
Total Usage:
 0.0/1152.0 CPU
 0.0/16.0 GPU
 0B/2.34TiB memory
 0B/894.90GiB object_store_memory

Total Constraints:
 (no request_resources() constraints)
Total Demands:
 (no resource demands)
Submitting Ray job: /home1/10913/myang13/verl/eft/grpo/grpo_16k.sh from /home1/10913/myang13/verl
2025-08-22 18:02:09,046	INFO cli.py:41 -- [37mJob submission server address[39m: [1mhttp://129.114.17.177:8265[22m
2025-08-22 18:02:23,781	SUCC cli.py:65 -- [32m-------------------------------------------------------[39m
2025-08-22 18:02:23,781	SUCC cli.py:66 -- [32mJob 'raysubmit_wrh4LLGqsErS3jtD' submitted successfully[39m
2025-08-22 18:02:23,781	SUCC cli.py:67 -- [32m-------------------------------------------------------[39m
2025-08-22 18:02:23,781	INFO cli.py:291 -- [36mNext steps[39m
2025-08-22 18:02:23,782	INFO cli.py:292 -- Query the logs of the job:
2025-08-22 18:02:23,782	INFO cli.py:294 -- [1mray job logs raysubmit_wrh4LLGqsErS3jtD[22m
2025-08-22 18:02:23,782	INFO cli.py:296 -- Query the status of the job:
2025-08-22 18:02:23,782	INFO cli.py:298 -- [1mray job status raysubmit_wrh4LLGqsErS3jtD[22m
2025-08-22 18:02:23,782	INFO cli.py:300 -- Request the job to be stopped:
2025-08-22 18:02:23,782	INFO cli.py:302 -- [1mray job stop raysubmit_wrh4LLGqsErS3jtD[22m
Ray job submission command executed successfully (exit status 0).
Use 'ray job list' or the dashboard http://129.114.17.177:8265 to check job status.
Ray cluster is running.
Slurm job will remain active until Ray processes finish or time limit is reached.
