[2025-08-22 16:25:51,430 W 2754321 2754321] global_state_accessor.cc:435: Retrying to get node with node ID 5d3668d35dca19b57743bcb2d63ddb2805df3dadf940e48ccf31b6be
[2025-08-22 16:25:51,565 W 1544018 1544018] global_state_accessor.cc:435: Retrying to get node with node ID 5fd6da29c5bf679aba11455436d0364168b0b19335e9617f90d4f033
[2025-08-22 16:25:51,571 W 3185488 3185488] global_state_accessor.cc:435: Retrying to get node with node ID 71bea4176da38f770329674d62998c9596784a887818d7b93ec3e3d8
[2025-08-22 16:25:51,583 W 2568975 2568975] global_state_accessor.cc:435: Retrying to get node with node ID 5fadda7df0d97499eb97bca86dd2cfb79e29a22ae66dd566ba78ec04
[2025-08-22 16:25:51,587 W 3748577 3748577] global_state_accessor.cc:435: Retrying to get node with node ID 072b32784486198a7a8f742af3f33f4463f6010f4507d8f7fbbf3f33
[2025-08-22 16:25:51,614 W 3186007 3186007] global_state_accessor.cc:435: Retrying to get node with node ID aa5b1475cf40562931902e952f39a97d0acbf56a78048c196079b4c5
[2025-08-22 16:25:51,624 W 1562298 1562298] global_state_accessor.cc:435: Retrying to get node with node ID 8dec0310eeb7d0d9f0003808c03439bee550eba54d0d404d620d37a2
[2025-08-22 16:25:51,656 W 2315355 2315355] global_state_accessor.cc:435: Retrying to get node with node ID 9bd3adbdfa996443a11d06d741d4d87349c7aca0052f03effa268b90
[2025-08-22 16:25:51,664 W 3031935 3031935] global_state_accessor.cc:435: Retrying to get node with node ID 0913f9ef7dbd0b38af8b22b239053faeaad001e7e44624a8502cdef6
[2025-08-22 16:25:51,664 W 1756944 1756944] global_state_accessor.cc:435: Retrying to get node with node ID feb9b49e4c07270b9ef40cca7e76c9fa2cae7f603ab029df46d2351b
[2025-08-22 16:25:51,699 W 1642825 1642825] global_state_accessor.cc:435: Retrying to get node with node ID 842ecdba4f206209f050109a03bf4edf35f1f75684282bf277df7c2e
[2025-08-22 16:25:51,734 W 1981004 1981004] global_state_accessor.cc:435: Retrying to get node with node ID 84658056ada9e749772f5e7d9e216d6357aac98d3c422a4d341d8d04
[2025-08-22 16:25:51,861 W 3627690 3627690] global_state_accessor.cc:435: Retrying to get node with node ID b86e6bbd07712768b32fbe84148d4384330e81cb7417b862ed906b2a
[2025-08-22 16:25:51,867 W 1525625 1525625] global_state_accessor.cc:435: Retrying to get node with node ID a898ded6a4995d40c1a0b04727bf4e89b7491043672afe7536907a86
[2025-08-22 16:25:51,876 W 121554 121554] global_state_accessor.cc:435: Retrying to get node with node ID c9b5d394cf82344125553e7f0d1b95b982a2e5e1a50f89e9e0a06b61
2025-08-22 16:26:18,264	INFO dashboard_sdk.py:338 -- Uploading package gcs://_ray_pkg_b4a608786b5a2552.zip.
2025-08-22 16:26:18,265	INFO packaging.py:588 -- Creating a file package for local module '/home1/10913/myang13/verl'.
/var/spool/slurmd/job337711/slurm_script: line 88: [: -ne: unary operator expected
srun: Job step aborted: Waiting up to 32 seconds for job step to finish.
srun: Job step aborted: Waiting up to 32 seconds for job step to finish.
srun: Job step aborted: Waiting up to 32 seconds for job step to finish.
srun: Job step aborted: Waiting up to 32 seconds for job step to finish.
srun: Job step aborted: Waiting up to 32 seconds for job step to finish.
srun: Job step aborted: Waiting up to 32 seconds for job step to finish.
srun: Job step aborted: Waiting up to 32 seconds for job step to finish.
srun: Job step aborted: Waiting up to 32 seconds for job step to finish.
srun: Job step aborted: Waiting up to 32 seconds for job step to finish.
srun: Job step aborted: Waiting up to 32 seconds for job step to finish.
srun: Job step aborted: Waiting up to 32 seconds for job step to finish.
srun: Job step aborted: Waiting up to 32 seconds for job step to finish.
srun: Job step aborted: Waiting up to 32 seconds for job step to finish.
srun: Job step aborted: Waiting up to 32 seconds for job step to finish.
srun: Job step aborted: Waiting up to 32 seconds for job step to finish.
srun: Job step aborted: Waiting up to 32 seconds for job step to finish.
slurmstepd: error: *** STEP 337711.14 ON c619-001 CANCELLED AT 2025-08-22T16:49:49 ***
slurmstepd: error: *** STEP 337711.15 ON c613-101 CANCELLED AT 2025-08-22T16:49:49 ***
slurmstepd: error: *** STEP 337711.3 ON c613-112 CANCELLED AT 2025-08-22T16:49:49 ***
slurmstepd: error: *** STEP 337711.5 ON c613-111 CANCELLED AT 2025-08-22T16:49:49 ***
slurmstepd: error: *** STEP 337711.2 ON c613-092 CANCELLED AT 2025-08-22T16:49:49 ***
slurmstepd: error: *** STEP 337711.7 ON c613-142 CANCELLED AT 2025-08-22T16:49:49 ***
slurmstepd: error: *** STEP 337711.12 ON c613-121 CANCELLED AT 2025-08-22T16:49:49 ***
slurmstepd: error: *** STEP 337711.10 ON c613-091 CANCELLED AT 2025-08-22T16:49:49 ***
slurmstepd: error: *** STEP 337711.4 ON c613-102 CANCELLED AT 2025-08-22T16:49:49 ***
slurmstepd: error: *** STEP 337711.13 ON c613-132 CANCELLED AT 2025-08-22T16:49:49 ***
slurmstepd: error: *** STEP 337711.11 ON c613-131 CANCELLED AT 2025-08-22T16:49:49 ***
slurmstepd: error: *** STEP 337711.6 ON c613-141 CANCELLED AT 2025-08-22T16:49:49 ***
slurmstepd: error: *** STEP 337711.9 ON c613-151 CANCELLED AT 2025-08-22T16:49:49 ***
slurmstepd: error: *** STEP 337711.8 ON c613-152 CANCELLED AT 2025-08-22T16:49:49 ***
slurmstepd: error: *** STEP 337711.16 ON c613-122 CANCELLED AT 2025-08-22T16:49:49 ***
srun: got SIGCONT
srun: got SIGCONT
srun: got SIGCONT
srun: got SIGCONT
srun: got SIGCONT
srun: got SIGCONT
srun: got SIGCONT
srun: got SIGCONT
srun: got SIGCONT
srun: got SIGCONT
srun: got SIGCONT
srun: got SIGCONT
srun: got SIGCONT
srun: got SIGCONT
srun: got SIGCONT
srun: got SIGCONT
slurmstepd: error: *** STEP 337711.1 ON c613-082 CANCELLED AT 2025-08-22T16:49:49 ***
slurmstepd: error: *** JOB 337711 ON c613-082 CANCELLED AT 2025-08-22T16:49:49 ***
srun: forcing job termination
srun: forcing job termination
srun: forcing job termination
srun: forcing job termination
srun: forcing job termination
srun: forcing job termination
srun: forcing job termination
srun: forcing job termination
srun: forcing job termination
srun: forcing job termination
srun: forcing job termination
srun: forcing job termination
srun: forcing job termination
srun: forcing job termination
srun: forcing job termination
srun: forcing job termination
srun: error: c613-121: task 0: Exited with exit code 1
srun: error: c613-151: task 0: Exited with exit code 1
srun: error: c613-112: task 0: Exited with exit code 1
srun: error: c619-001: task 0: Exited with exit code 1
srun: error: c613-152: task 0: Exited with exit code 1
srun: error: c613-091: task 0: Exited with exit code 1
srun: error: c613-111: task 0: Exited with exit code 1
srun: error: c613-092: task 0: Exited with exit code 1
srun: error: c613-122: task 0: Exited with exit code 1
srun: error: c613-102: task 0: Exited with exit code 1
srun: error: c613-131: task 0: Exited with exit code 1
srun: error: c613-141: task 0: Exited with exit code 1
srun: error: c613-132: task 0: Exited with exit code 1
srun: error: c613-142: task 0: Exited with exit code 1
srun: error: c613-101: task 0: Exited with exit code 1
srun: error: c613-082: task 0: Exited with exit code 1
