Running on nodes: c613-[082,091-092,101-102,111-112,121-122,131-132,141-142,151-152],c619-001
Job ID: 337749
--------------------
Head Node: c613-082
Head Node IP: 129.114.17.177
Worker Nodes: c613-091 c613-092 c613-101 c613-102 c613-111 c613-112 c613-121 c613-122 c613-131 c613-132 c613-141 c613-142 c613-151 c613-152 c619-001
--------------------
Starting Ray head node on c613-082...
Ray head node PID: 3911333
2025-08-22 17:27:35,744	INFO usage_lib.py:467 -- Usage stats collection is enabled by default without user confirmation because this terminal is detected to be non-interactive. To disable this, add `--disable-usage-stats` to the command that starts the cluster, or run the following command: `ray disable-usage-stats` before starting the cluster. See https://docs.ray.io/en/master/cluster/usage-stats.html for more details.
2025-08-22 17:27:35,745	INFO scripts.py:913 -- [37mLocal node IP[39m: [1m129.114.17.177[22m
2025-08-22 17:27:38,262	SUCC scripts.py:949 -- [32m--------------------[39m
2025-08-22 17:27:38,262	SUCC scripts.py:950 -- [32mRay runtime started.[39m
2025-08-22 17:27:38,262	SUCC scripts.py:951 -- [32m--------------------[39m
2025-08-22 17:27:38,262	INFO scripts.py:953 -- [36mNext steps[39m
2025-08-22 17:27:38,262	INFO scripts.py:956 -- To add another node to this Ray cluster, run
2025-08-22 17:27:38,262	INFO scripts.py:959 -- [1m  ray start --address='129.114.17.177:6379'[22m
2025-08-22 17:27:38,262	INFO scripts.py:968 -- To connect to this Ray cluster:
2025-08-22 17:27:38,262	INFO scripts.py:970 -- [35mimport[39m[26m ray
2025-08-22 17:27:38,262	INFO scripts.py:971 -- ray[35m.[39m[26minit(_node_ip_address[35m=[39m[26m[33m'129.114.17.177'[39m[26m)
2025-08-22 17:27:38,262	INFO scripts.py:983 -- To submit a Ray job using the Ray Jobs CLI:
2025-08-22 17:27:38,262	INFO scripts.py:984 -- [1m  RAY_ADDRESS='http://129.114.17.177:8265' ray job submit --working-dir . -- python my_script.py[22m
2025-08-22 17:27:38,262	INFO scripts.py:993 -- See https://docs.ray.io/en/latest/cluster/running-applications/job-submission/index.html 
2025-08-22 17:27:38,263	INFO scripts.py:997 -- for more information on submitting Ray jobs to the Ray cluster.
2025-08-22 17:27:38,263	INFO scripts.py:1002 -- To terminate the Ray runtime, run
2025-08-22 17:27:38,263	INFO scripts.py:1003 -- [1m  ray stop[22m
2025-08-22 17:27:38,263	INFO scripts.py:1006 -- To view the status of the cluster, use
2025-08-22 17:27:38,263	INFO scripts.py:1007 --   [1mray status[22m[26m
2025-08-22 17:27:38,263	INFO scripts.py:1011 -- To monitor and debug Ray, view the dashboard at 
2025-08-22 17:27:38,263	INFO scripts.py:1012 --   [1m129.114.17.177:8265[22m[26m
2025-08-22 17:27:38,263	INFO scripts.py:1019 -- [4mIf connection to the dashboard fails, check your firewall settings and network configuration.[24m
2025-08-22 17:27:38,263	INFO scripts.py:1123 -- [36m[1m--block[22m[39m
2025-08-22 17:27:38,263	INFO scripts.py:1124 -- This command will now block forever until terminated by a signal.
2025-08-22 17:27:38,263	INFO scripts.py:1127 -- Running subprocesses are monitored and a message will be printed if any of them terminate unexpectedly. Subprocesses exit with SIGTERM will be treated as graceful, thus NOT reported.
Starting Ray worker nodes...
Starting worker on c613-091
Starting worker on c613-092
Starting worker on c613-101
Starting worker on c613-102
Starting worker on c613-111
Starting worker on c613-112
Starting worker on c613-121
Starting worker on c613-122
Starting worker on c613-131
Starting worker on c613-132
Starting worker on c613-141
Starting worker on c613-142
Starting worker on c613-151
Starting worker on c613-152
Starting worker on c619-001
Ray worker PIDs: 3912310 3912311 3912312 3912313 3912314 3912315 3912316 3912317 3912318 3912319 3912320 3912321 3912322 3912323 3912324
Waiting for cluster to form completely...
2025-08-22 17:27:50,294	INFO scripts.py:1094 -- [37mLocal node IP[39m: [1m129.114.17.178[22m
2025-08-22 17:27:51,520	SUCC scripts.py:1110 -- [32m--------------------[39m
2025-08-22 17:27:51,520	SUCC scripts.py:1111 -- [32mRay runtime started.[39m
2025-08-22 17:27:51,520	SUCC scripts.py:1112 -- [32m--------------------[39m
2025-08-22 17:27:51,520	INFO scripts.py:1114 -- To terminate the Ray runtime, run
2025-08-22 17:27:51,520	INFO scripts.py:1115 -- [1m  ray stop[22m
2025-08-22 17:27:51,520	INFO scripts.py:1123 -- [36m[1m--block[22m[39m
2025-08-22 17:27:51,520	INFO scripts.py:1124 -- This command will now block forever until terminated by a signal.
2025-08-22 17:27:51,520	INFO scripts.py:1127 -- Running subprocesses are monitored and a message will be printed if any of them terminate unexpectedly. Subprocesses exit with SIGTERM will be treated as graceful, thus NOT reported.
2025-08-22 17:27:50,390	INFO scripts.py:1094 -- [37mLocal node IP[39m: [1m129.114.17.188[22m
2025-08-22 17:27:51,629	SUCC scripts.py:1110 -- [32m--------------------[39m
2025-08-22 17:27:51,629	SUCC scripts.py:1111 -- [32mRay runtime started.[39m
2025-08-22 17:27:51,629	SUCC scripts.py:1112 -- [32m--------------------[39m
2025-08-22 17:27:51,629	INFO scripts.py:1114 -- To terminate the Ray runtime, run
2025-08-22 17:27:51,629	INFO scripts.py:1115 -- [1m  ray stop[22m
2025-08-22 17:27:51,630	INFO scripts.py:1123 -- [36m[1m--block[22m[39m
2025-08-22 17:27:51,630	INFO scripts.py:1124 -- This command will now block forever until terminated by a signal.
2025-08-22 17:27:51,630	INFO scripts.py:1127 -- Running subprocesses are monitored and a message will be printed if any of them terminate unexpectedly. Subprocesses exit with SIGTERM will be treated as graceful, thus NOT reported.
2025-08-22 17:27:50,409	INFO scripts.py:1094 -- [37mLocal node IP[39m: [1m129.114.17.184[22m
2025-08-22 17:27:51,634	SUCC scripts.py:1110 -- [32m--------------------[39m
2025-08-22 17:27:51,634	SUCC scripts.py:1111 -- [32mRay runtime started.[39m
2025-08-22 17:27:51,634	SUCC scripts.py:1112 -- [32m--------------------[39m
2025-08-22 17:27:51,634	INFO scripts.py:1114 -- To terminate the Ray runtime, run
2025-08-22 17:27:51,634	INFO scripts.py:1115 -- [1m  ray stop[22m
2025-08-22 17:27:51,635	INFO scripts.py:1123 -- [36m[1m--block[22m[39m
2025-08-22 17:27:51,635	INFO scripts.py:1124 -- This command will now block forever until terminated by a signal.
2025-08-22 17:27:51,635	INFO scripts.py:1127 -- Running subprocesses are monitored and a message will be printed if any of them terminate unexpectedly. Subprocesses exit with SIGTERM will be treated as graceful, thus NOT reported.
2025-08-22 17:27:50,409	INFO scripts.py:1094 -- [37mLocal node IP[39m: [1m129.114.17.182[22m
2025-08-22 17:27:51,645	SUCC scripts.py:1110 -- [32m--------------------[39m
2025-08-22 17:27:51,645	SUCC scripts.py:1111 -- [32mRay runtime started.[39m
2025-08-22 17:27:51,645	SUCC scripts.py:1112 -- [32m--------------------[39m
2025-08-22 17:27:51,645	INFO scripts.py:1114 -- To terminate the Ray runtime, run
2025-08-22 17:27:51,646	INFO scripts.py:1115 -- [1m  ray stop[22m
2025-08-22 17:27:51,646	INFO scripts.py:1123 -- [36m[1m--block[22m[39m
2025-08-22 17:27:51,646	INFO scripts.py:1124 -- This command will now block forever until terminated by a signal.
2025-08-22 17:27:51,646	INFO scripts.py:1127 -- Running subprocesses are monitored and a message will be printed if any of them terminate unexpectedly. Subprocesses exit with SIGTERM will be treated as graceful, thus NOT reported.
2025-08-22 17:27:50,421	INFO scripts.py:1094 -- [37mLocal node IP[39m: [1m129.114.17.180[22m
2025-08-22 17:27:51,647	SUCC scripts.py:1110 -- [32m--------------------[39m
2025-08-22 17:27:51,647	SUCC scripts.py:1111 -- [32mRay runtime started.[39m
2025-08-22 17:27:51,647	SUCC scripts.py:1112 -- [32m--------------------[39m
2025-08-22 17:27:51,647	INFO scripts.py:1114 -- To terminate the Ray runtime, run
2025-08-22 17:27:51,647	INFO scripts.py:1115 -- [1m  ray stop[22m
2025-08-22 17:27:51,647	INFO scripts.py:1123 -- [36m[1m--block[22m[39m
2025-08-22 17:27:51,647	INFO scripts.py:1124 -- This command will now block forever until terminated by a signal.
2025-08-22 17:27:51,647	INFO scripts.py:1127 -- Running subprocesses are monitored and a message will be printed if any of them terminate unexpectedly. Subprocesses exit with SIGTERM will be treated as graceful, thus NOT reported.
2025-08-22 17:27:50,438	INFO scripts.py:1094 -- [37mLocal node IP[39m: [1m129.114.17.190[22m
2025-08-22 17:27:51,668	SUCC scripts.py:1110 -- [32m--------------------[39m
2025-08-22 17:27:51,668	SUCC scripts.py:1111 -- [32mRay runtime started.[39m
2025-08-22 17:27:51,668	SUCC scripts.py:1112 -- [32m--------------------[39m
2025-08-22 17:27:51,668	INFO scripts.py:1114 -- To terminate the Ray runtime, run
2025-08-22 17:27:51,668	INFO scripts.py:1115 -- [1m  ray stop[22m
2025-08-22 17:27:51,668	INFO scripts.py:1123 -- [36m[1m--block[22m[39m
2025-08-22 17:27:51,669	INFO scripts.py:1124 -- This command will now block forever until terminated by a signal.
2025-08-22 17:27:51,669	INFO scripts.py:1127 -- Running subprocesses are monitored and a message will be printed if any of them terminate unexpectedly. Subprocesses exit with SIGTERM will be treated as graceful, thus NOT reported.
2025-08-22 17:27:50,458	INFO scripts.py:1094 -- [37mLocal node IP[39m: [1m129.114.17.189[22m
2025-08-22 17:27:51,695	SUCC scripts.py:1110 -- [32m--------------------[39m
2025-08-22 17:27:51,695	SUCC scripts.py:1111 -- [32mRay runtime started.[39m
2025-08-22 17:27:51,695	SUCC scripts.py:1112 -- [32m--------------------[39m
2025-08-22 17:27:51,695	INFO scripts.py:1114 -- To terminate the Ray runtime, run
2025-08-22 17:27:51,695	INFO scripts.py:1115 -- [1m  ray stop[22m
2025-08-22 17:27:51,695	INFO scripts.py:1123 -- [36m[1m--block[22m[39m
2025-08-22 17:27:51,695	INFO scripts.py:1124 -- This command will now block forever until terminated by a signal.
2025-08-22 17:27:51,695	INFO scripts.py:1127 -- Running subprocesses are monitored and a message will be printed if any of them terminate unexpectedly. Subprocesses exit with SIGTERM will be treated as graceful, thus NOT reported.
2025-08-22 17:27:50,453	INFO scripts.py:1094 -- [37mLocal node IP[39m: [1m129.114.17.187[22m
2025-08-22 17:27:51,705	SUCC scripts.py:1110 -- [32m--------------------[39m
2025-08-22 17:27:51,705	SUCC scripts.py:1111 -- [32mRay runtime started.[39m
2025-08-22 17:27:51,705	SUCC scripts.py:1112 -- [32m--------------------[39m
2025-08-22 17:27:51,705	INFO scripts.py:1114 -- To terminate the Ray runtime, run
2025-08-22 17:27:51,705	INFO scripts.py:1115 -- [1m  ray stop[22m
2025-08-22 17:27:51,706	INFO scripts.py:1123 -- [36m[1m--block[22m[39m
2025-08-22 17:27:51,706	INFO scripts.py:1124 -- This command will now block forever until terminated by a signal.
2025-08-22 17:27:51,706	INFO scripts.py:1127 -- Running subprocesses are monitored and a message will be printed if any of them terminate unexpectedly. Subprocesses exit with SIGTERM will be treated as graceful, thus NOT reported.
2025-08-22 17:27:50,474	INFO scripts.py:1094 -- [37mLocal node IP[39m: [1m129.114.17.186[22m
2025-08-22 17:27:51,717	SUCC scripts.py:1110 -- [32m--------------------[39m
2025-08-22 17:27:51,717	SUCC scripts.py:1111 -- [32mRay runtime started.[39m
2025-08-22 17:27:51,717	SUCC scripts.py:1112 -- [32m--------------------[39m
2025-08-22 17:27:51,717	INFO scripts.py:1114 -- To terminate the Ray runtime, run
2025-08-22 17:27:51,717	INFO scripts.py:1115 -- [1m  ray stop[22m
2025-08-22 17:27:51,717	INFO scripts.py:1123 -- [36m[1m--block[22m[39m
2025-08-22 17:27:51,717	INFO scripts.py:1124 -- This command will now block forever until terminated by a signal.
2025-08-22 17:27:51,717	INFO scripts.py:1127 -- Running subprocesses are monitored and a message will be printed if any of them terminate unexpectedly. Subprocesses exit with SIGTERM will be treated as graceful, thus NOT reported.
2025-08-22 17:27:50,471	INFO scripts.py:1094 -- [37mLocal node IP[39m: [1m129.114.17.181[22m
2025-08-22 17:27:51,720	SUCC scripts.py:1110 -- [32m--------------------[39m
2025-08-22 17:27:51,720	SUCC scripts.py:1111 -- [32mRay runtime started.[39m
2025-08-22 17:27:51,720	SUCC scripts.py:1112 -- [32m--------------------[39m
2025-08-22 17:27:51,720	INFO scripts.py:1114 -- To terminate the Ray runtime, run
2025-08-22 17:27:51,720	INFO scripts.py:1115 -- [1m  ray stop[22m
2025-08-22 17:27:51,720	INFO scripts.py:1123 -- [36m[1m--block[22m[39m
2025-08-22 17:27:51,721	INFO scripts.py:1124 -- This command will now block forever until terminated by a signal.
2025-08-22 17:27:51,721	INFO scripts.py:1127 -- Running subprocesses are monitored and a message will be printed if any of them terminate unexpectedly. Subprocesses exit with SIGTERM will be treated as graceful, thus NOT reported.
2025-08-22 17:27:50,557	INFO scripts.py:1094 -- [37mLocal node IP[39m: [1m129.114.17.183[22m
2025-08-22 17:27:51,795	SUCC scripts.py:1110 -- [32m--------------------[39m
2025-08-22 17:27:51,795	SUCC scripts.py:1111 -- [32mRay runtime started.[39m
2025-08-22 17:27:51,795	SUCC scripts.py:1112 -- [32m--------------------[39m
2025-08-22 17:27:51,795	INFO scripts.py:1114 -- To terminate the Ray runtime, run
2025-08-22 17:27:51,795	INFO scripts.py:1115 -- [1m  ray stop[22m
2025-08-22 17:27:51,795	INFO scripts.py:1123 -- [36m[1m--block[22m[39m
2025-08-22 17:27:51,795	INFO scripts.py:1124 -- This command will now block forever until terminated by a signal.
2025-08-22 17:27:51,795	INFO scripts.py:1127 -- Running subprocesses are monitored and a message will be printed if any of them terminate unexpectedly. Subprocesses exit with SIGTERM will be treated as graceful, thus NOT reported.
2025-08-22 17:27:50,560	INFO scripts.py:1094 -- [37mLocal node IP[39m: [1m129.114.17.191[22m
2025-08-22 17:27:51,811	SUCC scripts.py:1110 -- [32m--------------------[39m
2025-08-22 17:27:51,811	SUCC scripts.py:1111 -- [32mRay runtime started.[39m
2025-08-22 17:27:51,811	SUCC scripts.py:1112 -- [32m--------------------[39m
2025-08-22 17:27:51,811	INFO scripts.py:1114 -- To terminate the Ray runtime, run
2025-08-22 17:27:51,811	INFO scripts.py:1115 -- [1m  ray stop[22m
2025-08-22 17:27:51,811	INFO scripts.py:1123 -- [36m[1m--block[22m[39m
2025-08-22 17:27:51,811	INFO scripts.py:1124 -- This command will now block forever until terminated by a signal.
2025-08-22 17:27:51,811	INFO scripts.py:1127 -- Running subprocesses are monitored and a message will be printed if any of them terminate unexpectedly. Subprocesses exit with SIGTERM will be treated as graceful, thus NOT reported.
2025-08-22 17:27:50,584	INFO scripts.py:1094 -- [37mLocal node IP[39m: [1m129.114.17.192[22m
2025-08-22 17:27:51,907	SUCC scripts.py:1110 -- [32m--------------------[39m
2025-08-22 17:27:51,907	SUCC scripts.py:1111 -- [32mRay runtime started.[39m
2025-08-22 17:27:51,907	SUCC scripts.py:1112 -- [32m--------------------[39m
2025-08-22 17:27:51,907	INFO scripts.py:1114 -- To terminate the Ray runtime, run
2025-08-22 17:27:51,907	INFO scripts.py:1115 -- [1m  ray stop[22m
2025-08-22 17:27:50,608	INFO scripts.py:1094 -- [37mLocal node IP[39m: [1m129.114.17.179[22m
2025-08-22 17:27:51,910	SUCC scripts.py:1110 -- [32m--------------------[39m
2025-08-22 17:27:51,910	SUCC scripts.py:1111 -- [32mRay runtime started.[39m
2025-08-22 17:27:51,910	SUCC scripts.py:1112 -- [32m--------------------[39m
2025-08-22 17:27:51,910	INFO scripts.py:1114 -- To terminate the Ray runtime, run
2025-08-22 17:27:51,910	INFO scripts.py:1115 -- [1m  ray stop[22m
2025-08-22 17:27:51,910	INFO scripts.py:1123 -- [36m[1m--block[22m[39m
2025-08-22 17:27:51,910	INFO scripts.py:1124 -- This command will now block forever until terminated by a signal.
2025-08-22 17:27:51,910	INFO scripts.py:1127 -- Running subprocesses are monitored and a message will be printed if any of them terminate unexpectedly. Subprocesses exit with SIGTERM will be treated as graceful, thus NOT reported.
2025-08-22 17:27:51,908	INFO scripts.py:1123 -- [36m[1m--block[22m[39m
2025-08-22 17:27:51,908	INFO scripts.py:1124 -- This command will now block forever until terminated by a signal.
2025-08-22 17:27:51,908	INFO scripts.py:1127 -- Running subprocesses are monitored and a message will be printed if any of them terminate unexpectedly. Subprocesses exit with SIGTERM will be treated as graceful, thus NOT reported.
2025-08-22 17:27:50,576	INFO scripts.py:1094 -- [37mLocal node IP[39m: [1m129.114.17.185[22m
2025-08-22 17:27:51,913	SUCC scripts.py:1110 -- [32m--------------------[39m
2025-08-22 17:27:51,913	SUCC scripts.py:1111 -- [32mRay runtime started.[39m
2025-08-22 17:27:51,913	SUCC scripts.py:1112 -- [32m--------------------[39m
2025-08-22 17:27:51,913	INFO scripts.py:1114 -- To terminate the Ray runtime, run
2025-08-22 17:27:51,913	INFO scripts.py:1115 -- [1m  ray stop[22m
2025-08-22 17:27:51,913	INFO scripts.py:1123 -- [36m[1m--block[22m[39m
2025-08-22 17:27:51,913	INFO scripts.py:1124 -- This command will now block forever until terminated by a signal.
2025-08-22 17:27:51,913	INFO scripts.py:1127 -- Running subprocesses are monitored and a message will be printed if any of them terminate unexpectedly. Subprocesses exit with SIGTERM will be treated as graceful, thus NOT reported.
Checking Ray cluster status...
======== Autoscaler status: 2025-08-22 17:28:06.513318 ========
Node status
---------------------------------------------------------------
Active:
 1 node_89ea1ca60f845f3cef45ea2fa0c8fabbb09d8627313ffdf8bf8f5c12
 1 node_502ad4943e97465c72ecd42962356e923d15bf8d8f271318f434c3c3
 1 node_eaafe38eedbb6cecbcafe8f55286535c934e7b993596b1dc312117e1
 1 node_c9fa020b3928b5a50b4ac3117925d972adbfaaaf6f61732c8aac7aa6
 1 node_55de68c76e02c1b50243835d200a1732c6120ddd9d557c75220b9d2d
 1 node_039c8b2a82c456654409f7bfdf34bc4e36893f3e0c5b1401eedeeb92
 1 node_af9ef9982960d8617ca7261257d9b2399104d7770c962089cd786eb4
 1 node_5a16f15c7c79552f661cb0f87c44f8cb34ac5ba465191f2574460202
 1 node_f39147db4132b454be4b1f64629ae8e2f794fad523fefcc3f3c0202d
 1 node_340733204fb88e305283998e3c5052feed7c737f068630714aae3340
 1 node_c49ee407093c6629be097d9c5c041e4cf8050c0abc7ff4162cd6ae58
 1 node_720bd9f4009b144693063d3a6d0e02546a39e108a4e54c5f39461f4d
 1 node_bca41fec7f00fd751bd70e4d967090598bcb14c10dfcfc347505bae3
 1 node_d2ee99e0c591c0141fbf61aa11c8c8c58da33cf298e6f6f42bf4369e
 1 node_998adbd586cc0c85325beeacf94ea8dc50057b5d9c711d9a7d95d7fc
 1 node_a9ae766fd6d335cc9790c0884721c2d1f18b29882e06b06b241ade28
Pending:
 (no pending nodes)
Recent failures:
 (no failures)

Resources
---------------------------------------------------------------
Total Usage:
 0.0/1152.0 CPU
 0.0/16.0 GPU
 0B/2.34TiB memory
 0B/894.90GiB object_store_memory

Total Constraints:
 (no request_resources() constraints)
Total Demands:
 (no resource demands)
Submitting Ray job: /home1/10913/myang13/verl/eft/grpo/grpo_16k.sh from /home1/10913/myang13/verl
2025-08-22 17:28:14,719	INFO cli.py:41 -- [37mJob submission server address[39m: [1mhttp://129.114.17.177:8265[22m
2025-08-22 17:28:18,739	SUCC cli.py:65 -- [32m-------------------------------------------------------[39m
2025-08-22 17:28:18,739	SUCC cli.py:66 -- [32mJob 'raysubmit_bLc8S19N1HHuFWFX' submitted successfully[39m
2025-08-22 17:28:18,739	SUCC cli.py:67 -- [32m-------------------------------------------------------[39m
2025-08-22 17:28:18,739	INFO cli.py:291 -- [36mNext steps[39m
2025-08-22 17:28:18,739	INFO cli.py:292 -- Query the logs of the job:
2025-08-22 17:28:18,739	INFO cli.py:294 -- [1mray job logs raysubmit_bLc8S19N1HHuFWFX[22m
2025-08-22 17:28:18,739	INFO cli.py:296 -- Query the status of the job:
2025-08-22 17:28:18,739	INFO cli.py:298 -- [1mray job status raysubmit_bLc8S19N1HHuFWFX[22m
2025-08-22 17:28:18,740	INFO cli.py:300 -- Request the job to be stopped:
2025-08-22 17:28:18,740	INFO cli.py:302 -- [1mray job stop raysubmit_bLc8S19N1HHuFWFX[22m
Ray job submission command executed successfully (exit status 0).
Use 'ray job list' or the dashboard http://129.114.17.177:8265 to check job status.
Ray cluster is running.
Slurm job will remain active until Ray processes finish or time limit is reached.
