[2025-08-22 16:54:05,144 W 2758555 2758555] global_state_accessor.cc:435: Retrying to get node with node ID bb2e731695bb628486df5ab8a84e4b9be398662c41e46b472994f7c5
[2025-08-22 16:54:05,169 W 3753162 3753162] global_state_accessor.cc:435: Retrying to get node with node ID 4cf57bde62d2f20d9ea26762671da3ba8afbfb07707bce5ac05848a5
[2025-08-22 16:54:05,227 W 3190055 3190055] global_state_accessor.cc:435: Retrying to get node with node ID 53e1409ce3d942a72dd68fd6e439d3ea26b541c928f5ea801fb4beeb
[2025-08-22 16:54:05,231 W 1761510 1761510] global_state_accessor.cc:435: Retrying to get node with node ID 8147fefd6d40f822431a1183a16dc5f0ded5770402872c67da58a924
[2025-08-22 16:54:05,234 W 1566879 1566879] global_state_accessor.cc:435: Retrying to get node with node ID 4055842ceee3efd7823416d485fac2e868ac646a91cf59605a384e9e
[2025-08-22 16:54:05,265 W 1647198 1647198] global_state_accessor.cc:435: Retrying to get node with node ID 41d971fbc9874d5db343cc5019fcc48bf231c21ae273c909a4694584
[2025-08-22 16:54:05,269 W 1548604 1548604] global_state_accessor.cc:435: Retrying to get node with node ID 8a6ce7d6d6b15ed01ed01d86b332d81fe74e861b8be540aa9f957caa
[2025-08-22 16:54:05,300 W 1985666 1985666] global_state_accessor.cc:435: Retrying to get node with node ID 4ec1889df0cecd8f1709437028294bc9f87a15f43f833bf485fd6626
[2025-08-22 16:54:05,302 W 3632271 3632271] global_state_accessor.cc:435: Retrying to get node with node ID afcba28dae2d7fed4d4202628be506fad8cb44ec239cd388d78d744d
[2025-08-22 16:54:05,320 W 2319940 2319940] global_state_accessor.cc:435: Retrying to get node with node ID bfdcb6d1137728ea270b1846870e530a230d750f7c9734e9295ef78c
[2025-08-22 16:54:05,332 W 2573554 2573554] global_state_accessor.cc:435: Retrying to get node with node ID f6a37d97183535de5c64f26d63c1eb4d75127164366cf88359209e11
[2025-08-22 16:54:05,362 W 1530012 1530012] global_state_accessor.cc:435: Retrying to get node with node ID 78c8dbce332b2b30883da263de0ef4137d8793ddf6076b7a2bc98407
[2025-08-22 16:54:05,479 W 126156 126156] global_state_accessor.cc:435: Retrying to get node with node ID 38b6cd8327d6dbe6b2b633e873d255a07ca24736345e7c313fa4c9dd
[2025-08-22 16:54:05,485 W 3190696 3190696] global_state_accessor.cc:435: Retrying to get node with node ID 56f77211c623469f2d706a02bdfc48d59d929f8ae028e0f356ad1832
[2025-08-22 16:54:05,485 W 3036523 3036523] global_state_accessor.cc:435: Retrying to get node with node ID 09b6a32b43d86f7782d503a2c3d42ef5a15d00fa5350d24608db700c
2025-08-22 16:54:31,670	INFO dashboard_sdk.py:338 -- Uploading package gcs://_ray_pkg_1885daffc2ef1c59.zip.
2025-08-22 16:54:31,670	INFO packaging.py:588 -- Creating a file package for local module '/home1/10913/myang13/verl'.
/var/spool/slurmd/job337720/slurm_script: line 88: [: -ne: unary operator expected
srun: Job step aborted: Waiting up to 32 seconds for job step to finish.
srun: Job step aborted: Waiting up to 32 seconds for job step to finish.
srun: Job step aborted: Waiting up to 32 seconds for job step to finish.
srun: Job step aborted: Waiting up to 32 seconds for job step to finish.
srun: Job step aborted: Waiting up to 32 seconds for job step to finish.
srun: Job step aborted: Waiting up to 32 seconds for job step to finish.
srun: Job step aborted: Waiting up to 32 seconds for job step to finish.
srun: Job step aborted: Waiting up to 32 seconds for job step to finish.
srun: Job step aborted: Waiting up to 32 seconds for job step to finish.
srun: Job step aborted: Waiting up to 32 seconds for job step to finish.
srun: Job step aborted: Waiting up to 32 seconds for job step to finish.
srun: Job step aborted: Waiting up to 32 seconds for job step to finish.
srun: Job step aborted: Waiting up to 32 seconds for job step to finish.
srun: Job step aborted: Waiting up to 32 seconds for job step to finish.
srun: Job step aborted: Waiting up to 32 seconds for job step to finish.
srun: Job step aborted: Waiting up to 32 seconds for job step to finish.
slurmstepd: error: *** STEP 337720.5 ON c613-142 CANCELLED AT 2025-08-22T16:55:50 ***
slurmstepd: error: *** STEP 337720.12 ON c613-111 CANCELLED AT 2025-08-22T16:55:50 ***
slurmstepd: error: *** STEP 337720.6 ON c613-121 CANCELLED AT 2025-08-22T16:55:50 ***
slurmstepd: error: *** STEP 337720.2 ON c613-101 CANCELLED AT 2025-08-22T16:55:50 ***
slurmstepd: error: *** STEP 337720.11 ON c613-091 CANCELLED AT 2025-08-22T16:55:50 ***
slurmstepd: error: *** STEP 337720.4 ON c613-102 CANCELLED AT 2025-08-22T16:55:50 ***
slurmstepd: error: *** STEP 337720.3 ON c613-112 CANCELLED AT 2025-08-22T16:55:50 ***
slurmstepd: error: *** STEP 337720.7 ON c619-001 CANCELLED AT 2025-08-22T16:55:50 ***
slurmstepd: error: *** STEP 337720.13 ON c613-152 CANCELLED AT 2025-08-22T16:55:50 ***
slurmstepd: error: *** STEP 337720.15 ON c613-122 CANCELLED AT 2025-08-22T16:55:50 ***
slurmstepd: error: *** STEP 337720.16 ON c613-132 CANCELLED AT 2025-08-22T16:55:50 ***
slurmstepd: error: *** STEP 337720.14 ON c613-092 CANCELLED AT 2025-08-22T16:55:50 ***
slurmstepd: error: *** STEP 337720.10 ON c613-151 CANCELLED AT 2025-08-22T16:55:50 ***
slurmstepd: error: *** STEP 337720.8 ON c613-141 CANCELLED AT 2025-08-22T16:55:50 ***
slurmstepd: error: *** STEP 337720.9 ON c613-131 CANCELLED AT 2025-08-22T16:55:50 ***
srun: got SIGCONT
srun: got SIGCONT
srun: got SIGCONT
srun: got SIGCONT
srun: got SIGCONT
srun: got SIGCONT
srun: got SIGCONT
srun: got SIGCONT
srun: got SIGCONT
srun: got SIGCONT
srun: got SIGCONT
srun: got SIGCONT
srun: got SIGCONT
srun: got SIGCONT
srun: got SIGCONT
srun: got SIGCONT
slurmstepd: error: *** JOB 337720 ON c613-082 CANCELLED AT 2025-08-22T16:55:50 ***
srun: forcing job termination
srun: forcing job termination
srun: forcing job termination
srun: forcing job termination
srun: forcing job termination
srun: forcing job termination
srun: forcing job termination
srun: forcing job termination
srun: forcing job termination
srun: forcing job termination
srun: forcing job termination
srun: forcing job termination
srun: forcing job termination
srun: forcing job termination
srun: forcing job termination
srun: forcing job termination
slurmstepd: error: *** STEP 337720.1 ON c613-082 CANCELLED AT 2025-08-22T16:55:50 ***
srun: error: c613-091: task 0: Exited with exit code 1
srun: error: c613-092: task 0: Exited with exit code 1
srun: error: c613-112: task 0: Exited with exit code 1
srun: error: c613-131: task 0: Exited with exit code 1
srun: error: c613-101: task 0: Exited with exit code 1
srun: error: c613-122: task 0: Exited with exit code 1
srun: error: c613-121: task 0: Exited with exit code 1
srun: error: c613-152: task 0: Exited with exit code 1
srun: error: c613-102: task 0: Exited with exit code 1
srun: error: c613-111: task 0: Exited with exit code 1
srun: error: c613-141: task 0: Exited with exit code 1
srun: error: c613-132: task 0: Exited with exit code 1
srun: error: c613-151: task 0: Exited with exit code 1
srun: error: c613-142: task 0: Exited with exit code 1
srun: error: c619-001: task 0: Exited with exit code 1
srun: error: c613-082: task 0: Exited with exit code 1
