[2025-08-22 17:01:47,518 W 2762138 2762138] global_state_accessor.cc:435: Retrying to get node with node ID 6898030ba8c6d4ced38d0238405432cf08409bf6751cb152bc98c905
[2025-08-22 17:01:47,585 W 3756746 3756746] global_state_accessor.cc:435: Retrying to get node with node ID 7e59a5c53d57911c4d0303764e52582f2c7de8e737016c320f71b921
[2025-08-22 17:01:47,640 W 1570459 1570459] global_state_accessor.cc:435: Retrying to get node with node ID a4e8dd9894c6b9115dc4ec650e55e7f4c066908c85a5d0e1099c0e4d
[2025-08-22 17:01:47,640 W 1650763 1650763] global_state_accessor.cc:435: Retrying to get node with node ID 6d9840a3d7a82ada74591d2f34079ef4b7ac2bbe63864fbef71f624e
[2025-08-22 17:01:47,656 W 2577136 2577136] global_state_accessor.cc:435: Retrying to get node with node ID 14a41499883f5f34ce159ae2db4cfc3eec75f1a89599288c1f971f51
[2025-08-22 17:01:47,667 W 3193625 3193625] global_state_accessor.cc:435: Retrying to get node with node ID ec6a15201129a291c052635c7409ea50b80b0fee2a8dcbbc3b7bf165
[2025-08-22 17:01:47,683 W 2323513 2323513] global_state_accessor.cc:435: Retrying to get node with node ID 82861fecd74ce04299bd314a1b9cb9dc447b78fcf69999249f35a17c
[2025-08-22 17:01:47,697 W 1552178 1552178] global_state_accessor.cc:435: Retrying to get node with node ID 8a1c6d70de55d6c040c9f1338e8a86062188ea84e6458b9c8ed61e67
[2025-08-22 17:01:47,699 W 3194270 3194270] global_state_accessor.cc:435: Retrying to get node with node ID 2e2da711745a8dbaea554f1e642aa1ebd1fd17ba2845622e1260fd78
[2025-08-22 17:01:47,732 W 3635845 3635845] global_state_accessor.cc:435: Retrying to get node with node ID 7921845ba043a6a3fc564f3bd6ead023a33e575ede34a6ebce4672d1
[2025-08-22 17:01:47,732 W 1989244 1989244] global_state_accessor.cc:435: Retrying to get node with node ID fb527e34ec0d4fc7e8f35b1017ed5913458ac76d9ecb9778bc92c5bc
[2025-08-22 17:01:47,745 W 3040081 3040081] global_state_accessor.cc:435: Retrying to get node with node ID b7b2ca8305640b02bbc74b6eb20d564a82f1f408976cee2c374e36d0
[2025-08-22 17:01:47,749 W 1765082 1765082] global_state_accessor.cc:435: Retrying to get node with node ID 89ce6ef6523a5b0540b3ea2a9d1ba3e01fc053d3777d47ca17afe38f
[2025-08-22 17:01:47,843 W 1533578 1533578] global_state_accessor.cc:435: Retrying to get node with node ID 3521f2493609e774837f242b2a5ad2822dee0774d11d385e22cc8fd6
[2025-08-22 17:01:47,861 W 129728 129728] global_state_accessor.cc:435: Retrying to get node with node ID d2b29ef0a67e34d96b4672ec2f8be1fa17cd226721b0d1d503589fb3
2025-08-22 17:02:14,852	INFO dashboard_sdk.py:338 -- Uploading package gcs://_ray_pkg_db317d119e52b0ae.zip.
2025-08-22 17:02:14,853	INFO packaging.py:588 -- Creating a file package for local module '/home1/10913/myang13/verl'.
/var/spool/slurmd/job337725/slurm_script: line 88: [: -ne: unary operator expected
srun: Job step aborted: Waiting up to 32 seconds for job step to finish.
srun: Job step aborted: Waiting up to 32 seconds for job step to finish.
srun: Job step aborted: Waiting up to 32 seconds for job step to finish.
srun: Job step aborted: Waiting up to 32 seconds for job step to finish.
srun: Job step aborted: Waiting up to 32 seconds for job step to finish.
srun: Job step aborted: Waiting up to 32 seconds for job step to finish.
srun: Job step aborted: Waiting up to 32 seconds for job step to finish.
srun: Job step aborted: Waiting up to 32 seconds for job step to finish.
srun: Job step aborted: Waiting up to 32 seconds for job step to finish.
srun: Job step aborted: Waiting up to 32 seconds for job step to finish.
srun: Job step aborted: Waiting up to 32 seconds for job step to finish.
srun: Job step aborted: Waiting up to 32 seconds for job step to finish.
srun: Job step aborted: Waiting up to 32 seconds for job step to finish.
srun: Job step aborted: Waiting up to 32 seconds for job step to finish.
srun: Job step aborted: Waiting up to 32 seconds for job step to finish.
srun: Job step aborted: Waiting up to 32 seconds for job step to finish.
slurmstepd: error: *** STEP 337725.2 ON c613-101 CANCELLED AT 2025-08-22T17:19:26 ***
slurmstepd: error: *** STEP 337725.10 ON c613-111 CANCELLED AT 2025-08-22T17:19:26 ***
slurmstepd: error: *** STEP 337725.14 ON c613-112 CANCELLED AT 2025-08-22T17:19:26 ***
slurmstepd: error: *** STEP 337725.8 ON c613-141 CANCELLED AT 2025-08-22T17:19:26 ***
slurmstepd: error: *** STEP 337725.16 ON c613-121 CANCELLED AT 2025-08-22T17:19:26 ***
slurmstepd: error: *** STEP 337725.15 ON c613-092 CANCELLED AT 2025-08-22T17:19:26 ***
slurmstepd: error: *** STEP 337725.5 ON c613-152 CANCELLED AT 2025-08-22T17:19:26 ***
slurmstepd: error: *** STEP 337725.4 ON c613-132 CANCELLED AT 2025-08-22T17:19:26 ***
slurmstepd: error: *** STEP 337725.11 ON c613-122 CANCELLED AT 2025-08-22T17:19:26 ***
slurmstepd: error: *** STEP 337725.9 ON c613-102 CANCELLED AT 2025-08-22T17:19:26 ***
slurmstepd: error: *** STEP 337725.7 ON c613-151 CANCELLED AT 2025-08-22T17:19:26 ***
slurmstepd: error: *** STEP 337725.13 ON c613-091 CANCELLED AT 2025-08-22T17:19:26 ***
slurmstepd: error: *** STEP 337725.6 ON c613-142 CANCELLED AT 2025-08-22T17:19:26 ***
slurmstepd: error: *** STEP 337725.12 ON c619-001 CANCELLED AT 2025-08-22T17:19:26 ***
slurmstepd: error: *** STEP 337725.3 ON c613-131 CANCELLED AT 2025-08-22T17:19:26 ***
srun: got SIGCONT
srun: got SIGCONT
srun: got SIGCONT
srun: got SIGCONT
srun: got SIGCONT
srun: got SIGCONT
srun: got SIGCONT
srun: got SIGCONT
srun: got SIGCONT
srun: got SIGCONT
srun: got SIGCONT
srun: got SIGCONT
srun: got SIGCONT
srun: got SIGCONT
srun: got SIGCONT
srun: got SIGCONT
slurmstepd: error: *** JOB 337725 ON c613-082 CANCELLED AT 2025-08-22T17:19:26 ***
srun: forcing job termination
srun: forcing job termination
srun: forcing job termination
srun: forcing job termination
srun: forcing job termination
srun: forcing job termination
srun: forcing job termination
srun: forcing job termination
srun: forcing job termination
srun: forcing job termination
srun: forcing job termination
srun: forcing job termination
srun: forcing job termination
srun: forcing job termination
srun: forcing job termination
srun: forcing job termination
slurmstepd: error: *** STEP 337725.1 ON c613-082 CANCELLED AT 2025-08-22T17:19:26 ***
srun: error: c619-001: task 0: Exited with exit code 1
srun: error: c613-132: task 0: Exited with exit code 1
srun: error: c613-091: task 0: Exited with exit code 1
srun: error: c613-142: task 0: Exited with exit code 1
srun: error: c613-102: task 0: Exited with exit code 1
srun: error: c613-151: task 0: Exited with exit code 1
srun: error: c613-152: task 0: Exited with exit code 1
srun: error: c613-121: task 0: Exited with exit code 1
srun: error: c613-092: task 0: Exited with exit code 1
srun: error: c613-112: task 0: Exited with exit code 1
srun: error: c613-131: task 0: Exited with exit code 1
srun: error: c613-122: task 0: Exited with exit code 1
srun: error: c613-101: task 0: Exited with exit code 1
srun: error: c613-141: task 0: Exited with exit code 1
srun: error: c613-111: task 0: Exited with exit code 1
srun: error: c613-082: task 0: Exited with exit code 1
