[2025-08-22 17:24:39,373 W 2360577 2360577] global_state_accessor.cc:435: Retrying to get node with node ID d0b65fa7b20bc075a6107038e37a323afee20938b57957f245b5fc98
[2025-08-22 17:24:39,379 W 2499066 2499066] global_state_accessor.cc:435: Retrying to get node with node ID 752c516ebaf7cf6e581e97ae17c0d6b61ae3d92bdd7a6b0ce08320e2
[2025-08-22 17:24:39,406 W 3671480 3671480] global_state_accessor.cc:435: Retrying to get node with node ID 130f4eb7621987788087d6e4521bfa7e1407911f16f65983e8ec4638
[2025-08-22 17:24:39,423 W 3956714 3956714] global_state_accessor.cc:435: Retrying to get node with node ID a1c32a53c0e3076a4d0bb2bb5a43c84668c6e7dfee7df823de4604bb
[2025-08-22 17:24:39,454 W 3409969 3409969] global_state_accessor.cc:435: Retrying to get node with node ID f66b67463de5dabf80b767e2acd9688ff204934c651783cbf72019f9
[2025-08-22 17:24:39,475 W 3527042 3527042] global_state_accessor.cc:435: Retrying to get node with node ID 5b9987ec3b91326f2e7e54daa9589b6cc931e51a773e50244ef9d4c5
[2025-08-22 17:24:39,491 W 4176144 4176144] global_state_accessor.cc:435: Retrying to get node with node ID 1b2c8fe10fdd89fb90e34f777fa27c363b483acd9be5e33a8c7234a8
[2025-08-22 17:24:39,503 W 3474337 3474337] global_state_accessor.cc:435: Retrying to get node with node ID e3cddf232a5ffdeec7dbf5d7f9d28631b49564e83da32aa5a324ee49
[2025-08-22 17:24:39,507 W 2305363 2305363] global_state_accessor.cc:435: Retrying to get node with node ID 9ca538abaf1d09cebf3906ac64ee634e918f0e5899efa6f87d7b80d1
[2025-08-22 17:24:39,516 W 2499403 2499403] global_state_accessor.cc:435: Retrying to get node with node ID b1de703f25227742c199786b610603c079a82cb9905f0438be887fc3
[2025-08-22 17:24:39,537 W 3740396 3740396] global_state_accessor.cc:435: Retrying to get node with node ID 20ce67276eb4467f275c7e960fe490bb71807d9e2635fcbb3b5b4f03
[2025-08-22 17:24:39,540 W 3647282 3647282] global_state_accessor.cc:435: Retrying to get node with node ID 7d7a62111e358cf12ad5416c2f90cd2d8acfe1cfab9087e6e6fa93f7
[2025-08-22 17:24:39,565 W 2199079 2199079] global_state_accessor.cc:435: Retrying to get node with node ID bc98f389178b7d675c41bd919cbec94215e8256dcf4725b19501d17c
[2025-08-22 17:24:39,676 W 4102995 4102995] global_state_accessor.cc:435: Retrying to get node with node ID aef2a583dac53dcbd3711916c9889fb70368b726fd162369d4800740
[2025-08-22 17:24:39,680 W 2421193 2421193] global_state_accessor.cc:435: Retrying to get node with node ID 3442e5ea16955648a403463b1413602c6d1cdc9f602842823c9f4216
[2025-08-22 17:24:40,676 W 4102995 4102995] global_state_accessor.cc:435: Retrying to get node with node ID aef2a583dac53dcbd3711916c9889fb70368b726fd162369d4800740
2025-08-22 17:25:06,036	INFO dashboard_sdk.py:338 -- Uploading package gcs://_ray_pkg_cd1b1bb7c0f74c15.zip.
2025-08-22 17:25:06,037	INFO packaging.py:588 -- Creating a file package for local module '/home1/10913/myang13/verl'.
/var/spool/slurmd/job337747/slurm_script: line 88: [: -ne: unary operator expected
srun: Job step aborted: Waiting up to 32 seconds for job step to finish.
srun: Job step aborted: Waiting up to 32 seconds for job step to finish.
srun: Job step aborted: Waiting up to 32 seconds for job step to finish.
srun: Job step aborted: Waiting up to 32 seconds for job step to finish.
srun: Job step aborted: Waiting up to 32 seconds for job step to finish.
srun: Job step aborted: Waiting up to 32 seconds for job step to finish.
srun: Job step aborted: Waiting up to 32 seconds for job step to finish.
srun: Job step aborted: Waiting up to 32 seconds for job step to finish.
srun: Job step aborted: Waiting up to 32 seconds for job step to finish.
srun: Job step aborted: Waiting up to 32 seconds for job step to finish.
srun: Job step aborted: Waiting up to 32 seconds for job step to finish.
srun: Job step aborted: Waiting up to 32 seconds for job step to finish.
srun: Job step aborted: Waiting up to 32 seconds for job step to finish.
srun: Job step aborted: Waiting up to 32 seconds for job step to finish.
srun: Job step aborted: Waiting up to 32 seconds for job step to finish.
srun: Job step aborted: Waiting up to 32 seconds for job step to finish.
slurmstepd: error: *** STEP 337747.8 ON c612-061 CANCELLED AT 2025-08-22T17:27:10 ***
slurmstepd: error: *** STEP 337747.2 ON c612-042 CANCELLED AT 2025-08-22T17:27:10 ***
slurmstepd: error: *** STEP 337747.9 ON c612-092 CANCELLED AT 2025-08-22T17:27:10 ***
slurmstepd: error: *** STEP 337747.13 ON c612-071 CANCELLED AT 2025-08-22T17:27:10 ***
slurmstepd: error: *** STEP 337747.11 ON c612-102 CANCELLED AT 2025-08-22T17:27:10 ***
slurmstepd: error: *** STEP 337747.4 ON c612-051 CANCELLED AT 2025-08-22T17:27:10 ***
slurmstepd: error: *** STEP 337747.10 ON c612-052 CANCELLED AT 2025-08-22T17:27:10 ***
slurmstepd: error: *** STEP 337747.6 ON c612-111 CANCELLED AT 2025-08-22T17:27:10 ***
slurmstepd: error: *** STEP 337747.7 ON c612-091 CANCELLED AT 2025-08-22T17:27:10 ***
slurmstepd: error: *** STEP 337747.5 ON c612-082 CANCELLED AT 2025-08-22T17:27:10 ***
slurmstepd: error: *** STEP 337747.12 ON c612-101 CANCELLED AT 2025-08-22T17:27:10 ***
slurmstepd: error: *** STEP 337747.3 ON c612-062 CANCELLED AT 2025-08-22T17:27:10 ***
slurmstepd: error: *** STEP 337747.15 ON c612-112 CANCELLED AT 2025-08-22T17:27:10 ***
slurmstepd: error: *** STEP 337747.14 ON c612-081 CANCELLED AT 2025-08-22T17:27:10 ***
srun: got SIGCONT
srun: got SIGCONT
srun: got SIGCONT
srun: got SIGCONT
srun: got SIGCONT
srun: got SIGCONT
srun: got SIGCONT
srun: got SIGCONT
srun: got SIGCONT
srun: got SIGCONT
srun: got SIGCONT
srun: got SIGCONT
srun: got SIGCONT
srun: got SIGCONT
srun: got SIGCONT
srun: got SIGCONT
slurmstepd: error: *** STEP 337747.16 ON c612-072 CANCELLED AT 2025-08-22T17:27:10 ***
slurmstepd: error: *** JOB 337747 ON c612-041 CANCELLED AT 2025-08-22T17:27:10 ***
srun: forcing job termination
srun: forcing job termination
srun: forcing job termination
srun: forcing job termination
srun: forcing job termination
srun: forcing job termination
srun: forcing job termination
srun: forcing job termination
srun: forcing job termination
srun: forcing job termination
srun: forcing job termination
srun: forcing job termination
srun: forcing job termination
srun: forcing job termination
srun: forcing job termination
srun: forcing job termination
slurmstepd: error: *** STEP 337747.1 ON c612-041 CANCELLED AT 2025-08-22T17:27:10 ***
srun: error: c612-042: task 0: Exited with exit code 1
srun: error: c612-091: task 0: Exited with exit code 1
srun: error: c612-102: task 0: Exited with exit code 1
srun: error: c612-081: task 0: Exited with exit code 1
srun: error: c612-111: task 0: Exited with exit code 1
srun: error: c612-052: task 0: Exited with exit code 1
srun: error: c612-051: task 0: Exited with exit code 1
srun: error: c612-061: task 0: Exited with exit code 1
srun: error: c612-072: task 0: Exited with exit code 1
srun: error: c612-071: task 0: Exited with exit code 1
srun: error: c612-101: task 0: Exited with exit code 1
srun: error: c612-112: task 0: Exited with exit code 1
srun: error: c612-082: task 0: Exited with exit code 1
srun: error: c612-062: task 0: Exited with exit code 1
srun: error: c612-092: task 0: Exited with exit code 1
srun: error: c612-041: task 0: Exited with exit code 1
