Running on nodes: c612-[041-042,051-052,061-062,071-072,081-082,091-092,101-102,111-112]
Job ID: 337765
--------------------
Head Node: c612-041
Head Node IP: 129.114.17.136
Worker Nodes: c612-042 c612-051 c612-052 c612-061 c612-062 c612-071 c612-072 c612-081 c612-082 c612-091 c612-092 c612-101 c612-102 c612-111 c612-112
--------------------
Starting Ray head node on c612-041...
Ray head node PID: 2579603
2025-08-22 17:59:09,762	INFO usage_lib.py:467 -- Usage stats collection is enabled by default without user confirmation because this terminal is detected to be non-interactive. To disable this, add `--disable-usage-stats` to the command that starts the cluster, or run the following command: `ray disable-usage-stats` before starting the cluster. See https://docs.ray.io/en/master/cluster/usage-stats.html for more details.
2025-08-22 17:59:09,763	INFO scripts.py:913 -- [37mLocal node IP[39m: [1m129.114.17.136[22m
2025-08-22 17:59:12,268	SUCC scripts.py:949 -- [32m--------------------[39m
2025-08-22 17:59:12,268	SUCC scripts.py:950 -- [32mRay runtime started.[39m
2025-08-22 17:59:12,268	SUCC scripts.py:951 -- [32m--------------------[39m
2025-08-22 17:59:12,268	INFO scripts.py:953 -- [36mNext steps[39m
2025-08-22 17:59:12,269	INFO scripts.py:956 -- To add another node to this Ray cluster, run
2025-08-22 17:59:12,269	INFO scripts.py:959 -- [1m  ray start --address='129.114.17.136:6379'[22m
2025-08-22 17:59:12,269	INFO scripts.py:968 -- To connect to this Ray cluster:
2025-08-22 17:59:12,269	INFO scripts.py:970 -- [35mimport[39m[26m ray
2025-08-22 17:59:12,269	INFO scripts.py:971 -- ray[35m.[39m[26minit(_node_ip_address[35m=[39m[26m[33m'129.114.17.136'[39m[26m)
2025-08-22 17:59:12,269	INFO scripts.py:983 -- To submit a Ray job using the Ray Jobs CLI:
2025-08-22 17:59:12,269	INFO scripts.py:984 -- [1m  RAY_ADDRESS='http://129.114.17.136:8265' ray job submit --working-dir . -- python my_script.py[22m
2025-08-22 17:59:12,269	INFO scripts.py:993 -- See https://docs.ray.io/en/latest/cluster/running-applications/job-submission/index.html 
2025-08-22 17:59:12,269	INFO scripts.py:997 -- for more information on submitting Ray jobs to the Ray cluster.
2025-08-22 17:59:12,269	INFO scripts.py:1002 -- To terminate the Ray runtime, run
2025-08-22 17:59:12,269	INFO scripts.py:1003 -- [1m  ray stop[22m
2025-08-22 17:59:12,269	INFO scripts.py:1006 -- To view the status of the cluster, use
2025-08-22 17:59:12,269	INFO scripts.py:1007 --   [1mray status[22m[26m
2025-08-22 17:59:12,269	INFO scripts.py:1011 -- To monitor and debug Ray, view the dashboard at 
2025-08-22 17:59:12,269	INFO scripts.py:1012 --   [1m129.114.17.136:8265[22m[26m
2025-08-22 17:59:12,269	INFO scripts.py:1019 -- [4mIf connection to the dashboard fails, check your firewall settings and network configuration.[24m
2025-08-22 17:59:12,269	INFO scripts.py:1123 -- [36m[1m--block[22m[39m
2025-08-22 17:59:12,269	INFO scripts.py:1124 -- This command will now block forever until terminated by a signal.
2025-08-22 17:59:12,269	INFO scripts.py:1127 -- Running subprocesses are monitored and a message will be printed if any of them terminate unexpectedly. Subprocesses exit with SIGTERM will be treated as graceful, thus NOT reported.
Starting Ray worker nodes...
Starting worker on c612-042
Starting worker on c612-051
Starting worker on c612-052
Starting worker on c612-061
Starting worker on c612-062
Starting worker on c612-071
Starting worker on c612-072
Starting worker on c612-081
Starting worker on c612-082
Starting worker on c612-091
Starting worker on c612-092
Starting worker on c612-101
Starting worker on c612-102
Starting worker on c612-111
Starting worker on c612-112
Ray worker PIDs: 2580581 2580582 2580583 2580584 2580585 2580586 2580587 2580588 2580589 2580590 2580591 2580592 2580593 2580594 2580595
Waiting for cluster to form completely...
2025-08-22 17:59:24,549	INFO scripts.py:1094 -- [37mLocal node IP[39m: [1m129.114.17.138[22m
2025-08-22 17:59:25,774	SUCC scripts.py:1110 -- [32m--------------------[39m
2025-08-22 17:59:25,774	SUCC scripts.py:1111 -- [32mRay runtime started.[39m
2025-08-22 17:59:25,774	SUCC scripts.py:1112 -- [32m--------------------[39m
2025-08-22 17:59:25,774	INFO scripts.py:1114 -- To terminate the Ray runtime, run
2025-08-22 17:59:25,774	INFO scripts.py:1115 -- [1m  ray stop[22m
2025-08-22 17:59:25,775	INFO scripts.py:1123 -- [36m[1m--block[22m[39m
2025-08-22 17:59:25,775	INFO scripts.py:1124 -- This command will now block forever until terminated by a signal.
2025-08-22 17:59:25,775	INFO scripts.py:1127 -- Running subprocesses are monitored and a message will be printed if any of them terminate unexpectedly. Subprocesses exit with SIGTERM will be treated as graceful, thus NOT reported.
2025-08-22 17:59:24,601	INFO scripts.py:1094 -- [37mLocal node IP[39m: [1m129.114.17.144[22m
2025-08-22 17:59:25,831	SUCC scripts.py:1110 -- [32m--------------------[39m
2025-08-22 17:59:25,831	SUCC scripts.py:1111 -- [32mRay runtime started.[39m
2025-08-22 17:59:25,831	SUCC scripts.py:1112 -- [32m--------------------[39m
2025-08-22 17:59:25,831	INFO scripts.py:1114 -- To terminate the Ray runtime, run
2025-08-22 17:59:25,831	INFO scripts.py:1115 -- [1m  ray stop[22m
2025-08-22 17:59:25,831	INFO scripts.py:1123 -- [36m[1m--block[22m[39m
2025-08-22 17:59:25,831	INFO scripts.py:1124 -- This command will now block forever until terminated by a signal.
2025-08-22 17:59:25,831	INFO scripts.py:1127 -- Running subprocesses are monitored and a message will be printed if any of them terminate unexpectedly. Subprocesses exit with SIGTERM will be treated as graceful, thus NOT reported.
2025-08-22 17:59:24,601	INFO scripts.py:1094 -- [37mLocal node IP[39m: [1m129.114.17.140[22m
2025-08-22 17:59:25,839	SUCC scripts.py:1110 -- [32m--------------------[39m
2025-08-22 17:59:25,839	SUCC scripts.py:1111 -- [32mRay runtime started.[39m
2025-08-22 17:59:25,839	SUCC scripts.py:1112 -- [32m--------------------[39m
2025-08-22 17:59:25,839	INFO scripts.py:1114 -- To terminate the Ray runtime, run
2025-08-22 17:59:25,839	INFO scripts.py:1115 -- [1m  ray stop[22m
2025-08-22 17:59:25,839	INFO scripts.py:1123 -- [36m[1m--block[22m[39m
2025-08-22 17:59:25,839	INFO scripts.py:1124 -- This command will now block forever until terminated by a signal.
2025-08-22 17:59:25,840	INFO scripts.py:1127 -- Running subprocesses are monitored and a message will be printed if any of them terminate unexpectedly. Subprocesses exit with SIGTERM will be treated as graceful, thus NOT reported.
2025-08-22 17:59:24,630	INFO scripts.py:1094 -- [37mLocal node IP[39m: [1m129.114.17.149[22m
2025-08-22 17:59:25,958	SUCC scripts.py:1110 -- [32m--------------------[39m
2025-08-22 17:59:25,958	SUCC scripts.py:1111 -- [32mRay runtime started.[39m
2025-08-22 17:59:25,959	SUCC scripts.py:1112 -- [32m--------------------[39m
2025-08-22 17:59:25,959	INFO scripts.py:1114 -- To terminate the Ray runtime, run
2025-08-22 17:59:25,959	INFO scripts.py:1115 -- [1m  ray stop[22m
2025-08-22 17:59:24,630	INFO scripts.py:1094 -- [37mLocal node IP[39m: [1m129.114.17.145[22m
2025-08-22 17:59:25,958	SUCC scripts.py:1110 -- [32m--------------------[39m
2025-08-22 17:59:25,959	SUCC scripts.py:1111 -- [32mRay runtime started.[39m
2025-08-22 17:59:25,959	SUCC scripts.py:1112 -- [32m--------------------[39m
2025-08-22 17:59:25,959	INFO scripts.py:1114 -- To terminate the Ray runtime, run
2025-08-22 17:59:25,959	INFO scripts.py:1115 -- [1m  ray stop[22m
2025-08-22 17:59:24,622	INFO scripts.py:1094 -- [37mLocal node IP[39m: [1m129.114.17.147[22m
2025-08-22 17:59:25,959	SUCC scripts.py:1110 -- [32m--------------------[39m
2025-08-22 17:59:25,959	SUCC scripts.py:1111 -- [32mRay runtime started.[39m
2025-08-22 17:59:25,959	SUCC scripts.py:1112 -- [32m--------------------[39m
2025-08-22 17:59:25,959	INFO scripts.py:1114 -- To terminate the Ray runtime, run
2025-08-22 17:59:25,959	INFO scripts.py:1115 -- [1m  ray stop[22m
2025-08-22 17:59:24,645	INFO scripts.py:1094 -- [37mLocal node IP[39m: [1m129.114.17.150[22m
2025-08-22 17:59:24,649	INFO scripts.py:1094 -- [37mLocal node IP[39m: [1m129.114.17.148[22m
2025-08-22 17:59:25,958	SUCC scripts.py:1110 -- [32m--------------------[39m
2025-08-22 17:59:25,958	SUCC scripts.py:1110 -- [32m--------------------[39m
2025-08-22 17:59:25,958	SUCC scripts.py:1111 -- [32mRay runtime started.[39m
2025-08-22 17:59:25,959	SUCC scripts.py:1111 -- [32mRay runtime started.[39m
2025-08-22 17:59:25,959	SUCC scripts.py:1112 -- [32m--------------------[39m
2025-08-22 17:59:25,959	SUCC scripts.py:1112 -- [32m--------------------[39m
2025-08-22 17:59:25,959	INFO scripts.py:1114 -- To terminate the Ray runtime, run
2025-08-22 17:59:25,959	INFO scripts.py:1114 -- To terminate the Ray runtime, run
2025-08-22 17:59:24,695	INFO scripts.py:1094 -- [37mLocal node IP[39m: [1m129.114.17.139[22m
2025-08-22 17:59:25,959	INFO scripts.py:1115 -- [1m  ray stop[22m
2025-08-22 17:59:25,959	INFO scripts.py:1115 -- [1m  ray stop[22m
2025-08-22 17:59:24,639	INFO scripts.py:1094 -- [37mLocal node IP[39m: [1m129.114.17.142[22m
2025-08-22 17:59:25,958	SUCC scripts.py:1110 -- [32m--------------------[39m
2025-08-22 17:59:25,958	SUCC scripts.py:1110 -- [32m--------------------[39m
2025-08-22 17:59:25,958	SUCC scripts.py:1111 -- [32mRay runtime started.[39m
2025-08-22 17:59:25,959	SUCC scripts.py:1111 -- [32mRay runtime started.[39m
2025-08-22 17:59:25,958	SUCC scripts.py:1112 -- [32m--------------------[39m
2025-08-22 17:59:25,959	SUCC scripts.py:1112 -- [32m--------------------[39m
2025-08-22 17:59:25,958	INFO scripts.py:1114 -- To terminate the Ray runtime, run
2025-08-22 17:59:25,959	INFO scripts.py:1114 -- To terminate the Ray runtime, run
2025-08-22 17:59:25,958	INFO scripts.py:1115 -- [1m  ray stop[22m
2025-08-22 17:59:25,959	INFO scripts.py:1115 -- [1m  ray stop[22m
2025-08-22 17:59:25,959	INFO scripts.py:1123 -- [36m[1m--block[22m[39m
2025-08-22 17:59:25,959	INFO scripts.py:1124 -- This command will now block forever until terminated by a signal.
2025-08-22 17:59:25,959	INFO scripts.py:1127 -- Running subprocesses are monitored and a message will be printed if any of them terminate unexpectedly. Subprocesses exit with SIGTERM will be treated as graceful, thus NOT reported.
2025-08-22 17:59:25,959	INFO scripts.py:1123 -- [36m[1m--block[22m[39m
2025-08-22 17:59:25,959	INFO scripts.py:1124 -- This command will now block forever until terminated by a signal.
2025-08-22 17:59:25,959	INFO scripts.py:1127 -- Running subprocesses are monitored and a message will be printed if any of them terminate unexpectedly. Subprocesses exit with SIGTERM will be treated as graceful, thus NOT reported.
2025-08-22 17:59:25,959	INFO scripts.py:1123 -- [36m[1m--block[22m[39m
2025-08-22 17:59:25,959	INFO scripts.py:1124 -- This command will now block forever until terminated by a signal.
2025-08-22 17:59:25,959	INFO scripts.py:1127 -- Running subprocesses are monitored and a message will be printed if any of them terminate unexpectedly. Subprocesses exit with SIGTERM will be treated as graceful, thus NOT reported.
2025-08-22 17:59:25,959	INFO scripts.py:1123 -- [36m[1m--block[22m[39m
2025-08-22 17:59:25,959	INFO scripts.py:1124 -- This command will now block forever until terminated by a signal.
2025-08-22 17:59:25,959	INFO scripts.py:1127 -- Running subprocesses are monitored and a message will be printed if any of them terminate unexpectedly. Subprocesses exit with SIGTERM will be treated as graceful, thus NOT reported.
2025-08-22 17:59:25,959	INFO scripts.py:1123 -- [36m[1m--block[22m[39m
2025-08-22 17:59:25,959	INFO scripts.py:1124 -- This command will now block forever until terminated by a signal.
2025-08-22 17:59:25,959	INFO scripts.py:1127 -- Running subprocesses are monitored and a message will be printed if any of them terminate unexpectedly. Subprocesses exit with SIGTERM will be treated as graceful, thus NOT reported.
2025-08-22 17:59:25,959	INFO scripts.py:1123 -- [36m[1m--block[22m[39m
2025-08-22 17:59:25,959	INFO scripts.py:1124 -- This command will now block forever until terminated by a signal.
2025-08-22 17:59:25,959	INFO scripts.py:1127 -- Running subprocesses are monitored and a message will be printed if any of them terminate unexpectedly. Subprocesses exit with SIGTERM will be treated as graceful, thus NOT reported.
2025-08-22 17:59:25,959	INFO scripts.py:1123 -- [36m[1m--block[22m[39m
2025-08-22 17:59:25,959	INFO scripts.py:1124 -- This command will now block forever until terminated by a signal.
2025-08-22 17:59:25,959	INFO scripts.py:1127 -- Running subprocesses are monitored and a message will be printed if any of them terminate unexpectedly. Subprocesses exit with SIGTERM will be treated as graceful, thus NOT reported.
2025-08-22 17:59:24,711	INFO scripts.py:1094 -- [37mLocal node IP[39m: [1m129.114.17.151[22m
2025-08-22 17:59:25,972	SUCC scripts.py:1110 -- [32m--------------------[39m
2025-08-22 17:59:25,972	SUCC scripts.py:1111 -- [32mRay runtime started.[39m
2025-08-22 17:59:25,972	SUCC scripts.py:1112 -- [32m--------------------[39m
2025-08-22 17:59:25,972	INFO scripts.py:1114 -- To terminate the Ray runtime, run
2025-08-22 17:59:25,972	INFO scripts.py:1115 -- [1m  ray stop[22m
2025-08-22 17:59:25,973	INFO scripts.py:1123 -- [36m[1m--block[22m[39m
2025-08-22 17:59:25,973	INFO scripts.py:1124 -- This command will now block forever until terminated by a signal.
2025-08-22 17:59:25,973	INFO scripts.py:1127 -- Running subprocesses are monitored and a message will be printed if any of them terminate unexpectedly. Subprocesses exit with SIGTERM will be treated as graceful, thus NOT reported.
2025-08-22 17:59:24,735	INFO scripts.py:1094 -- [37mLocal node IP[39m: [1m129.114.17.137[22m
2025-08-22 17:59:25,983	SUCC scripts.py:1110 -- [32m--------------------[39m
2025-08-22 17:59:25,983	SUCC scripts.py:1111 -- [32mRay runtime started.[39m
2025-08-22 17:59:25,983	SUCC scripts.py:1112 -- [32m--------------------[39m
2025-08-22 17:59:25,983	INFO scripts.py:1114 -- To terminate the Ray runtime, run
2025-08-22 17:59:25,983	INFO scripts.py:1115 -- [1m  ray stop[22m
2025-08-22 17:59:25,983	INFO scripts.py:1123 -- [36m[1m--block[22m[39m
2025-08-22 17:59:25,984	INFO scripts.py:1124 -- This command will now block forever until terminated by a signal.
2025-08-22 17:59:25,984	INFO scripts.py:1127 -- Running subprocesses are monitored and a message will be printed if any of them terminate unexpectedly. Subprocesses exit with SIGTERM will be treated as graceful, thus NOT reported.
2025-08-22 17:59:24,736	INFO scripts.py:1094 -- [37mLocal node IP[39m: [1m129.114.17.146[22m
2025-08-22 17:59:25,985	SUCC scripts.py:1110 -- [32m--------------------[39m
2025-08-22 17:59:25,985	SUCC scripts.py:1111 -- [32mRay runtime started.[39m
2025-08-22 17:59:25,985	SUCC scripts.py:1112 -- [32m--------------------[39m
2025-08-22 17:59:25,985	INFO scripts.py:1114 -- To terminate the Ray runtime, run
2025-08-22 17:59:25,985	INFO scripts.py:1115 -- [1m  ray stop[22m
2025-08-22 17:59:25,985	INFO scripts.py:1123 -- [36m[1m--block[22m[39m
2025-08-22 17:59:25,985	INFO scripts.py:1124 -- This command will now block forever until terminated by a signal.
2025-08-22 17:59:25,985	INFO scripts.py:1127 -- Running subprocesses are monitored and a message will be printed if any of them terminate unexpectedly. Subprocesses exit with SIGTERM will be treated as graceful, thus NOT reported.
2025-08-22 17:59:24,744	INFO scripts.py:1094 -- [37mLocal node IP[39m: [1m129.114.17.141[22m
2025-08-22 17:59:26,060	SUCC scripts.py:1110 -- [32m--------------------[39m
2025-08-22 17:59:26,060	SUCC scripts.py:1111 -- [32mRay runtime started.[39m
2025-08-22 17:59:26,060	SUCC scripts.py:1112 -- [32m--------------------[39m
2025-08-22 17:59:26,060	INFO scripts.py:1114 -- To terminate the Ray runtime, run
2025-08-22 17:59:26,060	INFO scripts.py:1115 -- [1m  ray stop[22m
2025-08-22 17:59:26,060	INFO scripts.py:1123 -- [36m[1m--block[22m[39m
2025-08-22 17:59:26,060	INFO scripts.py:1124 -- This command will now block forever until terminated by a signal.
2025-08-22 17:59:26,060	INFO scripts.py:1127 -- Running subprocesses are monitored and a message will be printed if any of them terminate unexpectedly. Subprocesses exit with SIGTERM will be treated as graceful, thus NOT reported.
2025-08-22 17:59:24,761	INFO scripts.py:1094 -- [37mLocal node IP[39m: [1m129.114.17.143[22m
2025-08-22 17:59:26,061	SUCC scripts.py:1110 -- [32m--------------------[39m
2025-08-22 17:59:26,061	SUCC scripts.py:1111 -- [32mRay runtime started.[39m
2025-08-22 17:59:26,061	SUCC scripts.py:1112 -- [32m--------------------[39m
2025-08-22 17:59:26,061	INFO scripts.py:1114 -- To terminate the Ray runtime, run
2025-08-22 17:59:26,061	INFO scripts.py:1115 -- [1m  ray stop[22m
2025-08-22 17:59:26,062	INFO scripts.py:1123 -- [36m[1m--block[22m[39m
2025-08-22 17:59:26,062	INFO scripts.py:1124 -- This command will now block forever until terminated by a signal.
2025-08-22 17:59:26,062	INFO scripts.py:1127 -- Running subprocesses are monitored and a message will be printed if any of them terminate unexpectedly. Subprocesses exit with SIGTERM will be treated as graceful, thus NOT reported.
Checking Ray cluster status...
======== Autoscaler status: 2025-08-22 17:59:40.508670 ========
Node status
---------------------------------------------------------------
Active:
 1 node_9a14a588fa5725e18a2c9187b80c3d1ce42a306defcc55d76858113f
 1 node_d996c0b0b0b9c72c0624bc3997d9246c1bf12e223c6acd8f3ed03c68
 1 node_0767af701770a801e539597444a2d7906674ec5256d85306ccf8160a
 1 node_97fe196d517120f77ec58f8d8c242ca6583f3ca211c2150c0c0e07e1
 1 node_606ca75dd5b7ca6b1bf33b1e0d70502edfa9df601044b8d1272e1a7d
 1 node_ac5ae8ca2fbfe0b43951d97551b92307dc4ff3b62c61375a0868838e
 1 node_cb7971c507773fe1d98c0dfba9e8a1036e2030bb478e5e251ecee352
 1 node_4d33568dc1b3616e7bfb54584c892ee4b3aeac3ad86490ca08e234d2
 1 node_1b12e19da2c25babb423d9a425008903f941688e397f6d4634b1955e
 1 node_fa19242a1e70d5f7d39d38b5db835596326828e58e8333132c3cc7e5
 1 node_57dbba9837bfe0a6d1176be9177ad0348db5aaa234efbf70d64bcaad
 1 node_a2092359863af0ae54eb706c9a1c231eb6be86eb03b12e327f563ebf
 1 node_c548f2977a45dcc593632a3d12dade2d833680bf15d394c6983bbdcf
 1 node_180a0feb3b8ca236398314c5f8a32e871d3e16a7b014d512422fab50
 1 node_9b63980ba089ad6057962ab867c22bcaf5ab93f65d8cda8d2af9ef67
 1 node_48cd3d34403b23fac831fd7f1311e8d68774b11cd992652ecd5aac74
Pending:
 (no pending nodes)
Recent failures:
 (no failures)

Resources
---------------------------------------------------------------
Total Usage:
 0.0/1152.0 CPU
 0.0/16.0 GPU
 0B/2.34TiB memory
 0B/894.90GiB object_store_memory

Total Constraints:
 (no request_resources() constraints)
Total Demands:
 (no resource demands)
Submitting Ray job: /home1/10913/myang13/verl/eft/grpo/grpo_16k.sh from /home1/10913/myang13/verl
2025-08-22 17:59:48,920	INFO cli.py:41 -- [37mJob submission server address[39m: [1mhttp://129.114.17.136:8265[22m
2025-08-22 17:59:58,722	SUCC cli.py:65 -- [32m-------------------------------------------------------[39m
2025-08-22 17:59:58,722	SUCC cli.py:66 -- [32mJob 'raysubmit_pcAE6UwfH3YHcEu2' submitted successfully[39m
2025-08-22 17:59:58,722	SUCC cli.py:67 -- [32m-------------------------------------------------------[39m
2025-08-22 17:59:58,722	INFO cli.py:291 -- [36mNext steps[39m
2025-08-22 17:59:58,722	INFO cli.py:292 -- Query the logs of the job:
2025-08-22 17:59:58,722	INFO cli.py:294 -- [1mray job logs raysubmit_pcAE6UwfH3YHcEu2[22m
2025-08-22 17:59:58,722	INFO cli.py:296 -- Query the status of the job:
2025-08-22 17:59:58,722	INFO cli.py:298 -- [1mray job status raysubmit_pcAE6UwfH3YHcEu2[22m
2025-08-22 17:59:58,722	INFO cli.py:300 -- Request the job to be stopped:
2025-08-22 17:59:58,722	INFO cli.py:302 -- [1mray job stop raysubmit_pcAE6UwfH3YHcEu2[22m
Ray job submission command executed successfully (exit status 0).
Use 'ray job list' or the dashboard http://129.114.17.136:8265 to check job status.
Ray cluster is running.
Slurm job will remain active until Ray processes finish or time limit is reached.
