Running on nodes: c613-[082,091-092,101-102,111-112,121-122,131-132,141-142,151-152],c619-001
Job ID: 337764
--------------------
Head Node: c613-082
Head Node IP: 129.114.17.177
Worker Nodes: c613-091 c613-092 c613-101 c613-102 c613-111 c613-112 c613-121 c613-122 c613-131 c613-132 c613-141 c613-142 c613-151 c613-152 c619-001
--------------------
Starting Ray head node on c613-082...
Ray head node PID: 3924031
2025-08-22 17:58:10,283	INFO usage_lib.py:467 -- Usage stats collection is enabled by default without user confirmation because this terminal is detected to be non-interactive. To disable this, add `--disable-usage-stats` to the command that starts the cluster, or run the following command: `ray disable-usage-stats` before starting the cluster. See https://docs.ray.io/en/master/cluster/usage-stats.html for more details.
2025-08-22 17:58:10,283	INFO scripts.py:913 -- [37mLocal node IP[39m: [1m129.114.17.177[22m
2025-08-22 17:58:12,792	SUCC scripts.py:949 -- [32m--------------------[39m
2025-08-22 17:58:12,792	SUCC scripts.py:950 -- [32mRay runtime started.[39m
2025-08-22 17:58:12,792	SUCC scripts.py:951 -- [32m--------------------[39m
2025-08-22 17:58:12,792	INFO scripts.py:953 -- [36mNext steps[39m
2025-08-22 17:58:12,792	INFO scripts.py:956 -- To add another node to this Ray cluster, run
2025-08-22 17:58:12,792	INFO scripts.py:959 -- [1m  ray start --address='129.114.17.177:6379'[22m
2025-08-22 17:58:12,792	INFO scripts.py:968 -- To connect to this Ray cluster:
2025-08-22 17:58:12,792	INFO scripts.py:970 -- [35mimport[39m[26m ray
2025-08-22 17:58:12,792	INFO scripts.py:971 -- ray[35m.[39m[26minit(_node_ip_address[35m=[39m[26m[33m'129.114.17.177'[39m[26m)
2025-08-22 17:58:12,792	INFO scripts.py:983 -- To submit a Ray job using the Ray Jobs CLI:
2025-08-22 17:58:12,792	INFO scripts.py:984 -- [1m  RAY_ADDRESS='http://129.114.17.177:8265' ray job submit --working-dir . -- python my_script.py[22m
2025-08-22 17:58:12,792	INFO scripts.py:993 -- See https://docs.ray.io/en/latest/cluster/running-applications/job-submission/index.html 
2025-08-22 17:58:12,792	INFO scripts.py:997 -- for more information on submitting Ray jobs to the Ray cluster.
2025-08-22 17:58:12,792	INFO scripts.py:1002 -- To terminate the Ray runtime, run
2025-08-22 17:58:12,792	INFO scripts.py:1003 -- [1m  ray stop[22m
2025-08-22 17:58:12,792	INFO scripts.py:1006 -- To view the status of the cluster, use
2025-08-22 17:58:12,792	INFO scripts.py:1007 --   [1mray status[22m[26m
2025-08-22 17:58:12,792	INFO scripts.py:1011 -- To monitor and debug Ray, view the dashboard at 
2025-08-22 17:58:12,792	INFO scripts.py:1012 --   [1m129.114.17.177:8265[22m[26m
2025-08-22 17:58:12,792	INFO scripts.py:1019 -- [4mIf connection to the dashboard fails, check your firewall settings and network configuration.[24m
2025-08-22 17:58:12,792	INFO scripts.py:1123 -- [36m[1m--block[22m[39m
2025-08-22 17:58:12,792	INFO scripts.py:1124 -- This command will now block forever until terminated by a signal.
2025-08-22 17:58:12,792	INFO scripts.py:1127 -- Running subprocesses are monitored and a message will be printed if any of them terminate unexpectedly. Subprocesses exit with SIGTERM will be treated as graceful, thus NOT reported.
Starting Ray worker nodes...
Starting worker on c613-091
Starting worker on c613-092
Starting worker on c613-101
Starting worker on c613-102
Starting worker on c613-111
Starting worker on c613-112
Starting worker on c613-121
Starting worker on c613-122
Starting worker on c613-131
Starting worker on c613-132
Starting worker on c613-141
Starting worker on c613-142
Starting worker on c613-151
Starting worker on c613-152
Starting worker on c619-001
Ray worker PIDs: 3925008 3925009 3925010 3925011 3925012 3925013 3925014 3925015 3925016 3925017 3925018 3925019 3925020 3925021 3925022
Waiting for cluster to form completely...
2025-08-22 17:58:24,966	INFO scripts.py:1094 -- [37mLocal node IP[39m: [1m129.114.17.178[22m
2025-08-22 17:58:26,197	SUCC scripts.py:1110 -- [32m--------------------[39m
2025-08-22 17:58:26,197	SUCC scripts.py:1111 -- [32mRay runtime started.[39m
2025-08-22 17:58:26,197	SUCC scripts.py:1112 -- [32m--------------------[39m
2025-08-22 17:58:26,197	INFO scripts.py:1114 -- To terminate the Ray runtime, run
2025-08-22 17:58:26,197	INFO scripts.py:1115 -- [1m  ray stop[22m
2025-08-22 17:58:26,197	INFO scripts.py:1123 -- [36m[1m--block[22m[39m
2025-08-22 17:58:26,197	INFO scripts.py:1124 -- This command will now block forever until terminated by a signal.
2025-08-22 17:58:26,197	INFO scripts.py:1127 -- Running subprocesses are monitored and a message will be printed if any of them terminate unexpectedly. Subprocesses exit with SIGTERM will be treated as graceful, thus NOT reported.
2025-08-22 17:58:25,067	INFO scripts.py:1094 -- [37mLocal node IP[39m: [1m129.114.17.187[22m
2025-08-22 17:58:26,308	SUCC scripts.py:1110 -- [32m--------------------[39m
2025-08-22 17:58:26,308	SUCC scripts.py:1111 -- [32mRay runtime started.[39m
2025-08-22 17:58:26,308	SUCC scripts.py:1112 -- [32m--------------------[39m
2025-08-22 17:58:26,308	INFO scripts.py:1114 -- To terminate the Ray runtime, run
2025-08-22 17:58:26,308	INFO scripts.py:1115 -- [1m  ray stop[22m
2025-08-22 17:58:26,309	INFO scripts.py:1123 -- [36m[1m--block[22m[39m
2025-08-22 17:58:26,309	INFO scripts.py:1124 -- This command will now block forever until terminated by a signal.
2025-08-22 17:58:26,309	INFO scripts.py:1127 -- Running subprocesses are monitored and a message will be printed if any of them terminate unexpectedly. Subprocesses exit with SIGTERM will be treated as graceful, thus NOT reported.
2025-08-22 17:58:25,119	INFO scripts.py:1094 -- [37mLocal node IP[39m: [1m129.114.17.188[22m
2025-08-22 17:58:26,350	SUCC scripts.py:1110 -- [32m--------------------[39m
2025-08-22 17:58:26,350	SUCC scripts.py:1111 -- [32mRay runtime started.[39m
2025-08-22 17:58:26,350	SUCC scripts.py:1112 -- [32m--------------------[39m
2025-08-22 17:58:26,350	INFO scripts.py:1114 -- To terminate the Ray runtime, run
2025-08-22 17:58:26,350	INFO scripts.py:1115 -- [1m  ray stop[22m
2025-08-22 17:58:26,350	INFO scripts.py:1123 -- [36m[1m--block[22m[39m
2025-08-22 17:58:26,350	INFO scripts.py:1124 -- This command will now block forever until terminated by a signal.
2025-08-22 17:58:26,350	INFO scripts.py:1127 -- Running subprocesses are monitored and a message will be printed if any of them terminate unexpectedly. Subprocesses exit with SIGTERM will be treated as graceful, thus NOT reported.
2025-08-22 17:58:25,119	INFO scripts.py:1094 -- [37mLocal node IP[39m: [1m129.114.17.182[22m
2025-08-22 17:58:26,352	SUCC scripts.py:1110 -- [32m--------------------[39m
2025-08-22 17:58:26,352	SUCC scripts.py:1111 -- [32mRay runtime started.[39m
2025-08-22 17:58:26,352	SUCC scripts.py:1112 -- [32m--------------------[39m
2025-08-22 17:58:26,352	INFO scripts.py:1114 -- To terminate the Ray runtime, run
2025-08-22 17:58:26,352	INFO scripts.py:1115 -- [1m  ray stop[22m
2025-08-22 17:58:26,353	INFO scripts.py:1123 -- [36m[1m--block[22m[39m
2025-08-22 17:58:26,353	INFO scripts.py:1124 -- This command will now block forever until terminated by a signal.
2025-08-22 17:58:26,353	INFO scripts.py:1127 -- Running subprocesses are monitored and a message will be printed if any of them terminate unexpectedly. Subprocesses exit with SIGTERM will be treated as graceful, thus NOT reported.
2025-08-22 17:58:25,122	INFO scripts.py:1094 -- [37mLocal node IP[39m: [1m129.114.17.190[22m
2025-08-22 17:58:26,353	SUCC scripts.py:1110 -- [32m--------------------[39m
2025-08-22 17:58:26,353	SUCC scripts.py:1111 -- [32mRay runtime started.[39m
2025-08-22 17:58:26,353	SUCC scripts.py:1112 -- [32m--------------------[39m
2025-08-22 17:58:26,353	INFO scripts.py:1114 -- To terminate the Ray runtime, run
2025-08-22 17:58:26,353	INFO scripts.py:1115 -- [1m  ray stop[22m
2025-08-22 17:58:26,354	INFO scripts.py:1123 -- [36m[1m--block[22m[39m
2025-08-22 17:58:26,354	INFO scripts.py:1124 -- This command will now block forever until terminated by a signal.
2025-08-22 17:58:26,354	INFO scripts.py:1127 -- Running subprocesses are monitored and a message will be printed if any of them terminate unexpectedly. Subprocesses exit with SIGTERM will be treated as graceful, thus NOT reported.
2025-08-22 17:58:25,125	INFO scripts.py:1094 -- [37mLocal node IP[39m: [1m129.114.17.180[22m
2025-08-22 17:58:26,359	SUCC scripts.py:1110 -- [32m--------------------[39m
2025-08-22 17:58:26,359	SUCC scripts.py:1111 -- [32mRay runtime started.[39m
2025-08-22 17:58:26,359	SUCC scripts.py:1112 -- [32m--------------------[39m
2025-08-22 17:58:26,359	INFO scripts.py:1114 -- To terminate the Ray runtime, run
2025-08-22 17:58:26,359	INFO scripts.py:1115 -- [1m  ray stop[22m
2025-08-22 17:58:26,360	INFO scripts.py:1123 -- [36m[1m--block[22m[39m
2025-08-22 17:58:26,360	INFO scripts.py:1124 -- This command will now block forever until terminated by a signal.
2025-08-22 17:58:26,360	INFO scripts.py:1127 -- Running subprocesses are monitored and a message will be printed if any of them terminate unexpectedly. Subprocesses exit with SIGTERM will be treated as graceful, thus NOT reported.
2025-08-22 17:58:25,120	INFO scripts.py:1094 -- [37mLocal node IP[39m: [1m129.114.17.184[22m
2025-08-22 17:58:26,366	SUCC scripts.py:1110 -- [32m--------------------[39m
2025-08-22 17:58:26,366	SUCC scripts.py:1111 -- [32mRay runtime started.[39m
2025-08-22 17:58:26,366	SUCC scripts.py:1112 -- [32m--------------------[39m
2025-08-22 17:58:26,366	INFO scripts.py:1114 -- To terminate the Ray runtime, run
2025-08-22 17:58:26,366	INFO scripts.py:1115 -- [1m  ray stop[22m
2025-08-22 17:58:25,126	INFO scripts.py:1094 -- [37mLocal node IP[39m: [1m129.114.17.181[22m
2025-08-22 17:58:26,366	SUCC scripts.py:1110 -- [32m--------------------[39m
2025-08-22 17:58:26,366	SUCC scripts.py:1111 -- [32mRay runtime started.[39m
2025-08-22 17:58:26,366	SUCC scripts.py:1112 -- [32m--------------------[39m
2025-08-22 17:58:26,366	INFO scripts.py:1114 -- To terminate the Ray runtime, run
2025-08-22 17:58:26,366	INFO scripts.py:1115 -- [1m  ray stop[22m
2025-08-22 17:58:26,367	INFO scripts.py:1123 -- [36m[1m--block[22m[39m
2025-08-22 17:58:26,367	INFO scripts.py:1124 -- This command will now block forever until terminated by a signal.
2025-08-22 17:58:26,367	INFO scripts.py:1127 -- Running subprocesses are monitored and a message will be printed if any of them terminate unexpectedly. Subprocesses exit with SIGTERM will be treated as graceful, thus NOT reported.
2025-08-22 17:58:26,367	INFO scripts.py:1123 -- [36m[1m--block[22m[39m
2025-08-22 17:58:26,367	INFO scripts.py:1124 -- This command will now block forever until terminated by a signal.
2025-08-22 17:58:26,367	INFO scripts.py:1127 -- Running subprocesses are monitored and a message will be printed if any of them terminate unexpectedly. Subprocesses exit with SIGTERM will be treated as graceful, thus NOT reported.
2025-08-22 17:58:25,123	INFO scripts.py:1094 -- [37mLocal node IP[39m: [1m129.114.17.186[22m
2025-08-22 17:58:26,368	SUCC scripts.py:1110 -- [32m--------------------[39m
2025-08-22 17:58:26,368	SUCC scripts.py:1111 -- [32mRay runtime started.[39m
2025-08-22 17:58:26,369	SUCC scripts.py:1112 -- [32m--------------------[39m
2025-08-22 17:58:26,369	INFO scripts.py:1114 -- To terminate the Ray runtime, run
2025-08-22 17:58:26,369	INFO scripts.py:1115 -- [1m  ray stop[22m
2025-08-22 17:58:26,369	INFO scripts.py:1123 -- [36m[1m--block[22m[39m
2025-08-22 17:58:26,369	INFO scripts.py:1124 -- This command will now block forever until terminated by a signal.
2025-08-22 17:58:26,369	INFO scripts.py:1127 -- Running subprocesses are monitored and a message will be printed if any of them terminate unexpectedly. Subprocesses exit with SIGTERM will be treated as graceful, thus NOT reported.
2025-08-22 17:58:25,124	INFO scripts.py:1094 -- [37mLocal node IP[39m: [1m129.114.17.192[22m
2025-08-22 17:58:26,373	SUCC scripts.py:1110 -- [32m--------------------[39m
2025-08-22 17:58:26,373	SUCC scripts.py:1111 -- [32mRay runtime started.[39m
2025-08-22 17:58:26,373	SUCC scripts.py:1112 -- [32m--------------------[39m
2025-08-22 17:58:26,373	INFO scripts.py:1114 -- To terminate the Ray runtime, run
2025-08-22 17:58:26,373	INFO scripts.py:1115 -- [1m  ray stop[22m
2025-08-22 17:58:26,373	INFO scripts.py:1123 -- [36m[1m--block[22m[39m
2025-08-22 17:58:26,373	INFO scripts.py:1124 -- This command will now block forever until terminated by a signal.
2025-08-22 17:58:26,373	INFO scripts.py:1127 -- Running subprocesses are monitored and a message will be printed if any of them terminate unexpectedly. Subprocesses exit with SIGTERM will be treated as graceful, thus NOT reported.
2025-08-22 17:58:25,145	INFO scripts.py:1094 -- [37mLocal node IP[39m: [1m129.114.17.189[22m
2025-08-22 17:58:26,386	SUCC scripts.py:1110 -- [32m--------------------[39m
2025-08-22 17:58:26,386	SUCC scripts.py:1111 -- [32mRay runtime started.[39m
2025-08-22 17:58:26,386	SUCC scripts.py:1112 -- [32m--------------------[39m
2025-08-22 17:58:26,386	INFO scripts.py:1114 -- To terminate the Ray runtime, run
2025-08-22 17:58:26,386	INFO scripts.py:1115 -- [1m  ray stop[22m
2025-08-22 17:58:26,386	INFO scripts.py:1123 -- [36m[1m--block[22m[39m
2025-08-22 17:58:26,386	INFO scripts.py:1124 -- This command will now block forever until terminated by a signal.
2025-08-22 17:58:26,386	INFO scripts.py:1127 -- Running subprocesses are monitored and a message will be printed if any of them terminate unexpectedly. Subprocesses exit with SIGTERM will be treated as graceful, thus NOT reported.
2025-08-22 17:58:25,152	INFO scripts.py:1094 -- [37mLocal node IP[39m: [1m129.114.17.191[22m
2025-08-22 17:58:26,393	SUCC scripts.py:1110 -- [32m--------------------[39m
2025-08-22 17:58:26,393	SUCC scripts.py:1111 -- [32mRay runtime started.[39m
2025-08-22 17:58:26,393	SUCC scripts.py:1112 -- [32m--------------------[39m
2025-08-22 17:58:26,393	INFO scripts.py:1114 -- To terminate the Ray runtime, run
2025-08-22 17:58:26,393	INFO scripts.py:1115 -- [1m  ray stop[22m
2025-08-22 17:58:26,393	INFO scripts.py:1123 -- [36m[1m--block[22m[39m
2025-08-22 17:58:26,393	INFO scripts.py:1124 -- This command will now block forever until terminated by a signal.
2025-08-22 17:58:26,393	INFO scripts.py:1127 -- Running subprocesses are monitored and a message will be printed if any of them terminate unexpectedly. Subprocesses exit with SIGTERM will be treated as graceful, thus NOT reported.
2025-08-22 17:58:25,187	INFO scripts.py:1094 -- [37mLocal node IP[39m: [1m129.114.17.183[22m
2025-08-22 17:58:26,436	SUCC scripts.py:1110 -- [32m--------------------[39m
2025-08-22 17:58:26,436	SUCC scripts.py:1111 -- [32mRay runtime started.[39m
2025-08-22 17:58:26,436	SUCC scripts.py:1112 -- [32m--------------------[39m
2025-08-22 17:58:26,436	INFO scripts.py:1114 -- To terminate the Ray runtime, run
2025-08-22 17:58:26,436	INFO scripts.py:1115 -- [1m  ray stop[22m
2025-08-22 17:58:26,437	INFO scripts.py:1123 -- [36m[1m--block[22m[39m
2025-08-22 17:58:26,437	INFO scripts.py:1124 -- This command will now block forever until terminated by a signal.
2025-08-22 17:58:26,437	INFO scripts.py:1127 -- Running subprocesses are monitored and a message will be printed if any of them terminate unexpectedly. Subprocesses exit with SIGTERM will be treated as graceful, thus NOT reported.
2025-08-22 17:58:25,210	INFO scripts.py:1094 -- [37mLocal node IP[39m: [1m129.114.17.185[22m
2025-08-22 17:58:26,549	SUCC scripts.py:1110 -- [32m--------------------[39m
2025-08-22 17:58:26,549	SUCC scripts.py:1111 -- [32mRay runtime started.[39m
2025-08-22 17:58:26,549	SUCC scripts.py:1112 -- [32m--------------------[39m
2025-08-22 17:58:26,549	INFO scripts.py:1114 -- To terminate the Ray runtime, run
2025-08-22 17:58:26,549	INFO scripts.py:1115 -- [1m  ray stop[22m
2025-08-22 17:58:26,549	INFO scripts.py:1123 -- [36m[1m--block[22m[39m
2025-08-22 17:58:26,549	INFO scripts.py:1124 -- This command will now block forever until terminated by a signal.
2025-08-22 17:58:26,549	INFO scripts.py:1127 -- Running subprocesses are monitored and a message will be printed if any of them terminate unexpectedly. Subprocesses exit with SIGTERM will be treated as graceful, thus NOT reported.
2025-08-22 17:58:25,338	INFO scripts.py:1094 -- [37mLocal node IP[39m: [1m129.114.17.179[22m
2025-08-22 17:58:26,589	SUCC scripts.py:1110 -- [32m--------------------[39m
2025-08-22 17:58:26,589	SUCC scripts.py:1111 -- [32mRay runtime started.[39m
2025-08-22 17:58:26,589	SUCC scripts.py:1112 -- [32m--------------------[39m
2025-08-22 17:58:26,589	INFO scripts.py:1114 -- To terminate the Ray runtime, run
2025-08-22 17:58:26,589	INFO scripts.py:1115 -- [1m  ray stop[22m
2025-08-22 17:58:26,590	INFO scripts.py:1123 -- [36m[1m--block[22m[39m
2025-08-22 17:58:26,590	INFO scripts.py:1124 -- This command will now block forever until terminated by a signal.
2025-08-22 17:58:26,590	INFO scripts.py:1127 -- Running subprocesses are monitored and a message will be printed if any of them terminate unexpectedly. Subprocesses exit with SIGTERM will be treated as graceful, thus NOT reported.
