Running on nodes: c612-[041-042,051-052,061-062,071-072,081-082,091-092,101-102,111-112]
Job ID: 337769
--------------------
Head Node: c612-041
Head Node IP: 129.114.17.136
Worker Nodes: c612-042 c612-051 c612-052 c612-061 c612-062 c612-071 c612-072 c612-081 c612-082 c612-091 c612-092 c612-101 c612-102 c612-111 c612-112
--------------------
Starting Ray head node on c612-041...
Ray head node PID: 2590332
2025-08-22 18:03:28,236	INFO usage_lib.py:467 -- Usage stats collection is enabled by default without user confirmation because this terminal is detected to be non-interactive. To disable this, add `--disable-usage-stats` to the command that starts the cluster, or run the following command: `ray disable-usage-stats` before starting the cluster. See https://docs.ray.io/en/master/cluster/usage-stats.html for more details.
2025-08-22 18:03:28,237	INFO scripts.py:913 -- [37mLocal node IP[39m: [1m129.114.17.136[22m
2025-08-22 18:03:30,746	SUCC scripts.py:949 -- [32m--------------------[39m
2025-08-22 18:03:30,746	SUCC scripts.py:950 -- [32mRay runtime started.[39m
2025-08-22 18:03:30,746	SUCC scripts.py:951 -- [32m--------------------[39m
2025-08-22 18:03:30,746	INFO scripts.py:953 -- [36mNext steps[39m
2025-08-22 18:03:30,747	INFO scripts.py:956 -- To add another node to this Ray cluster, run
2025-08-22 18:03:30,747	INFO scripts.py:959 -- [1m  ray start --address='129.114.17.136:6379'[22m
2025-08-22 18:03:30,747	INFO scripts.py:968 -- To connect to this Ray cluster:
2025-08-22 18:03:30,747	INFO scripts.py:970 -- [35mimport[39m[26m ray
2025-08-22 18:03:30,747	INFO scripts.py:971 -- ray[35m.[39m[26minit(_node_ip_address[35m=[39m[26m[33m'129.114.17.136'[39m[26m)
2025-08-22 18:03:30,747	INFO scripts.py:983 -- To submit a Ray job using the Ray Jobs CLI:
2025-08-22 18:03:30,747	INFO scripts.py:984 -- [1m  RAY_ADDRESS='http://129.114.17.136:8265' ray job submit --working-dir . -- python my_script.py[22m
2025-08-22 18:03:30,747	INFO scripts.py:993 -- See https://docs.ray.io/en/latest/cluster/running-applications/job-submission/index.html 
2025-08-22 18:03:30,747	INFO scripts.py:997 -- for more information on submitting Ray jobs to the Ray cluster.
2025-08-22 18:03:30,747	INFO scripts.py:1002 -- To terminate the Ray runtime, run
2025-08-22 18:03:30,747	INFO scripts.py:1003 -- [1m  ray stop[22m
2025-08-22 18:03:30,747	INFO scripts.py:1006 -- To view the status of the cluster, use
2025-08-22 18:03:30,747	INFO scripts.py:1007 --   [1mray status[22m[26m
2025-08-22 18:03:30,747	INFO scripts.py:1011 -- To monitor and debug Ray, view the dashboard at 
2025-08-22 18:03:30,747	INFO scripts.py:1012 --   [1m129.114.17.136:8265[22m[26m
2025-08-22 18:03:30,747	INFO scripts.py:1019 -- [4mIf connection to the dashboard fails, check your firewall settings and network configuration.[24m
2025-08-22 18:03:30,747	INFO scripts.py:1123 -- [36m[1m--block[22m[39m
2025-08-22 18:03:30,747	INFO scripts.py:1124 -- This command will now block forever until terminated by a signal.
2025-08-22 18:03:30,747	INFO scripts.py:1127 -- Running subprocesses are monitored and a message will be printed if any of them terminate unexpectedly. Subprocesses exit with SIGTERM will be treated as graceful, thus NOT reported.
Starting Ray worker nodes...
Starting worker on c612-042
Starting worker on c612-051
Starting worker on c612-052
Starting worker on c612-061
Starting worker on c612-062
Starting worker on c612-071
Starting worker on c612-072
Starting worker on c612-081
Starting worker on c612-082
Starting worker on c612-091
Starting worker on c612-092
Starting worker on c612-101
Starting worker on c612-102
Starting worker on c612-111
Starting worker on c612-112
Ray worker PIDs: 2591309 2591310 2591311 2591312 2591313 2591314 2591315 2591316 2591317 2591318 2591319 2591320 2591321 2591322 2591323
Waiting for cluster to form completely...
2025-08-22 18:03:43,187	INFO scripts.py:1094 -- [37mLocal node IP[39m: [1m129.114.17.138[22m
2025-08-22 18:03:44,416	SUCC scripts.py:1110 -- [32m--------------------[39m
2025-08-22 18:03:44,416	SUCC scripts.py:1111 -- [32mRay runtime started.[39m
2025-08-22 18:03:44,416	SUCC scripts.py:1112 -- [32m--------------------[39m
2025-08-22 18:03:44,416	INFO scripts.py:1114 -- To terminate the Ray runtime, run
2025-08-22 18:03:44,416	INFO scripts.py:1115 -- [1m  ray stop[22m
2025-08-22 18:03:44,416	INFO scripts.py:1123 -- [36m[1m--block[22m[39m
2025-08-22 18:03:44,416	INFO scripts.py:1124 -- This command will now block forever until terminated by a signal.
2025-08-22 18:03:44,416	INFO scripts.py:1127 -- Running subprocesses are monitored and a message will be printed if any of them terminate unexpectedly. Subprocesses exit with SIGTERM will be treated as graceful, thus NOT reported.
2025-08-22 18:03:43,231	INFO scripts.py:1094 -- [37mLocal node IP[39m: [1m129.114.17.144[22m
2025-08-22 18:03:44,470	SUCC scripts.py:1110 -- [32m--------------------[39m
2025-08-22 18:03:44,470	SUCC scripts.py:1111 -- [32mRay runtime started.[39m
2025-08-22 18:03:44,470	SUCC scripts.py:1112 -- [32m--------------------[39m
2025-08-22 18:03:44,470	INFO scripts.py:1114 -- To terminate the Ray runtime, run
2025-08-22 18:03:44,470	INFO scripts.py:1115 -- [1m  ray stop[22m
2025-08-22 18:03:44,471	INFO scripts.py:1123 -- [36m[1m--block[22m[39m
2025-08-22 18:03:44,471	INFO scripts.py:1124 -- This command will now block forever until terminated by a signal.
2025-08-22 18:03:44,471	INFO scripts.py:1127 -- Running subprocesses are monitored and a message will be printed if any of them terminate unexpectedly. Subprocesses exit with SIGTERM will be treated as graceful, thus NOT reported.
2025-08-22 18:03:43,251	INFO scripts.py:1094 -- [37mLocal node IP[39m: [1m129.114.17.148[22m
2025-08-22 18:03:44,474	SUCC scripts.py:1110 -- [32m--------------------[39m
2025-08-22 18:03:44,475	SUCC scripts.py:1111 -- [32mRay runtime started.[39m
2025-08-22 18:03:44,475	SUCC scripts.py:1112 -- [32m--------------------[39m
2025-08-22 18:03:44,475	INFO scripts.py:1114 -- To terminate the Ray runtime, run
2025-08-22 18:03:44,475	INFO scripts.py:1115 -- [1m  ray stop[22m
2025-08-22 18:03:44,475	INFO scripts.py:1123 -- [36m[1m--block[22m[39m
2025-08-22 18:03:44,475	INFO scripts.py:1124 -- This command will now block forever until terminated by a signal.
2025-08-22 18:03:44,475	INFO scripts.py:1127 -- Running subprocesses are monitored and a message will be printed if any of them terminate unexpectedly. Subprocesses exit with SIGTERM will be treated as graceful, thus NOT reported.
2025-08-22 18:03:43,270	INFO scripts.py:1094 -- [37mLocal node IP[39m: [1m129.114.17.147[22m
2025-08-22 18:03:44,518	SUCC scripts.py:1110 -- [32m--------------------[39m
2025-08-22 18:03:44,518	SUCC scripts.py:1111 -- [32mRay runtime started.[39m
2025-08-22 18:03:44,518	SUCC scripts.py:1112 -- [32m--------------------[39m
2025-08-22 18:03:44,518	INFO scripts.py:1114 -- To terminate the Ray runtime, run
2025-08-22 18:03:44,518	INFO scripts.py:1115 -- [1m  ray stop[22m
2025-08-22 18:03:44,518	INFO scripts.py:1123 -- [36m[1m--block[22m[39m
2025-08-22 18:03:44,518	INFO scripts.py:1124 -- This command will now block forever until terminated by a signal.
2025-08-22 18:03:44,518	INFO scripts.py:1127 -- Running subprocesses are monitored and a message will be printed if any of them terminate unexpectedly. Subprocesses exit with SIGTERM will be treated as graceful, thus NOT reported.
2025-08-22 18:03:43,306	INFO scripts.py:1094 -- [37mLocal node IP[39m: [1m129.114.17.142[22m
2025-08-22 18:03:44,545	SUCC scripts.py:1110 -- [32m--------------------[39m
2025-08-22 18:03:44,545	SUCC scripts.py:1111 -- [32mRay runtime started.[39m
2025-08-22 18:03:44,545	SUCC scripts.py:1112 -- [32m--------------------[39m
2025-08-22 18:03:44,545	INFO scripts.py:1114 -- To terminate the Ray runtime, run
2025-08-22 18:03:44,545	INFO scripts.py:1115 -- [1m  ray stop[22m
2025-08-22 18:03:44,545	INFO scripts.py:1123 -- [36m[1m--block[22m[39m
2025-08-22 18:03:44,545	INFO scripts.py:1124 -- This command will now block forever until terminated by a signal.
2025-08-22 18:03:44,545	INFO scripts.py:1127 -- Running subprocesses are monitored and a message will be printed if any of them terminate unexpectedly. Subprocesses exit with SIGTERM will be treated as graceful, thus NOT reported.
2025-08-22 18:03:43,300	INFO scripts.py:1094 -- [37mLocal node IP[39m: [1m129.114.17.150[22m
2025-08-22 18:03:44,546	SUCC scripts.py:1110 -- [32m--------------------[39m
2025-08-22 18:03:44,546	SUCC scripts.py:1111 -- [32mRay runtime started.[39m
2025-08-22 18:03:44,546	SUCC scripts.py:1112 -- [32m--------------------[39m
2025-08-22 18:03:44,546	INFO scripts.py:1114 -- To terminate the Ray runtime, run
2025-08-22 18:03:44,546	INFO scripts.py:1115 -- [1m  ray stop[22m
2025-08-22 18:03:44,546	INFO scripts.py:1123 -- [36m[1m--block[22m[39m
2025-08-22 18:03:44,546	INFO scripts.py:1124 -- This command will now block forever until terminated by a signal.
2025-08-22 18:03:44,547	INFO scripts.py:1127 -- Running subprocesses are monitored and a message will be printed if any of them terminate unexpectedly. Subprocesses exit with SIGTERM will be treated as graceful, thus NOT reported.
2025-08-22 18:03:43,321	INFO scripts.py:1094 -- [37mLocal node IP[39m: [1m129.114.17.145[22m
2025-08-22 18:03:44,574	SUCC scripts.py:1110 -- [32m--------------------[39m
2025-08-22 18:03:44,574	SUCC scripts.py:1111 -- [32mRay runtime started.[39m
2025-08-22 18:03:44,574	SUCC scripts.py:1112 -- [32m--------------------[39m
2025-08-22 18:03:44,574	INFO scripts.py:1114 -- To terminate the Ray runtime, run
2025-08-22 18:03:44,574	INFO scripts.py:1115 -- [1m  ray stop[22m
2025-08-22 18:03:44,575	INFO scripts.py:1123 -- [36m[1m--block[22m[39m
2025-08-22 18:03:44,575	INFO scripts.py:1124 -- This command will now block forever until terminated by a signal.
2025-08-22 18:03:44,575	INFO scripts.py:1127 -- Running subprocesses are monitored and a message will be printed if any of them terminate unexpectedly. Subprocesses exit with SIGTERM will be treated as graceful, thus NOT reported.
2025-08-22 18:03:43,334	INFO scripts.py:1094 -- [37mLocal node IP[39m: [1m129.114.17.140[22m
2025-08-22 18:03:44,580	SUCC scripts.py:1110 -- [32m--------------------[39m
2025-08-22 18:03:44,580	SUCC scripts.py:1111 -- [32mRay runtime started.[39m
2025-08-22 18:03:44,580	SUCC scripts.py:1112 -- [32m--------------------[39m
2025-08-22 18:03:44,580	INFO scripts.py:1114 -- To terminate the Ray runtime, run
2025-08-22 18:03:44,580	INFO scripts.py:1115 -- [1m  ray stop[22m
2025-08-22 18:03:44,581	INFO scripts.py:1123 -- [36m[1m--block[22m[39m
2025-08-22 18:03:44,581	INFO scripts.py:1124 -- This command will now block forever until terminated by a signal.
2025-08-22 18:03:44,581	INFO scripts.py:1127 -- Running subprocesses are monitored and a message will be printed if any of them terminate unexpectedly. Subprocesses exit with SIGTERM will be treated as graceful, thus NOT reported.
2025-08-22 18:03:43,372	INFO scripts.py:1094 -- [37mLocal node IP[39m: [1m129.114.17.139[22m
2025-08-22 18:03:44,609	SUCC scripts.py:1110 -- [32m--------------------[39m
2025-08-22 18:03:44,610	SUCC scripts.py:1111 -- [32mRay runtime started.[39m
2025-08-22 18:03:44,610	SUCC scripts.py:1112 -- [32m--------------------[39m
2025-08-22 18:03:44,610	INFO scripts.py:1114 -- To terminate the Ray runtime, run
2025-08-22 18:03:44,610	INFO scripts.py:1115 -- [1m  ray stop[22m
2025-08-22 18:03:44,610	INFO scripts.py:1123 -- [36m[1m--block[22m[39m
2025-08-22 18:03:44,610	INFO scripts.py:1124 -- This command will now block forever until terminated by a signal.
2025-08-22 18:03:44,610	INFO scripts.py:1127 -- Running subprocesses are monitored and a message will be printed if any of them terminate unexpectedly. Subprocesses exit with SIGTERM will be treated as graceful, thus NOT reported.
2025-08-22 18:03:43,379	INFO scripts.py:1094 -- [37mLocal node IP[39m: [1m129.114.17.141[22m
2025-08-22 18:03:44,641	SUCC scripts.py:1110 -- [32m--------------------[39m
2025-08-22 18:03:44,641	SUCC scripts.py:1111 -- [32mRay runtime started.[39m
2025-08-22 18:03:44,641	SUCC scripts.py:1112 -- [32m--------------------[39m
2025-08-22 18:03:44,641	INFO scripts.py:1114 -- To terminate the Ray runtime, run
2025-08-22 18:03:44,642	INFO scripts.py:1115 -- [1m  ray stop[22m
2025-08-22 18:03:44,642	INFO scripts.py:1123 -- [36m[1m--block[22m[39m
2025-08-22 18:03:44,642	INFO scripts.py:1124 -- This command will now block forever until terminated by a signal.
2025-08-22 18:03:44,642	INFO scripts.py:1127 -- Running subprocesses are monitored and a message will be printed if any of them terminate unexpectedly. Subprocesses exit with SIGTERM will be treated as graceful, thus NOT reported.
2025-08-22 18:03:43,400	INFO scripts.py:1094 -- [37mLocal node IP[39m: [1m129.114.17.149[22m
2025-08-22 18:03:44,668	SUCC scripts.py:1110 -- [32m--------------------[39m
2025-08-22 18:03:44,668	SUCC scripts.py:1111 -- [32mRay runtime started.[39m
2025-08-22 18:03:44,668	SUCC scripts.py:1112 -- [32m--------------------[39m
2025-08-22 18:03:44,668	INFO scripts.py:1114 -- To terminate the Ray runtime, run
2025-08-22 18:03:44,668	INFO scripts.py:1115 -- [1m  ray stop[22m
2025-08-22 18:03:44,668	INFO scripts.py:1123 -- [36m[1m--block[22m[39m
2025-08-22 18:03:44,668	INFO scripts.py:1124 -- This command will now block forever until terminated by a signal.
2025-08-22 18:03:44,668	INFO scripts.py:1127 -- Running subprocesses are monitored and a message will be printed if any of them terminate unexpectedly. Subprocesses exit with SIGTERM will be treated as graceful, thus NOT reported.
2025-08-22 18:03:43,397	INFO scripts.py:1094 -- [37mLocal node IP[39m: [1m129.114.17.137[22m
2025-08-22 18:03:44,674	SUCC scripts.py:1110 -- [32m--------------------[39m
2025-08-22 18:03:44,674	SUCC scripts.py:1111 -- [32mRay runtime started.[39m
2025-08-22 18:03:44,674	SUCC scripts.py:1112 -- [32m--------------------[39m
2025-08-22 18:03:44,674	INFO scripts.py:1114 -- To terminate the Ray runtime, run
2025-08-22 18:03:44,674	INFO scripts.py:1115 -- [1m  ray stop[22m
2025-08-22 18:03:44,674	INFO scripts.py:1123 -- [36m[1m--block[22m[39m
2025-08-22 18:03:44,675	INFO scripts.py:1124 -- This command will now block forever until terminated by a signal.
2025-08-22 18:03:44,675	INFO scripts.py:1127 -- Running subprocesses are monitored and a message will be printed if any of them terminate unexpectedly. Subprocesses exit with SIGTERM will be treated as graceful, thus NOT reported.
2025-08-22 18:03:43,450	INFO scripts.py:1094 -- [37mLocal node IP[39m: [1m129.114.17.146[22m
2025-08-22 18:03:44,794	SUCC scripts.py:1110 -- [32m--------------------[39m
2025-08-22 18:03:44,794	SUCC scripts.py:1111 -- [32mRay runtime started.[39m
2025-08-22 18:03:44,794	SUCC scripts.py:1112 -- [32m--------------------[39m
2025-08-22 18:03:44,794	INFO scripts.py:1114 -- To terminate the Ray runtime, run
2025-08-22 18:03:44,794	INFO scripts.py:1115 -- [1m  ray stop[22m
2025-08-22 18:03:44,794	INFO scripts.py:1123 -- [36m[1m--block[22m[39m
2025-08-22 18:03:44,794	INFO scripts.py:1124 -- This command will now block forever until terminated by a signal.
2025-08-22 18:03:44,794	INFO scripts.py:1127 -- Running subprocesses are monitored and a message will be printed if any of them terminate unexpectedly. Subprocesses exit with SIGTERM will be treated as graceful, thus NOT reported.
2025-08-22 18:03:43,508	INFO scripts.py:1094 -- [37mLocal node IP[39m: [1m129.114.17.143[22m
2025-08-22 18:03:44,809	SUCC scripts.py:1110 -- [32m--------------------[39m
2025-08-22 18:03:44,809	SUCC scripts.py:1111 -- [32mRay runtime started.[39m
2025-08-22 18:03:44,809	SUCC scripts.py:1112 -- [32m--------------------[39m
2025-08-22 18:03:44,809	INFO scripts.py:1114 -- To terminate the Ray runtime, run
2025-08-22 18:03:44,809	INFO scripts.py:1115 -- [1m  ray stop[22m
2025-08-22 18:03:44,809	INFO scripts.py:1123 -- [36m[1m--block[22m[39m
2025-08-22 18:03:44,809	INFO scripts.py:1124 -- This command will now block forever until terminated by a signal.
2025-08-22 18:03:44,809	INFO scripts.py:1127 -- Running subprocesses are monitored and a message will be printed if any of them terminate unexpectedly. Subprocesses exit with SIGTERM will be treated as graceful, thus NOT reported.
2025-08-22 18:03:43,521	INFO scripts.py:1094 -- [37mLocal node IP[39m: [1m129.114.17.151[22m
2025-08-22 18:03:44,810	SUCC scripts.py:1110 -- [32m--------------------[39m
2025-08-22 18:03:44,810	SUCC scripts.py:1111 -- [32mRay runtime started.[39m
2025-08-22 18:03:44,810	SUCC scripts.py:1112 -- [32m--------------------[39m
2025-08-22 18:03:44,810	INFO scripts.py:1114 -- To terminate the Ray runtime, run
2025-08-22 18:03:44,810	INFO scripts.py:1115 -- [1m  ray stop[22m
2025-08-22 18:03:44,810	INFO scripts.py:1123 -- [36m[1m--block[22m[39m
2025-08-22 18:03:44,810	INFO scripts.py:1124 -- This command will now block forever until terminated by a signal.
2025-08-22 18:03:44,810	INFO scripts.py:1127 -- Running subprocesses are monitored and a message will be printed if any of them terminate unexpectedly. Subprocesses exit with SIGTERM will be treated as graceful, thus NOT reported.
Checking Ray cluster status...
======== Autoscaler status: 2025-08-22 18:03:58.975306 ========
Node status
---------------------------------------------------------------
Active:
 1 node_635008ddbbc98ed703f21fce36196c73cd856884fa1f2fd349e684ba
 1 node_f2dbd2d8835f7510d1285f0ceaf39d371148173c43e428f97aa3afbe
 1 node_8efbd792f579623fe9094f34b0777c381469678e2769414b895f50b8
 1 node_e799ef7ae6501b5664a957cc1d1987b4c347edb1effbd47d7b40e391
 1 node_a07698e7d99a0771c5c03d6965442b7f14645486fcddbf2fb17edec4
 1 node_d797c3cbe7775a92f7aa947f4632b7033b0edd66e17312d6f949d3a9
 1 node_efc8d08c78af01a68409ce5462665b3abe1c8c9e98deadc39f2fbcb0
 1 node_eaaa8bce8e411e54e0f99f15786c1248d82ae48c40fa19fdebc7c091
 1 node_814ac19cc605c07cfb9d60e37f97041a7db8bd7d2e4c1d43076a2b03
 1 node_efe57c70e25aa541c92cc1c254f6d69e206b3d3c47ec94291451eaf2
 1 node_4a9a55b2c18b5a4a8bd7a2722d14a6c0ddc5d3cdc193245f3edbb644
 1 node_eca93cd85920939cf24f242c273b53e163e8096c3331cc49e7b98f8d
 1 node_8ac114e66128c80598a17bcb280b61f95ef2ceaf8f6fdd9e11224df0
 1 node_25ea41b6b07288c0f1cd2fda65118a06ed841893cdd4f6718f564a21
 1 node_c7b45030aee497670a7d14768aa892a71f246b72ca010a2514c3882e
 1 node_e15c7c5e2dc322e0c8c43ec53903168700dc786c098086be363b7f56
Pending:
 (no pending nodes)
Recent failures:
 (no failures)

Resources
---------------------------------------------------------------
Total Usage:
 0.0/1152.0 CPU
 0.0/16.0 GPU
 0B/2.34TiB memory
 0B/894.90GiB object_store_memory

Total Constraints:
 (no request_resources() constraints)
Total Demands:
 (no resource demands)
Submitting Ray job: /home1/10913/myang13/verl/eft/grpo/grpo_16k.sh from /home1/10913/myang13/verl
2025-08-22 18:04:07,568	INFO cli.py:41 -- [37mJob submission server address[39m: [1mhttp://129.114.17.136:8265[22m
2025-08-22 18:04:22,331	SUCC cli.py:65 -- [32m-------------------------------------------------------[39m
2025-08-22 18:04:22,331	SUCC cli.py:66 -- [32mJob 'raysubmit_pmjiJWRnpDGXqm1p' submitted successfully[39m
2025-08-22 18:04:22,331	SUCC cli.py:67 -- [32m-------------------------------------------------------[39m
2025-08-22 18:04:22,331	INFO cli.py:291 -- [36mNext steps[39m
2025-08-22 18:04:22,332	INFO cli.py:292 -- Query the logs of the job:
2025-08-22 18:04:22,332	INFO cli.py:294 -- [1mray job logs raysubmit_pmjiJWRnpDGXqm1p[22m
2025-08-22 18:04:22,332	INFO cli.py:296 -- Query the status of the job:
2025-08-22 18:04:22,332	INFO cli.py:298 -- [1mray job status raysubmit_pmjiJWRnpDGXqm1p[22m
2025-08-22 18:04:22,332	INFO cli.py:300 -- Request the job to be stopped:
2025-08-22 18:04:22,332	INFO cli.py:302 -- [1mray job stop raysubmit_pmjiJWRnpDGXqm1p[22m
Ray job submission command executed successfully (exit status 0).
Use 'ray job list' or the dashboard http://129.114.17.136:8265 to check job status.
Ray cluster is running.
Slurm job will remain active until Ray processes finish or time limit is reached.
