[2025-08-22 17:22:36,053 W 2766458 2766458] global_state_accessor.cc:435: Retrying to get node with node ID e9c040d3cd48d2079f13ce1bb8a2b9e6cda00c98b787d7f92f9d1eca
[2025-08-22 17:22:36,135 W 1574779 1574779] global_state_accessor.cc:435: Retrying to get node with node ID c0798fb8d845795f559a65adcbcc2746b412e135c3b6be67865b74fc
[2025-08-22 17:22:36,161 W 3198011 3198011] global_state_accessor.cc:435: Retrying to get node with node ID 111e6686d214375a38485d965b2f59478e121045c12bd4957d8e5268
[2025-08-22 17:22:36,181 W 3761072 3761072] global_state_accessor.cc:435: Retrying to get node with node ID a1324138e0d594464bc5a2f60cc7ce12114b353b1ef658f47c7b8554
[2025-08-22 17:22:36,197 W 3198593 3198593] global_state_accessor.cc:435: Retrying to get node with node ID 32448f3dcc1f532fe90add443ec4f7f701a88a7c5c60538a3ca41960
[2025-08-22 17:22:36,203 W 2581446 2581446] global_state_accessor.cc:435: Retrying to get node with node ID 05692205267cccaadfde8329aaef272b85d70d12662843a026209a43
[2025-08-22 17:22:36,253 W 1993557 1993557] global_state_accessor.cc:435: Retrying to get node with node ID 3b5f2433ebb80b29b2d9e1815e402dfd95da50644749824ef02892bd
[2025-08-22 17:22:36,256 W 3044410 3044410] global_state_accessor.cc:435: Retrying to get node with node ID 2683d1b8b7c70f0ae56477382736eb98e05809f36dac405f08440351
[2025-08-22 17:22:36,257 W 1556500 1556500] global_state_accessor.cc:435: Retrying to get node with node ID e55068000099e25f42c845555bd8e6c0eefc9509b0e23cef3d08046c
[2025-08-22 17:22:36,304 W 1655078 1655078] global_state_accessor.cc:435: Retrying to get node with node ID 57695b26465a34656458768dee36a3c6fede7c80705c6eaca24b038b
[2025-08-22 17:22:36,317 W 1769395 1769395] global_state_accessor.cc:435: Retrying to get node with node ID 9a67f1905911706f158c3b47f4cd851fb95add9f18eb9bbc2a73f9f6
[2025-08-22 17:22:36,332 W 3640158 3640158] global_state_accessor.cc:435: Retrying to get node with node ID ceb3f7b378a40f3bd46daae168faa2000e9cd783ca9721cd3d488036
[2025-08-22 17:22:36,424 W 1537885 1537885] global_state_accessor.cc:435: Retrying to get node with node ID 8756ae33b2418040cc8978c19b9782657acd41b23fc20a5d421dfc38
[2025-08-22 17:22:36,427 W 2327830 2327830] global_state_accessor.cc:435: Retrying to get node with node ID 3ab0667e64e2a1714886fd7bc6264ef1b31f17fb2317473f6ec95ef5
[2025-08-22 17:22:36,435 W 134053 134053] global_state_accessor.cc:435: Retrying to get node with node ID f3e60af331685b42bd576ac8b297a574aa937023ebf90fd668c52d57
2025-08-22 17:23:03,077	INFO dashboard_sdk.py:338 -- Uploading package gcs://_ray_pkg_36b9f9b11194f101.zip.
2025-08-22 17:23:03,077	INFO packaging.py:588 -- Creating a file package for local module '/home1/10913/myang13/verl'.
/var/spool/slurmd/job337745/slurm_script: line 88: [: -ne: unary operator expected
srun: Job step aborted: Waiting up to 32 seconds for job step to finish.
srun: Job step aborted: Waiting up to 32 seconds for job step to finish.
srun: Job step aborted: Waiting up to 32 seconds for job step to finish.
srun: Job step aborted: Waiting up to 32 seconds for job step to finish.
srun: Job step aborted: Waiting up to 32 seconds for job step to finish.
srun: Job step aborted: Waiting up to 32 seconds for job step to finish.
srun: Job step aborted: Waiting up to 32 seconds for job step to finish.
srun: Job step aborted: Waiting up to 32 seconds for job step to finish.
srun: Job step aborted: Waiting up to 32 seconds for job step to finish.
srun: Job step aborted: Waiting up to 32 seconds for job step to finish.
srun: Job step aborted: Waiting up to 32 seconds for job step to finish.
srun: Job step aborted: Waiting up to 32 seconds for job step to finish.
srun: Job step aborted: Waiting up to 32 seconds for job step to finish.
srun: Job step aborted: Waiting up to 32 seconds for job step to finish.
srun: Job step aborted: Waiting up to 32 seconds for job step to finish.
srun: Job step aborted: Waiting up to 32 seconds for job step to finish.
slurmstepd: error: *** STEP 337745.9 ON c613-092 CANCELLED AT 2025-08-22T17:24:10 ***
slurmstepd: error: *** STEP 337745.14 ON c613-121 CANCELLED AT 2025-08-22T17:24:10 ***
slurmstepd: error: *** STEP 337745.12 ON c613-102 CANCELLED AT 2025-08-22T17:24:10 ***
slurmstepd: error: *** STEP 337745.2 ON c613-091 CANCELLED AT 2025-08-22T17:24:10 ***
slurmstepd: error: *** STEP 337745.13 ON c613-112 CANCELLED AT 2025-08-22T17:24:10 ***
slurmstepd: error: *** STEP 337745.3 ON c613-141 CANCELLED AT 2025-08-22T17:24:10 ***
slurmstepd: error: *** STEP 337745.7 ON c613-122 CANCELLED AT 2025-08-22T17:24:10 ***
slurmstepd: error: *** STEP 337745.15 ON c613-152 CANCELLED AT 2025-08-22T17:24:10 ***
slurmstepd: error: *** STEP 337745.5 ON c613-151 CANCELLED AT 2025-08-22T17:24:10 ***
slurmstepd: error: *** STEP 337745.11 ON c613-131 CANCELLED AT 2025-08-22T17:24:10 ***
slurmstepd: error: *** STEP 337745.8 ON c613-101 CANCELLED AT 2025-08-22T17:24:10 ***
slurmstepd: error: *** STEP 337745.16 ON c613-142 CANCELLED AT 2025-08-22T17:24:10 ***
slurmstepd: error: *** STEP 337745.4 ON c613-132 CANCELLED AT 2025-08-22T17:24:10 ***
slurmstepd: error: *** STEP 337745.10 ON c619-001 CANCELLED AT 2025-08-22T17:24:10 ***
srun: got SIGCONT
srun: got SIGCONT
srun: got SIGCONT
srun: got SIGCONT
srun: got SIGCONT
srun: got SIGCONT
srun: got SIGCONT
srun: got SIGCONT
srun: got SIGCONT
srun: got SIGCONT
srun: got SIGCONT
srun: got SIGCONT
srun: got SIGCONT
srun: got SIGCONT
srun: got SIGCONT
srun: got SIGCONT
slurmstepd: error: *** STEP 337745.6 ON c613-111 CANCELLED AT 2025-08-22T17:24:10 ***
slurmstepd: error: *** JOB 337745 ON c613-082 CANCELLED AT 2025-08-22T17:24:10 ***
srun: forcing job termination
srun: forcing job termination
srun: forcing job termination
srun: forcing job termination
srun: forcing job termination
srun: forcing job termination
srun: forcing job termination
srun: forcing job termination
srun: forcing job termination
srun: forcing job termination
srun: forcing job termination
srun: forcing job termination
srun: forcing job termination
srun: forcing job termination
srun: forcing job termination
srun: forcing job termination
slurmstepd: error: *** STEP 337745.1 ON c613-082 CANCELLED AT 2025-08-22T17:24:10 ***
srun: error: c613-132: task 0: Exited with exit code 1
srun: error: c613-091: task 0: Exited with exit code 1
srun: error: c613-131: task 0: Exited with exit code 1
srun: error: c613-121: task 0: Exited with exit code 1
srun: error: c619-001: task 0: Exited with exit code 1
srun: error: c613-101: task 0: Exited with exit code 1
srun: error: c613-151: task 0: Exited with exit code 1
srun: error: c613-141: task 0: Exited with exit code 1
srun: error: c613-102: task 0: Exited with exit code 1
srun: error: c613-142: task 0: Exited with exit code 1
srun: error: c613-111: task 0: Exited with exit code 1
srun: error: c613-122: task 0: Exited with exit code 1
srun: error: c613-092: task 0: Exited with exit code 1
srun: error: c613-152: task 0: Exited with exit code 1
srun: error: c613-112: task 0: Exited with exit code 1
srun: error: c613-082: task 0: Exited with exit code 1
