[2025-08-22 17:27:50,518 W 2769936 2769936] global_state_accessor.cc:435: Retrying to get node with node ID a9ae766fd6d335cc9790c0884721c2d1f18b29882e06b06b241ade28
[2025-08-22 17:27:50,628 W 3764561 3764561] global_state_accessor.cc:435: Retrying to get node with node ID 502ad4943e97465c72ecd42962356e923d15bf8d8f271318f434c3c3
[2025-08-22 17:27:50,633 W 1578260 1578260] global_state_accessor.cc:435: Retrying to get node with node ID c9fa020b3928b5a50b4ac3117925d972adbfaaaf6f61732c8aac7aa6
[2025-08-22 17:27:50,644 W 2331313 2331313] global_state_accessor.cc:435: Retrying to get node with node ID af9ef9982960d8617ca7261257d9b2399104d7770c962089cd786eb4
[2025-08-22 17:27:50,645 W 1658562 1658562] global_state_accessor.cc:435: Retrying to get node with node ID c49ee407093c6629be097d9c5c041e4cf8050c0abc7ff4162cd6ae58
[2025-08-22 17:27:50,666 W 2584941 2584941] global_state_accessor.cc:435: Retrying to get node with node ID 998adbd586cc0c85325beeacf94ea8dc50057b5d9c711d9a7d95d7fc
[2025-08-22 17:27:50,693 W 1559992 1559992] global_state_accessor.cc:435: Retrying to get node with node ID 039c8b2a82c456654409f7bfdf34bc4e36893f3e0c5b1401eedeeb92
[2025-08-22 17:27:50,704 W 3201495 3201495] global_state_accessor.cc:435: Retrying to get node with node ID eaafe38eedbb6cecbcafe8f55286535c934e7b993596b1dc312117e1
[2025-08-22 17:27:50,715 W 3202172 3202172] global_state_accessor.cc:435: Retrying to get node with node ID d2ee99e0c591c0141fbf61aa11c8c8c58da33cf298e6f6f42bf4369e
[2025-08-22 17:27:50,718 W 1772879 1772879] global_state_accessor.cc:435: Retrying to get node with node ID 5a16f15c7c79552f661cb0f87c44f8cb34ac5ba465191f2574460202
[2025-08-22 17:27:50,793 W 3047885 3047885] global_state_accessor.cc:435: Retrying to get node with node ID 89ea1ca60f845f3cef45ea2fa0c8fabbb09d8627313ffdf8bf8f5c12
[2025-08-22 17:27:50,809 W 3643650 3643650] global_state_accessor.cc:435: Retrying to get node with node ID f39147db4132b454be4b1f64629ae8e2f794fad523fefcc3f3c0202d
[2025-08-22 17:27:50,906 W 1997044 1997044] global_state_accessor.cc:435: Retrying to get node with node ID 720bd9f4009b144693063d3a6d0e02546a39e108a4e54c5f39461f4d
[2025-08-22 17:27:50,908 W 1541380 1541380] global_state_accessor.cc:435: Retrying to get node with node ID 340733204fb88e305283998e3c5052feed7c737f068630714aae3340
[2025-08-22 17:27:50,911 W 137532 137532] global_state_accessor.cc:435: Retrying to get node with node ID bca41fec7f00fd751bd70e4d967090598bcb14c10dfcfc347505bae3
2025-08-22 17:28:17,136	INFO dashboard_sdk.py:338 -- Uploading package gcs://_ray_pkg_b7a4d86393c3ca9b.zip.
2025-08-22 17:28:17,136	INFO packaging.py:588 -- Creating a file package for local module '/home1/10913/myang13/verl'.
/var/spool/slurmd/job337749/slurm_script: line 88: [: -ne: unary operator expected
srun: Job step aborted: Waiting up to 32 seconds for job step to finish.
srun: Job step aborted: Waiting up to 32 seconds for job step to finish.
srun: Job step aborted: Waiting up to 32 seconds for job step to finish.
srun: Job step aborted: Waiting up to 32 seconds for job step to finish.
srun: Job step aborted: Waiting up to 32 seconds for job step to finish.
srun: Job step aborted: Waiting up to 32 seconds for job step to finish.
srun: Job step aborted: Waiting up to 32 seconds for job step to finish.
srun: Job step aborted: Waiting up to 32 seconds for job step to finish.
srun: Job step aborted: Waiting up to 32 seconds for job step to finish.
srun: Job step aborted: Waiting up to 32 seconds for job step to finish.
srun: Job step aborted: Waiting up to 32 seconds for job step to finish.
srun: Job step aborted: Waiting up to 32 seconds for job step to finish.
srun: Job step aborted: Waiting up to 32 seconds for job step to finish.
srun: Job step aborted: Waiting up to 32 seconds for job step to finish.
srun: Job step aborted: Waiting up to 32 seconds for job step to finish.
srun: Job step aborted: Waiting up to 32 seconds for job step to finish.
slurmstepd: error: *** STEP 337749.8 ON c613-112 CANCELLED AT 2025-08-22T17:44:39 ***
slurmstepd: error: *** STEP 337749.2 ON c613-101 CANCELLED AT 2025-08-22T17:44:39 ***
slurmstepd: error: *** STEP 337749.11 ON c613-111 CANCELLED AT 2025-08-22T17:44:39 ***
slurmstepd: error: *** STEP 337749.14 ON c613-121 CANCELLED AT 2025-08-22T17:44:39 ***
slurmstepd: error: *** STEP 337749.12 ON c613-102 CANCELLED AT 2025-08-22T17:44:39 ***
slurmstepd: error: *** STEP 337749.4 ON c613-091 CANCELLED AT 2025-08-22T17:44:39 ***
slurmstepd: error: *** STEP 337749.9 ON c613-142 CANCELLED AT 2025-08-22T17:44:39 ***
slurmstepd: error: *** STEP 337749.6 ON c613-152 CANCELLED AT 2025-08-22T17:44:39 ***
slurmstepd: error: *** STEP 337749.7 ON c613-141 CANCELLED AT 2025-08-22T17:44:39 ***
slurmstepd: error: *** STEP 337749.15 ON c613-151 CANCELLED AT 2025-08-22T17:44:39 ***
slurmstepd: error: *** STEP 337749.3 ON c613-092 CANCELLED AT 2025-08-22T17:44:39 ***
slurmstepd: error: *** STEP 337749.10 ON c613-132 CANCELLED AT 2025-08-22T17:44:39 ***
slurmstepd: error: *** STEP 337749.5 ON c613-122 CANCELLED AT 2025-08-22T17:44:39 ***
slurmstepd: error: *** STEP 337749.13 ON c619-001 CANCELLED AT 2025-08-22T17:44:39 ***
slurmstepd: error: *** STEP 337749.16 ON c613-131 CANCELLED AT 2025-08-22T17:44:39 ***
srun: got SIGCONT
srun: got SIGCONT
srun: got SIGCONT
srun: got SIGCONT
srun: got SIGCONT
srun: got SIGCONT
srun: got SIGCONT
srun: got SIGCONT
srun: got SIGCONT
srun: got SIGCONT
srun: got SIGCONT
srun: got SIGCONT
srun: got SIGCONT
srun: got SIGCONT
srun: got SIGCONT
srun: got SIGCONT
slurmstepd: error: *** JOB 337749 ON c613-082 CANCELLED AT 2025-08-22T17:44:39 ***
srun: forcing job termination
srun: forcing job termination
srun: forcing job termination
srun: forcing job termination
srun: forcing job termination
srun: forcing job termination
srun: forcing job termination
srun: forcing job termination
srun: forcing job termination
srun: forcing job termination
srun: forcing job termination
srun: forcing job termination
srun: forcing job termination
srun: forcing job termination
srun: forcing job termination
srun: forcing job termination
slurmstepd: error: *** STEP 337749.1 ON c613-082 CANCELLED AT 2025-08-22T17:44:39 ***
srun: error: c613-091: task 0: Exited with exit code 1
srun: error: c613-132: task 0: Exited with exit code 1
srun: error: c613-152: task 0: Exited with exit code 1
srun: error: c613-142: task 0: Exited with exit code 1
srun: error: c619-001: task 0: Exited with exit code 1
srun: error: c613-102: task 0: Exited with exit code 1
srun: error: c613-131: task 0: Exited with exit code 1
srun: error: c613-121: task 0: Exited with exit code 1
srun: error: c613-122: task 0: Exited with exit code 1
srun: error: c613-092: task 0: Exited with exit code 1
srun: error: c613-112: task 0: Exited with exit code 1
srun: error: c613-101: task 0: Exited with exit code 1
srun: error: c613-141: task 0: Exited with exit code 1
srun: error: c613-151: task 0: Exited with exit code 1
srun: error: c613-111: task 0: Exited with exit code 1
srun: error: c613-082: task 0: Exited with exit code 1
