[2025-08-22 16:50:53,249 W 3769210 3769210] global_state_accessor.cc:435: Retrying to get node with node ID 3dddd554f1b8a8f9669986191d757300d61a07e6e1562015407c73d8
[2025-08-22 16:50:53,250 W 1690147 1690147] global_state_accessor.cc:435: Retrying to get node with node ID 24e445e606baf23d2bde93dac57c3fa166451d5b70fdf962faaf7db9
[2025-08-22 16:50:53,252 W 1632026 1632026] global_state_accessor.cc:435: Retrying to get node with node ID ad60f5ea94f254d152940c6a554ed9b672a05ed7ae1188b8941d9013
[2025-08-22 16:50:53,253 W 1732305 1732305] global_state_accessor.cc:435: Retrying to get node with node ID 321ea0da3bec1f8c91f787a37d3d7b389176867625943d96b9b6cbed
[2025-08-22 16:50:53,262 W 2028168 2028168] global_state_accessor.cc:435: Retrying to get node with node ID 623ac1f0f7c0368435a80890c1aec6a3dfbddcc1f7a6dc9f447a3db6
[2025-08-22 16:50:53,262 W 1631195 1631195] global_state_accessor.cc:435: Retrying to get node with node ID 380ecee035840029a097efd60efd0ecc73895828e7988fbdb009808f
[2025-08-22 16:50:53,264 W 4164975 4164975] global_state_accessor.cc:435: Retrying to get node with node ID d83d85859e8b0b5cb74dd31f886105f9fbc0d709a4d43312e33178de
[2025-08-22 16:50:53,271 W 2236523 2236523] global_state_accessor.cc:435: Retrying to get node with node ID ad5e5be5f7b1bb6a8584e6f9851331d8d1ebd2de8218d50d50b918c5
[2025-08-22 16:50:53,276 W 1920383 1920383] global_state_accessor.cc:435: Retrying to get node with node ID a0a28e3bcc83b289406752e7f034a3182cca6ac06fb180ed5e8a715f
[2025-08-22 16:50:53,294 W 3523350 3523350] global_state_accessor.cc:435: Retrying to get node with node ID 5fd07612a10e84da43442498c4d0b7b34f5509b611295bfc8454d20f
[2025-08-22 16:50:53,352 W 3511536 3511536] global_state_accessor.cc:435: Retrying to get node with node ID eaaa4196b83ad7f978b94a67e5e71aa564763b96bc1f824ab8f495b5
[2025-08-22 16:50:53,365 W 3856557 3856557] global_state_accessor.cc:435: Retrying to get node with node ID 3232e7efdf8b10148551187618dfc3c0104398f4133aabd2e4a668ac
[2025-08-22 16:50:53,389 W 1259198 1259198] global_state_accessor.cc:435: Retrying to get node with node ID 31661f7f160552e14b5f14fb2e63c532c32517e62e984b8bdf9a30e8
[2025-08-22 16:50:53,459 W 164304 164304] global_state_accessor.cc:435: Retrying to get node with node ID a15c28d8c257b7e1c7dc076a1d2f28ee32f0202f3407ced33af129f0
[2025-08-22 16:50:53,460 W 463067 463067] global_state_accessor.cc:435: Retrying to get node with node ID 591471c1ac36b606eb3584459fbacd817903bfdb2a0ef4f67a22b189
2025-08-22 16:51:19,786	INFO dashboard_sdk.py:338 -- Uploading package gcs://_ray_pkg_95afafc186f59645.zip.
2025-08-22 16:51:19,786	INFO packaging.py:588 -- Creating a file package for local module '/home1/10913/myang13/verl'.
/var/spool/slurmd/job337719/slurm_script: line 88: [: -ne: unary operator expected
srun: Job step aborted: Waiting up to 32 seconds for job step to finish.
srun: Job step aborted: Waiting up to 32 seconds for job step to finish.
srun: Job step aborted: Waiting up to 32 seconds for job step to finish.
srun: Job step aborted: Waiting up to 32 seconds for job step to finish.
srun: Job step aborted: Waiting up to 32 seconds for job step to finish.
srun: Job step aborted: Waiting up to 32 seconds for job step to finish.
srun: Job step aborted: Waiting up to 32 seconds for job step to finish.
srun: Job step aborted: Waiting up to 32 seconds for job step to finish.
srun: Job step aborted: Waiting up to 32 seconds for job step to finish.
srun: Job step aborted: Waiting up to 32 seconds for job step to finish.
srun: Job step aborted: Waiting up to 32 seconds for job step to finish.
srun: Job step aborted: Waiting up to 32 seconds for job step to finish.
srun: Job step aborted: Waiting up to 32 seconds for job step to finish.
srun: Job step aborted: Waiting up to 32 seconds for job step to finish.
srun: Job step aborted: Waiting up to 32 seconds for job step to finish.
srun: Job step aborted: Waiting up to 32 seconds for job step to finish.
slurmstepd: error: *** STEP 337719.6 ON c610-062 CANCELLED AT 2025-08-22T16:53:12 ***
slurmstepd: error: *** STEP 337719.12 ON c610-081 CANCELLED AT 2025-08-22T16:53:12 ***
slurmstepd: error: *** STEP 337719.15 ON c610-001 CANCELLED AT 2025-08-22T16:53:12 ***
slurmstepd: error: *** STEP 337719.8 ON c610-021 CANCELLED AT 2025-08-22T16:53:12 ***
slurmstepd: error: *** STEP 337719.11 ON c610-011 CANCELLED AT 2025-08-22T16:53:12 ***
slurmstepd: error: *** STEP 337719.2 ON c610-002 CANCELLED AT 2025-08-22T16:53:12 ***
slurmstepd: error: *** STEP 337719.3 ON c638-002 CANCELLED AT 2025-08-22T16:53:12 ***
slurmstepd: error: *** STEP 337719.9 ON c638-011 CANCELLED AT 2025-08-22T16:53:12 ***
slurmstepd: error: *** STEP 337719.5 ON c610-071 CANCELLED AT 2025-08-22T16:53:12 ***
slurmstepd: error: *** STEP 337719.4 ON c610-012 CANCELLED AT 2025-08-22T16:53:12 ***
slurmstepd: error: *** STEP 337719.13 ON c638-021 CANCELLED AT 2025-08-22T16:53:12 ***
slurmstepd: error: *** STEP 337719.10 ON c638-031 CANCELLED AT 2025-08-22T16:53:12 ***
slurmstepd: error: *** STEP 337719.16 ON c610-072 CANCELLED AT 2025-08-22T16:53:12 ***
slurmstepd: error: *** STEP 337719.7 ON c638-022 CANCELLED AT 2025-08-22T16:53:12 ***
slurmstepd: error: *** STEP 337719.14 ON c638-012 CANCELLED AT 2025-08-22T16:53:12 ***
srun: got SIGCONT
srun: got SIGCONT
srun: got SIGCONT
srun: got SIGCONT
srun: got SIGCONT
srun: got SIGCONT
srun: got SIGCONT
srun: got SIGCONT
srun: got SIGCONT
srun: got SIGCONT
srun: got SIGCONT
srun: got SIGCONT
srun: got SIGCONT
srun: got SIGCONT
srun: got SIGCONT
srun: got SIGCONT
slurmstepd: error: *** JOB 337719 ON c609-152 CANCELLED AT 2025-08-22T16:53:12 ***
srun: forcing job termination
srun: forcing job termination
srun: forcing job termination
srun: forcing job termination
srun: forcing job termination
srun: forcing job termination
srun: forcing job termination
srun: forcing job termination
srun: forcing job termination
srun: forcing job termination
srun: forcing job termination
srun: forcing job termination
srun: forcing job termination
srun: forcing job termination
srun: forcing job termination
srun: forcing job termination
slurmstepd: error: *** STEP 337719.1 ON c609-152 CANCELLED AT 2025-08-22T16:53:12 ***
srun: error: c610-062: task 0: Exited with exit code 1
srun: error: c610-012: task 0: Exited with exit code 1
srun: error: c610-081: task 0: Exited with exit code 1
srun: error: c610-011: task 0: Exited with exit code 1
srun: error: c610-021: task 0: Exited with exit code 1
srun: error: c610-002: task 0: Exited with exit code 1
srun: error: c610-071: task 0: Exited with exit code 1
srun: error: c610-001: task 0: Exited with exit code 1
srun: error: c610-072: task 0: Exited with exit code 1
srun: error: c638-002: task 0: Exited with exit code 1
srun: error: c638-011: task 0: Exited with exit code 1
srun: error: c638-021: task 0: Exited with exit code 1
srun: error: c638-012: task 0: Exited with exit code 1
srun: error: c638-031: task 0: Exited with exit code 1
srun: error: c638-022: task 0: Exited with exit code 1
srun: error: c609-152: task 0: Exited with exit code 1
