Running on nodes: c621-[151-152],c622-[001-002,011-012,021-022,031-032,041-042,051-052,061-062]
Job ID: 337702
--------------------
Head Node: c621-151
Head Node IP: 129.114.18.30
Worker Nodes: c621-152 c622-001 c622-002 c622-011 c622-012 c622-021 c622-022 c622-031 c622-032 c622-041 c622-042 c622-051 c622-052 c622-061 c622-062
--------------------
Starting Ray head node on c621-151...
Ray head node PID: 1140433
Starting Ray worker nodes...
Starting worker on c621-152
Starting worker on c622-001
Starting worker on c622-002
Starting worker on c622-011
Starting worker on c622-012
Starting worker on c622-021
Starting worker on c622-022
Starting worker on c622-031
Starting worker on c622-032
Starting worker on c622-041
Starting worker on c622-042
Starting worker on c622-051
Starting worker on c622-052
Starting worker on c622-061
Starting worker on c622-062
Ray worker PIDs: 1140459 1140460 1140461 1140462 1140463 1140464 1140465 1140466 1140467 1140468 1140469 1140470 1140471 1140472 1140473
Waiting for cluster to form completely...
2025-08-22 16:11:02,898	INFO scripts.py:1094 -- [37mLocal node IP[39m: [1m129.114.18.35[22m
2025-08-22 16:11:05,529	SUCC scripts.py:1110 -- [32m--------------------[39m
2025-08-22 16:11:05,529	SUCC scripts.py:1111 -- [32mRay runtime started.[39m
2025-08-22 16:11:05,529	SUCC scripts.py:1112 -- [32m--------------------[39m
2025-08-22 16:11:05,529	INFO scripts.py:1114 -- To terminate the Ray runtime, run
2025-08-22 16:11:05,529	INFO scripts.py:1115 -- [1m  ray stop[22m
2025-08-22 16:11:02,898	INFO scripts.py:1094 -- [37mLocal node IP[39m: [1m129.114.18.39[22m
2025-08-22 16:11:05,531	SUCC scripts.py:1110 -- [32m--------------------[39m
2025-08-22 16:11:05,531	SUCC scripts.py:1111 -- [32mRay runtime started.[39m
2025-08-22 16:11:05,531	SUCC scripts.py:1112 -- [32m--------------------[39m
2025-08-22 16:11:05,531	INFO scripts.py:1114 -- To terminate the Ray runtime, run
2025-08-22 16:11:05,531	INFO scripts.py:1115 -- [1m  ray stop[22m
2025-08-22 16:11:02,897	INFO scripts.py:1094 -- [37mLocal node IP[39m: [1m129.114.18.31[22m
2025-08-22 16:11:05,532	SUCC scripts.py:1110 -- [32m--------------------[39m
2025-08-22 16:11:05,532	SUCC scripts.py:1111 -- [32mRay runtime started.[39m
2025-08-22 16:11:05,532	SUCC scripts.py:1112 -- [32m--------------------[39m
2025-08-22 16:11:05,532	INFO scripts.py:1114 -- To terminate the Ray runtime, run
2025-08-22 16:11:05,532	INFO scripts.py:1115 -- [1m  ray stop[22m
2025-08-22 16:11:02,898	INFO scripts.py:1094 -- [37mLocal node IP[39m: [1m129.114.18.32[22m
2025-08-22 16:11:05,535	SUCC scripts.py:1110 -- [32m--------------------[39m
2025-08-22 16:11:05,535	SUCC scripts.py:1111 -- [32mRay runtime started.[39m
2025-08-22 16:11:05,535	SUCC scripts.py:1112 -- [32m--------------------[39m
2025-08-22 16:11:05,535	INFO scripts.py:1114 -- To terminate the Ray runtime, run
2025-08-22 16:11:05,535	INFO scripts.py:1115 -- [1m  ray stop[22m
2025-08-22 16:11:02,898	INFO scripts.py:1094 -- [37mLocal node IP[39m: [1m129.114.18.37[22m
2025-08-22 16:11:05,542	SUCC scripts.py:1110 -- [32m--------------------[39m
2025-08-22 16:11:05,542	SUCC scripts.py:1111 -- [32mRay runtime started.[39m
2025-08-22 16:11:05,542	SUCC scripts.py:1112 -- [32m--------------------[39m
2025-08-22 16:11:05,542	INFO scripts.py:1114 -- To terminate the Ray runtime, run
2025-08-22 16:11:05,542	INFO scripts.py:1115 -- [1m  ray stop[22m
2025-08-22 16:11:05,532	INFO scripts.py:1123 -- [36m[1m--block[22m[39m
2025-08-22 16:11:05,532	INFO scripts.py:1124 -- This command will now block forever until terminated by a signal.
2025-08-22 16:11:05,536	INFO scripts.py:1123 -- [36m[1m--block[22m[39m
2025-08-22 16:11:05,532	INFO scripts.py:1127 -- Running subprocesses are monitored and a message will be printed if any of them terminate unexpectedly. Subprocesses exit with SIGTERM will be treated as graceful, thus NOT reported.
2025-08-22 16:11:05,531	INFO scripts.py:1123 -- [36m[1m--block[22m[39m
2025-08-22 16:11:05,536	INFO scripts.py:1124 -- This command will now block forever until terminated by a signal.
2025-08-22 16:11:05,530	INFO scripts.py:1123 -- [36m[1m--block[22m[39m
2025-08-22 16:11:05,531	INFO scripts.py:1124 -- This command will now block forever until terminated by a signal.
2025-08-22 16:11:05,536	INFO scripts.py:1127 -- Running subprocesses are monitored and a message will be printed if any of them terminate unexpectedly. Subprocesses exit with SIGTERM will be treated as graceful, thus NOT reported.
2025-08-22 16:11:05,530	INFO scripts.py:1124 -- This command will now block forever until terminated by a signal.
2025-08-22 16:11:05,531	INFO scripts.py:1127 -- Running subprocesses are monitored and a message will be printed if any of them terminate unexpectedly. Subprocesses exit with SIGTERM will be treated as graceful, thus NOT reported.
2025-08-22 16:11:05,530	INFO scripts.py:1127 -- Running subprocesses are monitored and a message will be printed if any of them terminate unexpectedly. Subprocesses exit with SIGTERM will be treated as graceful, thus NOT reported.
2025-08-22 16:11:05,542	INFO scripts.py:1123 -- [36m[1m--block[22m[39m
2025-08-22 16:11:05,542	INFO scripts.py:1124 -- This command will now block forever until terminated by a signal.
2025-08-22 16:11:05,542	INFO scripts.py:1127 -- Running subprocesses are monitored and a message will be printed if any of them terminate unexpectedly. Subprocesses exit with SIGTERM will be treated as graceful, thus NOT reported.
2025-08-22 16:11:02,899	INFO scripts.py:1094 -- [37mLocal node IP[39m: [1m129.114.18.43[22m
2025-08-22 16:11:06,445	SUCC scripts.py:1110 -- [32m--------------------[39m
2025-08-22 16:11:06,446	SUCC scripts.py:1111 -- [32mRay runtime started.[39m
2025-08-22 16:11:06,446	SUCC scripts.py:1112 -- [32m--------------------[39m
2025-08-22 16:11:06,446	INFO scripts.py:1114 -- To terminate the Ray runtime, run
2025-08-22 16:11:06,446	INFO scripts.py:1115 -- [1m  ray stop[22m
2025-08-22 16:11:06,446	INFO scripts.py:1123 -- [36m[1m--block[22m[39m
2025-08-22 16:11:06,446	INFO scripts.py:1124 -- This command will now block forever until terminated by a signal.
2025-08-22 16:11:06,446	INFO scripts.py:1127 -- Running subprocesses are monitored and a message will be printed if any of them terminate unexpectedly. Subprocesses exit with SIGTERM will be treated as graceful, thus NOT reported.
2025-08-22 16:11:02,898	INFO scripts.py:1094 -- [37mLocal node IP[39m: [1m129.114.18.38[22m
2025-08-22 16:11:06,448	SUCC scripts.py:1110 -- [32m--------------------[39m
2025-08-22 16:11:06,448	SUCC scripts.py:1111 -- [32mRay runtime started.[39m
2025-08-22 16:11:06,448	SUCC scripts.py:1112 -- [32m--------------------[39m
2025-08-22 16:11:06,448	INFO scripts.py:1114 -- To terminate the Ray runtime, run
2025-08-22 16:11:06,448	INFO scripts.py:1115 -- [1m  ray stop[22m
2025-08-22 16:11:06,449	INFO scripts.py:1123 -- [36m[1m--block[22m[39m
2025-08-22 16:11:06,449	INFO scripts.py:1124 -- This command will now block forever until terminated by a signal.
2025-08-22 16:11:06,449	INFO scripts.py:1127 -- Running subprocesses are monitored and a message will be printed if any of them terminate unexpectedly. Subprocesses exit with SIGTERM will be treated as graceful, thus NOT reported.
2025-08-22 16:11:02,898	INFO scripts.py:1094 -- [37mLocal node IP[39m: [1m129.114.18.33[22m
2025-08-22 16:11:06,450	SUCC scripts.py:1110 -- [32m--------------------[39m
2025-08-22 16:11:06,450	SUCC scripts.py:1111 -- [32mRay runtime started.[39m
2025-08-22 16:11:06,450	SUCC scripts.py:1112 -- [32m--------------------[39m
2025-08-22 16:11:06,450	INFO scripts.py:1114 -- To terminate the Ray runtime, run
2025-08-22 16:11:06,450	INFO scripts.py:1115 -- [1m  ray stop[22m
2025-08-22 16:11:06,450	INFO scripts.py:1123 -- [36m[1m--block[22m[39m
2025-08-22 16:11:06,450	INFO scripts.py:1124 -- This command will now block forever until terminated by a signal.
2025-08-22 16:11:06,450	INFO scripts.py:1127 -- Running subprocesses are monitored and a message will be printed if any of them terminate unexpectedly. Subprocesses exit with SIGTERM will be treated as graceful, thus NOT reported.
2025-08-22 16:11:02,899	INFO scripts.py:1094 -- [37mLocal node IP[39m: [1m129.114.18.41[22m
2025-08-22 16:11:06,452	SUCC scripts.py:1110 -- [32m--------------------[39m
2025-08-22 16:11:06,452	SUCC scripts.py:1111 -- [32mRay runtime started.[39m
2025-08-22 16:11:06,452	SUCC scripts.py:1112 -- [32m--------------------[39m
2025-08-22 16:11:06,452	INFO scripts.py:1114 -- To terminate the Ray runtime, run
2025-08-22 16:11:06,452	INFO scripts.py:1115 -- [1m  ray stop[22m
2025-08-22 16:11:06,452	INFO scripts.py:1123 -- [36m[1m--block[22m[39m
2025-08-22 16:11:06,452	INFO scripts.py:1124 -- This command will now block forever until terminated by a signal.
2025-08-22 16:11:06,452	INFO scripts.py:1127 -- Running subprocesses are monitored and a message will be printed if any of them terminate unexpectedly. Subprocesses exit with SIGTERM will be treated as graceful, thus NOT reported.
2025-08-22 16:11:02,897	INFO scripts.py:1094 -- [37mLocal node IP[39m: [1m129.114.18.45[22m
2025-08-22 16:11:06,453	SUCC scripts.py:1110 -- [32m--------------------[39m
2025-08-22 16:11:06,453	SUCC scripts.py:1111 -- [32mRay runtime started.[39m
2025-08-22 16:11:06,453	SUCC scripts.py:1112 -- [32m--------------------[39m
2025-08-22 16:11:06,453	INFO scripts.py:1114 -- To terminate the Ray runtime, run
2025-08-22 16:11:06,453	INFO scripts.py:1115 -- [1m  ray stop[22m
2025-08-22 16:11:06,453	INFO scripts.py:1123 -- [36m[1m--block[22m[39m
2025-08-22 16:11:06,454	INFO scripts.py:1124 -- This command will now block forever until terminated by a signal.
2025-08-22 16:11:06,454	INFO scripts.py:1127 -- Running subprocesses are monitored and a message will be printed if any of them terminate unexpectedly. Subprocesses exit with SIGTERM will be treated as graceful, thus NOT reported.
2025-08-22 16:11:02,899	INFO scripts.py:1094 -- [37mLocal node IP[39m: [1m129.114.18.44[22m
2025-08-22 16:11:06,456	SUCC scripts.py:1110 -- [32m--------------------[39m
2025-08-22 16:11:06,457	SUCC scripts.py:1111 -- [32mRay runtime started.[39m
2025-08-22 16:11:06,457	SUCC scripts.py:1112 -- [32m--------------------[39m
2025-08-22 16:11:06,457	INFO scripts.py:1114 -- To terminate the Ray runtime, run
2025-08-22 16:11:06,457	INFO scripts.py:1115 -- [1m  ray stop[22m
2025-08-22 16:11:06,457	INFO scripts.py:1123 -- [36m[1m--block[22m[39m
2025-08-22 16:11:06,457	INFO scripts.py:1124 -- This command will now block forever until terminated by a signal.
2025-08-22 16:11:06,457	INFO scripts.py:1127 -- Running subprocesses are monitored and a message will be printed if any of them terminate unexpectedly. Subprocesses exit with SIGTERM will be treated as graceful, thus NOT reported.
2025-08-22 16:11:02,899	INFO scripts.py:1094 -- [37mLocal node IP[39m: [1m129.114.18.34[22m
2025-08-22 16:11:06,458	SUCC scripts.py:1110 -- [32m--------------------[39m
2025-08-22 16:11:06,458	SUCC scripts.py:1111 -- [32mRay runtime started.[39m
2025-08-22 16:11:06,458	SUCC scripts.py:1112 -- [32m--------------------[39m
2025-08-22 16:11:06,458	INFO scripts.py:1114 -- To terminate the Ray runtime, run
2025-08-22 16:11:06,458	INFO scripts.py:1115 -- [1m  ray stop[22m
2025-08-22 16:11:06,458	INFO scripts.py:1123 -- [36m[1m--block[22m[39m
2025-08-22 16:11:06,458	INFO scripts.py:1124 -- This command will now block forever until terminated by a signal.
2025-08-22 16:11:06,458	INFO scripts.py:1127 -- Running subprocesses are monitored and a message will be printed if any of them terminate unexpectedly. Subprocesses exit with SIGTERM will be treated as graceful, thus NOT reported.
2025-08-22 16:11:02,899	INFO scripts.py:1094 -- [37mLocal node IP[39m: [1m129.114.18.40[22m
2025-08-22 16:11:06,460	SUCC scripts.py:1110 -- [32m--------------------[39m
2025-08-22 16:11:06,460	SUCC scripts.py:1111 -- [32mRay runtime started.[39m
2025-08-22 16:11:06,460	SUCC scripts.py:1112 -- [32m--------------------[39m
2025-08-22 16:11:06,460	INFO scripts.py:1114 -- To terminate the Ray runtime, run
2025-08-22 16:11:06,460	INFO scripts.py:1115 -- [1m  ray stop[22m
2025-08-22 16:11:06,460	INFO scripts.py:1123 -- [36m[1m--block[22m[39m
2025-08-22 16:11:06,460	INFO scripts.py:1124 -- This command will now block forever until terminated by a signal.
2025-08-22 16:11:06,460	INFO scripts.py:1127 -- Running subprocesses are monitored and a message will be printed if any of them terminate unexpectedly. Subprocesses exit with SIGTERM will be treated as graceful, thus NOT reported.
2025-08-22 16:11:02,898	INFO scripts.py:1094 -- [37mLocal node IP[39m: [1m129.114.18.36[22m
2025-08-22 16:11:06,470	SUCC scripts.py:1110 -- [32m--------------------[39m
2025-08-22 16:11:06,470	SUCC scripts.py:1111 -- [32mRay runtime started.[39m
2025-08-22 16:11:06,470	SUCC scripts.py:1112 -- [32m--------------------[39m
2025-08-22 16:11:06,470	INFO scripts.py:1114 -- To terminate the Ray runtime, run
2025-08-22 16:11:06,470	INFO scripts.py:1115 -- [1m  ray stop[22m
2025-08-22 16:11:06,470	INFO scripts.py:1123 -- [36m[1m--block[22m[39m
2025-08-22 16:11:06,470	INFO scripts.py:1124 -- This command will now block forever until terminated by a signal.
2025-08-22 16:11:06,470	INFO scripts.py:1127 -- Running subprocesses are monitored and a message will be printed if any of them terminate unexpectedly. Subprocesses exit with SIGTERM will be treated as graceful, thus NOT reported.
2025-08-22 16:11:02,899	INFO scripts.py:1094 -- [37mLocal node IP[39m: [1m129.114.18.42[22m
2025-08-22 16:11:06,472	SUCC scripts.py:1110 -- [32m--------------------[39m
2025-08-22 16:11:06,472	SUCC scripts.py:1111 -- [32mRay runtime started.[39m
2025-08-22 16:11:06,472	SUCC scripts.py:1112 -- [32m--------------------[39m
2025-08-22 16:11:06,472	INFO scripts.py:1114 -- To terminate the Ray runtime, run
2025-08-22 16:11:06,472	INFO scripts.py:1115 -- [1m  ray stop[22m
2025-08-22 16:11:06,472	INFO scripts.py:1123 -- [36m[1m--block[22m[39m
2025-08-22 16:11:06,472	INFO scripts.py:1124 -- This command will now block forever until terminated by a signal.
2025-08-22 16:11:06,472	INFO scripts.py:1127 -- Running subprocesses are monitored and a message will be printed if any of them terminate unexpectedly. Subprocesses exit with SIGTERM will be treated as graceful, thus NOT reported.
2025-08-22 16:11:02,898	INFO usage_lib.py:467 -- Usage stats collection is enabled by default without user confirmation because this terminal is detected to be non-interactive. To disable this, add `--disable-usage-stats` to the command that starts the cluster, or run the following command: `ray disable-usage-stats` before starting the cluster. See https://docs.ray.io/en/master/cluster/usage-stats.html for more details.
2025-08-22 16:11:02,898	INFO scripts.py:913 -- [37mLocal node IP[39m: [1m129.114.18.30[22m
2025-08-22 16:11:09,242	SUCC scripts.py:949 -- [32m--------------------[39m
2025-08-22 16:11:09,242	SUCC scripts.py:950 -- [32mRay runtime started.[39m
2025-08-22 16:11:09,242	SUCC scripts.py:951 -- [32m--------------------[39m
2025-08-22 16:11:09,242	INFO scripts.py:953 -- [36mNext steps[39m
2025-08-22 16:11:09,242	INFO scripts.py:956 -- To add another node to this Ray cluster, run
2025-08-22 16:11:09,242	INFO scripts.py:959 -- [1m  ray start --address='129.114.18.30:6379'[22m
2025-08-22 16:11:09,242	INFO scripts.py:968 -- To connect to this Ray cluster:
2025-08-22 16:11:09,242	INFO scripts.py:970 -- [35mimport[39m[26m ray
2025-08-22 16:11:09,242	INFO scripts.py:971 -- ray[35m.[39m[26minit(_node_ip_address[35m=[39m[26m[33m'129.114.18.30'[39m[26m)
2025-08-22 16:11:09,242	INFO scripts.py:983 -- To submit a Ray job using the Ray Jobs CLI:
2025-08-22 16:11:09,242	INFO scripts.py:984 -- [1m  RAY_ADDRESS='http://129.114.18.30:8265' ray job submit --working-dir . -- python my_script.py[22m
2025-08-22 16:11:09,242	INFO scripts.py:993 -- See https://docs.ray.io/en/latest/cluster/running-applications/job-submission/index.html 
2025-08-22 16:11:09,242	INFO scripts.py:997 -- for more information on submitting Ray jobs to the Ray cluster.
2025-08-22 16:11:09,243	INFO scripts.py:1002 -- To terminate the Ray runtime, run
2025-08-22 16:11:09,243	INFO scripts.py:1003 -- [1m  ray stop[22m
2025-08-22 16:11:09,243	INFO scripts.py:1006 -- To view the status of the cluster, use
2025-08-22 16:11:09,243	INFO scripts.py:1007 --   [1mray status[22m[26m
2025-08-22 16:11:09,243	INFO scripts.py:1011 -- To monitor and debug Ray, view the dashboard at 
2025-08-22 16:11:09,243	INFO scripts.py:1012 --   [1m129.114.18.30:8265[22m[26m
2025-08-22 16:11:09,243	INFO scripts.py:1019 -- [4mIf connection to the dashboard fails, check your firewall settings and network configuration.[24m
2025-08-22 16:11:09,243	INFO scripts.py:1123 -- [36m[1m--block[22m[39m
2025-08-22 16:11:09,243	INFO scripts.py:1124 -- This command will now block forever until terminated by a signal.
2025-08-22 16:11:09,243	INFO scripts.py:1127 -- Running subprocesses are monitored and a message will be printed if any of them terminate unexpectedly. Subprocesses exit with SIGTERM will be treated as graceful, thus NOT reported.
Checking Ray cluster status...
======== Autoscaler status: 2025-08-22 16:11:13.899406 ========
Node status
---------------------------------------------------------------
Active:
 1 node_069a04541e2f52451ba9f8d05bf05426ab702caaee1e79787f4bfa2d
 1 node_5cb5e4ad95dc21767ba96a6e498e27a8fd3276994362f64e71dfaddc
 1 node_5476809c1b21dd931d1c8ecccec01c9bf85266d56c9c42d38737c35e
 1 node_a608c17e410d48fc738161f9c3f87084a3aa62252500672a04440209
 1 node_b42c7378154cbac20fa86b19e4749925f191ee79a882f32d33d90e66
 1 node_9e5bc90bf8619599cfd60b30fc1499f1abeabf403889c6a120500b38
 1 node_3262426cb93cca416313f880c3aa811e09b36f42a1dc4357406ad182
 1 node_c4279a3d889b1f1835014762adcab66ab2299600ec5542f8b89782b3
 1 node_b343443c5d5953b10ba563f0640d878cd73f4bc4763136b27087e87c
 1 node_56a94786665108614b254f8cd5da56d317fb0ee62a962132b1e7f1f4
 1 node_f94c3b009f8a34d5d54f9db1c4ccfa73a6965a064e088eab3e2e1375
 1 node_728c7dba557f3e16f9bd569c79b87e1f93815767efa9e602b7a6a529
 1 node_0d7c96488a79b74e90711adddaf35da2184b321c40850fbcc3bbe792
 1 node_6d87f2712a0f06c612374527902edc1adc47da0c525294e6b02c8065
 1 node_087c37a5ede4e8f4937eb4cfe9665a1ff5e581c76b65a1db067edb89
 1 node_c5c7a4624d20df3666d73bc31943d34ba10afa8cadcc68bc3bc94ff4
Pending:
 (no pending nodes)
Recent failures:
 (no failures)

Resources
---------------------------------------------------------------
Total Usage:
 0.0/1152.0 CPU
 0.0/16.0 GPU
 0B/2.34TiB memory
 0B/894.90GiB object_store_memory

Total Constraints:
 (no request_resources() constraints)
Total Demands:
 (no resource demands)
Submitting Ray job: /home1/10913/myang13/verl/eft/grpo/grpo_16k.sh from /home1/10913/myang13/verl
2025-08-22 16:11:20,466	INFO cli.py:41 -- [37mJob submission server address[39m: [1mhttp://129.114.18.30:8265[22m
2025-08-22 16:11:24,567	SUCC cli.py:65 -- [32m-------------------------------------------------------[39m
2025-08-22 16:11:24,567	SUCC cli.py:66 -- [32mJob 'raysubmit_zbVHVucmq89h8GhH' submitted successfully[39m
2025-08-22 16:11:24,567	SUCC cli.py:67 -- [32m-------------------------------------------------------[39m
2025-08-22 16:11:24,567	INFO cli.py:291 -- [36mNext steps[39m
2025-08-22 16:11:24,567	INFO cli.py:292 -- Query the logs of the job:
2025-08-22 16:11:24,567	INFO cli.py:294 -- [1mray job logs raysubmit_zbVHVucmq89h8GhH[22m
2025-08-22 16:11:24,567	INFO cli.py:296 -- Query the status of the job:
2025-08-22 16:11:24,567	INFO cli.py:298 -- [1mray job status raysubmit_zbVHVucmq89h8GhH[22m
2025-08-22 16:11:24,567	INFO cli.py:300 -- Request the job to be stopped:
2025-08-22 16:11:24,567	INFO cli.py:302 -- [1mray job stop raysubmit_zbVHVucmq89h8GhH[22m
Ray job submission command executed successfully (exit status 0).
Use 'ray job list' or the dashboard http://129.114.18.30:8265 to check job status.
Ray cluster is running.
Slurm job will remain active until Ray processes finish or time limit is reached.
